<?xml version="1.0" encoding="utf-8"?><testsuites name="pytest tests"><testsuite name="pytest" errors="0" failures="0" skipped="0" tests="12" time="5.382" timestamp="2026-03-01T01:34:08.156334+00:00" hostname="agent-env-795d7a91-6ce5-450f-81f0-fb10b96850d3"><testcase classname="tests.test_activity_feed.TestActivityFeed" name="test_activity_feed_returns_200" time="0.607" /><testcase classname="tests.test_activity_feed.TestActivityFeed" name="test_activity_feed_returns_array" time="0.515" /><testcase classname="tests.test_activity_feed.TestActivityFeed" name="test_activity_feed_event_structure" time="0.479" /><testcase classname="tests.test_activity_feed.TestActivityFeed" name="test_activity_feed_event_types" time="0.442" /><testcase classname="tests.test_activity_feed.TestActivityFeed" name="test_activity_feed_sorted_by_timestamp" time="0.442" /><testcase classname="tests.test_activity_feed.TestActivityFeed" name="test_activity_feed_limit_parameter" time="0.557" /><testcase classname="tests.test_activity_feed.TestActivityFeed" name="test_activity_feed_default_limit" time="0.456" /><testcase classname="tests.test_activity_feed.TestActivityFeedAuth" name="test_activity_feed_requires_auth" time="0.126" /><testcase classname="tests.test_activity_feed.TestActivityFeedAuth" name="test_activity_feed_requires_admin" time="0.120" /><testcase classname="tests.test_activity_feed.TestActivityFeedDataPresence" name="test_activity_feed_has_signup_events" time="0.498" /><testcase classname="tests.test_activity_feed.TestActivityFeedDataPresence" name="test_activity_feed_has_chat_events" time="0.533" /><testcase classname="tests.test_activity_feed.TestActivityFeedDataPresence" name="test_activity_feed_has_payment_events" time="0.511" /></testsuite></testsuites>