<?xml version="1.0" encoding="utf-8"?><testsuites name="pytest tests"><testsuite name="pytest" errors="0" failures="0" skipped="0" tests="11" time="4.755" timestamp="2026-02-26T18:19:37.498580+00:00" hostname="agent-env-782c44ac-dcc1-480e-b458-d6b33905199e"><testcase classname="backend.tests.test_admin_pricing_and_commander.TestAdminAuth" name="test_admin_login_success" time="0.459" /><testcase classname="backend.tests.test_admin_pricing_and_commander.TestAdminAvgCostEndpoint" name="test_avg_cost_returns_real_usage" time="0.486" /><testcase classname="backend.tests.test_admin_pricing_and_commander.TestAdminAvgCostEndpoint" name="test_avg_cost_requires_admin" time="0.171" /><testcase classname="backend.tests.test_admin_pricing_and_commander.TestAdminAvgCostEndpoint" name="test_avg_cost_returns_non_default_value" time="0.474" /><testcase classname="backend.tests.test_admin_pricing_and_commander.TestPricingCalculator" name="test_calculate_pricing_with_real_cost" time="0.609" /><testcase classname="backend.tests.test_admin_pricing_and_commander.TestPricingCalculator" name="test_get_pricing_config" time="0.539" /><testcase classname="backend.tests.test_admin_pricing_and_commander.TestCommanderDelegation" name="test_commander_exists_in_agents" time="0.137" /><testcase classname="backend.tests.test_admin_pricing_and_commander.TestChatPage" name="test_get_agents_authenticated" time="0.490" /><testcase classname="backend.tests.test_admin_pricing_and_commander.TestChatPage" name="test_create_chat_with_agent" time="0.545" /><testcase classname="backend.tests.test_admin_pricing_and_commander.TestLandingPage" name="test_public_agents_endpoint" time="0.124" /><testcase classname="backend.tests.test_admin_pricing_and_commander.TestAdminStats" name="test_get_admin_stats" time="0.526" /></testsuite></testsuites>