<?xml version="1.0" encoding="utf-8"?><testsuites name="pytest tests"><testsuite name="pytest" errors="0" failures="0" skipped="0" tests="15" time="7.253" timestamp="2026-02-26T02:41:34.821899+00:00" hostname="agent-env-f48d8aa8-6c1e-47c1-ad72-4f3a6b0e95cf"><testcase classname="backend.tests.test_admin_endpoints.TestAdminAuthentication" name="test_admin_login_returns_is_admin_true" time="0.481" /><testcase classname="backend.tests.test_admin_endpoints.TestAdminAuthentication" name="test_regular_user_login_returns_is_admin_false" time="0.346" /><testcase classname="backend.tests.test_admin_endpoints.TestAdminAuthentication" name="test_auth_me_returns_is_admin_for_admin_user" time="0.457" /><testcase classname="backend.tests.test_admin_endpoints.TestAdminAuthentication" name="test_auth_me_returns_is_admin_false_for_regular_user" time="0.478" /><testcase classname="backend.tests.test_admin_endpoints.TestAdminEndpointAccess" name="test_admin_stats_returns_403_for_non_admin" time="0.443" /><testcase classname="backend.tests.test_admin_endpoints.TestAdminEndpointAccess" name="test_admin_users_returns_403_for_non_admin" time="0.522" /><testcase classname="backend.tests.test_admin_endpoints.TestAdminEndpointAccess" name="test_admin_agents_returns_403_for_non_admin" time="0.446" /><testcase classname="backend.tests.test_admin_endpoints.TestAdminEndpointAccess" name="test_admin_transactions_returns_403_for_non_admin" time="0.483" /><testcase classname="backend.tests.test_admin_endpoints.TestAdminEndpointAccess" name="test_admin_stats_returns_401_without_auth" time="0.114" /><testcase classname="backend.tests.test_admin_endpoints.TestAdminStats" name="test_admin_stats_returns_all_fields" time="0.472" /><testcase classname="backend.tests.test_admin_endpoints.TestAdminUsers" name="test_admin_users_returns_all_users" time="0.464" /><testcase classname="backend.tests.test_admin_endpoints.TestAdminUsers" name="test_admin_user_has_is_admin_true" time="0.476" /><testcase classname="backend.tests.test_admin_endpoints.TestAdminAgents" name="test_admin_agents_returns_all_agents" time="0.593" /><testcase classname="backend.tests.test_admin_endpoints.TestAdminAgents" name="test_admin_create_and_delete_agent" time="0.815" /><testcase classname="backend.tests.test_admin_endpoints.TestAdminTransactions" name="test_admin_transactions_returns_list" time="0.546" /></testsuite></testsuites>