<?xml version="1.0" encoding="utf-8"?><testsuites name="pytest tests"><testsuite name="pytest" errors="0" failures="0" skipped="0" tests="19" time="3.585" timestamp="2026-03-01T01:25:44.468042+00:00" hostname="agent-env-795d7a91-6ce5-450f-81f0-fb10b96850d3"><testcase classname="backend.tests.test_analytics_smtp.TestAuth" name="test_admin_login" time="0.540" /><testcase classname="backend.tests.test_analytics_smtp.TestAdminAnalytics" name="test_analytics_endpoint_returns_200" time="0.505" /><testcase classname="backend.tests.test_analytics_smtp.TestAdminAnalytics" name="test_analytics_has_kpis" time="0.121" /><testcase classname="backend.tests.test_analytics_smtp.TestAdminAnalytics" name="test_analytics_has_daily_arrays" time="0.117" /><testcase classname="backend.tests.test_analytics_smtp.TestAdminAnalytics" name="test_analytics_has_agent_usage" time="0.117" /><testcase classname="backend.tests.test_analytics_smtp.TestAdminAnalytics" name="test_analytics_has_plan_distribution" time="0.128" /><testcase classname="backend.tests.test_analytics_smtp.TestAdminAnalytics" name="test_analytics_has_token_usage" time="0.121" /><testcase classname="backend.tests.test_analytics_smtp.TestAdminAnalytics" name="test_analytics_has_top_users" time="0.134" /><testcase classname="backend.tests.test_analytics_smtp.TestAdminAnalytics" name="test_analytics_has_model_costs" time="0.119" /><testcase classname="backend.tests.test_analytics_smtp.TestAnalyticsAuthz" name="test_analytics_requires_auth" time="0.108" /><testcase classname="backend.tests.test_analytics_smtp.TestAnalyticsAuthz" name="test_analytics_requires_admin" time="0.104" /><testcase classname="backend.tests.test_analytics_smtp.TestSmtpConfig" name="test_smtp_config_get_returns_200" time="0.453" /><testcase classname="backend.tests.test_analytics_smtp.TestSmtpConfig" name="test_smtp_config_has_required_fields" time="0.102" /><testcase classname="backend.tests.test_analytics_smtp.TestSmtpConfig" name="test_smtp_config_post_requires_email" time="0.115" /><testcase classname="backend.tests.test_analytics_smtp.TestSmtpConfig" name="test_smtp_config_post_saves_config" time="0.215" /><testcase classname="backend.tests.test_analytics_smtp.TestSmtpConfig" name="test_smtp_test_requires_config" time="0.118" /><testcase classname="backend.tests.test_analytics_smtp.TestSmtpAuthz" name="test_smtp_config_get_requires_auth" time="0.125" /><testcase classname="backend.tests.test_analytics_smtp.TestSmtpAuthz" name="test_smtp_config_post_requires_auth" time="0.115" /><testcase classname="backend.tests.test_analytics_smtp.TestSmtpAuthz" name="test_smtp_test_requires_auth" time="0.110" /></testsuite></testsuites>