<?xml version="1.0" encoding="utf-8"?><testsuites name="pytest tests"><testsuite name="pytest" errors="0" failures="0" skipped="0" tests="9" time="3.450" timestamp="2026-02-27T23:12:50.311947+00:00" hostname="agent-env-b5f4b645-9aea-475d-8937-c06e963f254f"><testcase classname="backend.tests.test_api_keys_providers.TestAdminApiKeys" name="test_api_keys_endpoint_returns_200" time="0.656" /><testcase classname="backend.tests.test_api_keys_providers.TestAdminApiKeys" name="test_api_keys_has_cost_reference" time="0.166" /><testcase classname="backend.tests.test_api_keys_providers.TestAdminApiKeys" name="test_cost_reference_has_all_9_providers" time="0.115" /><testcase classname="backend.tests.test_api_keys_providers.TestAdminApiKeys" name="test_each_provider_has_models" time="0.176" /><testcase classname="backend.tests.test_api_keys_providers.TestAdminApiKeys" name="test_api_keys_has_key_set_flags_for_all_providers" time="0.125" /><testcase classname="backend.tests.test_api_keys_providers.TestAdminApiUsage" name="test_api_usage_endpoint_returns_200" time="0.847" /><testcase classname="backend.tests.test_api_keys_providers.TestAdminApiUsage" name="test_api_usage_has_providers_key" time="0.753" /><testcase classname="backend.tests.test_api_keys_providers.TestAppNavigation" name="test_landing_page_loads" time="0.152" /><testcase classname="backend.tests.test_api_keys_providers.TestAppNavigation" name="test_login_endpoint_works" time="0.344" /></testsuite></testsuites>