<?xml version="1.0" encoding="utf-8"?><testsuites name="pytest tests"><testsuite name="pytest" errors="0" failures="0" skipped="0" tests="18" time="4.722" timestamp="2026-03-01T03:50:04.470044+00:00" hostname="agent-env-bde94b51-672c-4b6d-8f3a-4a38934b2bc5"><testcase classname="backend.tests.test_branding.TestPublicBranding" name="test_public_branding_returns_200" time="0.256" /><testcase classname="backend.tests.test_branding.TestPublicBranding" name="test_public_branding_has_required_fields" time="0.137" /><testcase classname="backend.tests.test_branding.TestAdminBrandingAuth" name="test_get_admin_branding_requires_auth" time="0.170" /><testcase classname="backend.tests.test_branding.TestAdminBrandingAuth" name="test_post_admin_branding_requires_auth" time="0.114" /><testcase classname="backend.tests.test_branding.TestAdminBrandingAuth" name="test_upload_logo_requires_auth" time="0.137" /><testcase classname="backend.tests.test_branding.TestAdminBrandingAuth" name="test_verify_domain_requires_auth" time="0.112" /><testcase classname="backend.tests.test_branding.TestAdminBrandingEndpoints" name="test_get_admin_branding_with_auth" time="0.455" /><testcase classname="backend.tests.test_branding.TestAdminBrandingEndpoints" name="test_update_branding_platform_name" time="0.245" /><testcase classname="backend.tests.test_branding.TestAdminBrandingEndpoints" name="test_update_branding_colors" time="0.255" /><testcase classname="backend.tests.test_branding.TestAdminBrandingEndpoints" name="test_update_branding_custom_domain" time="0.125" /><testcase classname="backend.tests.test_branding.TestAdminBrandingEndpoints" name="test_update_branding_footer_and_support_email" time="0.256" /><testcase classname="backend.tests.test_branding.TestAdminBrandingEndpoints" name="test_verify_domain_with_non_existent_domain" time="0.411" /><testcase classname="backend.tests.test_branding.TestAdminBrandingEndpoints" name="test_verify_domain_requires_domain_configured" time="0.212" /><testcase classname="backend.tests.test_branding.TestBrandingUploadLogo" name="test_upload_valid_png" time="0.453" /><testcase classname="backend.tests.test_branding.TestBrandingUploadLogo" name="test_upload_rejects_large_file" time="0.591" /><testcase classname="backend.tests.test_branding.TestBrandingUploadLogo" name="test_upload_rejects_invalid_extension" time="0.109" /><testcase classname="backend.tests.test_branding.TestRegressionEndpoints" name="test_agents_endpoint_works" time="0.460" /><testcase classname="backend.tests.test_branding.TestRegressionEndpoints" name="test_auth_me_endpoint_works" time="0.105" /></testsuite></testsuites>