<?xml version="1.0" encoding="utf-8"?><testsuites name="pytest tests"><testsuite name="pytest" errors="0" failures="8" skipped="0" tests="8" time="1.547" timestamp="2026-02-28T07:06:32.856643+00:00" hostname="agent-env-17db2555-9ffe-42f0-a98d-324105ee3709"><testcase classname="backend.tests.test_clarification_questions.TestClarificationQuestions" name="test_marketing_agent_asks_questions_for_campaign" time="0.571"><failure message="AssertionError: Chat creation failed: {&quot;chat_id&quot;:&quot;chat_d039733c6cfa&quot;,&quot;user_id&quot;:&quot;user_9a0643b38094&quot;,&quot;agent_id&quot;:&quot;agent_marketing&quot;,&quot;title&quot;:&quot;Chat with Zara Mitchell&quot;,&quot;messages&quot;:[],&quot;created_at&quot;:&quot;2026-02-28T07:06:33.475841Z&quot;,&quot;updated_at&quot;:&quot;2026-02-28T07:06:33.475841Z&quot;}&#10;assert 200 == 201&#10; +  where 200 = &lt;Response [200]&gt;.status_code">backend/tests/test_clarification_questions.py:65: in test_marketing_agent_asks_questions_for_campaign
    chat_id = self.create_chat_with_agent(auth_headers, "agent_marketing")
              ^^^^^^^^^^^^^^^^^^^^^^^^^^^^^^^^^^^^^^^^^^^^^^^^^^^^^^^^^^^^
backend/tests/test_clarification_questions.py:49: in create_chat_with_agent
    assert response.status_code == 201, f"Chat creation failed: {response.text}"
E   AssertionError: Chat creation failed: {"chat_id":"chat_d039733c6cfa","user_id":"user_9a0643b38094","agent_id":"agent_marketing","title":"Chat with Zara Mitchell","messages":[],"created_at":"2026-02-28T07:06:33.475841Z","updated_at":"2026-02-28T07:06:33.475841Z"}
E   assert 200 == 201
E    +  where 200 = &lt;Response [200]&gt;.status_code</failure></testcase><testcase classname="backend.tests.test_clarification_questions.TestClarificationQuestions" name="test_agent_answers_simple_question_directly" time="0.101"><failure message="AssertionError: Chat creation failed: {&quot;chat_id&quot;:&quot;chat_6d99649b6093&quot;,&quot;user_id&quot;:&quot;user_9a0643b38094&quot;,&quot;agent_id&quot;:&quot;agent_seo&quot;,&quot;title&quot;:&quot;Chat with Derek Huang&quot;,&quot;messages&quot;:[],&quot;created_at&quot;:&quot;2026-02-28T07:06:33.609051Z&quot;,&quot;updated_at&quot;:&quot;2026-02-28T07:06:33.609051Z&quot;}&#10;assert 200 == 201&#10; +  where 200 = &lt;Response [200]&gt;.status_code">backend/tests/test_clarification_questions.py:103: in test_agent_answers_simple_question_directly
    chat_id = self.create_chat_with_agent(auth_headers, "agent_seo")
              ^^^^^^^^^^^^^^^^^^^^^^^^^^^^^^^^^^^^^^^^^^^^^^^^^^^^^^
backend/tests/test_clarification_questions.py:49: in create_chat_with_agent
    assert response.status_code == 201, f"Chat creation failed: {response.text}"
E   AssertionError: Chat creation failed: {"chat_id":"chat_6d99649b6093","user_id":"user_9a0643b38094","agent_id":"agent_seo","title":"Chat with Derek Huang","messages":[],"created_at":"2026-02-28T07:06:33.609051Z","updated_at":"2026-02-28T07:06:33.609051Z"}
E   assert 200 == 201
E    +  where 200 = &lt;Response [200]&gt;.status_code</failure></testcase><testcase classname="backend.tests.test_clarification_questions.TestClarificationQuestions" name="test_follow_up_with_answers_generates_deliverable" time="0.107"><failure message="AssertionError: Chat creation failed: {&quot;chat_id&quot;:&quot;chat_cb56594e6fa1&quot;,&quot;user_id&quot;:&quot;user_9a0643b38094&quot;,&quot;agent_id&quot;:&quot;agent_marketing&quot;,&quot;title&quot;:&quot;Chat with Zara Mitchell&quot;,&quot;messages&quot;:[],&quot;created_at&quot;:&quot;2026-02-28T07:06:33.729661Z&quot;,&quot;updated_at&quot;:&quot;2026-02-28T07:06:33.729661Z&quot;}&#10;assert 200 == 201&#10; +  where 200 = &lt;Response [200]&gt;.status_code">backend/tests/test_clarification_questions.py:137: in test_follow_up_with_answers_generates_deliverable
    chat_id = self.create_chat_with_agent(auth_headers, "agent_marketing")
              ^^^^^^^^^^^^^^^^^^^^^^^^^^^^^^^^^^^^^^^^^^^^^^^^^^^^^^^^^^^^
backend/tests/test_clarification_questions.py:49: in create_chat_with_agent
    assert response.status_code == 201, f"Chat creation failed: {response.text}"
E   AssertionError: Chat creation failed: {"chat_id":"chat_cb56594e6fa1","user_id":"user_9a0643b38094","agent_id":"agent_marketing","title":"Chat with Zara Mitchell","messages":[],"created_at":"2026-02-28T07:06:33.729661Z","updated_at":"2026-02-28T07:06:33.729661Z"}
E   assert 200 == 201
E    +  where 200 = &lt;Response [200]&gt;.status_code</failure></testcase><testcase classname="backend.tests.test_clarification_questions.TestClarificationQuestions" name="test_graphics_agent_asks_questions_for_logo" time="0.142"><failure message="AssertionError: Chat creation failed: {&quot;chat_id&quot;:&quot;chat_9a4bd9c7b013&quot;,&quot;user_id&quot;:&quot;user_9a0643b38094&quot;,&quot;agent_id&quot;:&quot;agent_graphics&quot;,&quot;title&quot;:&quot;Chat with Felix Romano&quot;,&quot;messages&quot;:[],&quot;created_at&quot;:&quot;2026-02-28T07:06:33.872365Z&quot;,&quot;updated_at&quot;:&quot;2026-02-28T07:06:33.872365Z&quot;}&#10;assert 200 == 201&#10; +  where 200 = &lt;Response [200]&gt;.status_code">backend/tests/test_clarification_questions.py:193: in test_graphics_agent_asks_questions_for_logo
    chat_id = self.create_chat_with_agent(auth_headers, "agent_graphics")
              ^^^^^^^^^^^^^^^^^^^^^^^^^^^^^^^^^^^^^^^^^^^^^^^^^^^^^^^^^^^
backend/tests/test_clarification_questions.py:49: in create_chat_with_agent
    assert response.status_code == 201, f"Chat creation failed: {response.text}"
E   AssertionError: Chat creation failed: {"chat_id":"chat_9a4bd9c7b013","user_id":"user_9a0643b38094","agent_id":"agent_graphics","title":"Chat with Felix Romano","messages":[],"created_at":"2026-02-28T07:06:33.872365Z","updated_at":"2026-02-28T07:06:33.872365Z"}
E   assert 200 == 201
E    +  where 200 = &lt;Response [200]&gt;.status_code</failure></testcase><testcase classname="backend.tests.test_clarification_questions.TestClarificationQuestions" name="test_finance_agent_asks_questions_for_budget" time="0.104"><failure message="AssertionError: Chat creation failed: {&quot;chat_id&quot;:&quot;chat_81a4330f05f5&quot;,&quot;user_id&quot;:&quot;user_9a0643b38094&quot;,&quot;agent_id&quot;:&quot;agent_finance&quot;,&quot;title&quot;:&quot;Chat with Benjamin Cole&quot;,&quot;messages&quot;:[],&quot;created_at&quot;:&quot;2026-02-28T07:06:33.988276Z&quot;,&quot;updated_at&quot;:&quot;2026-02-28T07:06:33.988276Z&quot;}&#10;assert 200 == 201&#10; +  where 200 = &lt;Response [200]&gt;.status_code">backend/tests/test_clarification_questions.py:229: in test_finance_agent_asks_questions_for_budget
    chat_id = self.create_chat_with_agent(auth_headers, "agent_finance")
              ^^^^^^^^^^^^^^^^^^^^^^^^^^^^^^^^^^^^^^^^^^^^^^^^^^^^^^^^^^
backend/tests/test_clarification_questions.py:49: in create_chat_with_agent
    assert response.status_code == 201, f"Chat creation failed: {response.text}"
E   AssertionError: Chat creation failed: {"chat_id":"chat_81a4330f05f5","user_id":"user_9a0643b38094","agent_id":"agent_finance","title":"Chat with Benjamin Cole","messages":[],"created_at":"2026-02-28T07:06:33.988276Z","updated_at":"2026-02-28T07:06:33.988276Z"}
E   assert 200 == 201
E    +  where 200 = &lt;Response [200]&gt;.status_code</failure></testcase><testcase classname="backend.tests.test_clarification_questions.TestClarificationQuestions" name="test_conversation_history_maintained" time="0.108"><failure message="AssertionError: Chat creation failed: {&quot;chat_id&quot;:&quot;chat_4b81d7548f1c&quot;,&quot;user_id&quot;:&quot;user_9a0643b38094&quot;,&quot;agent_id&quot;:&quot;agent_strategist&quot;,&quot;title&quot;:&quot;Chat with Victor Ashford&quot;,&quot;messages&quot;:[],&quot;created_at&quot;:&quot;2026-02-28T07:06:34.103259Z&quot;,&quot;updated_at&quot;:&quot;2026-02-28T07:06:34.103259Z&quot;}&#10;assert 200 == 201&#10; +  where 200 = &lt;Response [200]&gt;.status_code">backend/tests/test_clarification_questions.py:265: in test_conversation_history_maintained
    chat_id = self.create_chat_with_agent(auth_headers, "agent_strategist")
              ^^^^^^^^^^^^^^^^^^^^^^^^^^^^^^^^^^^^^^^^^^^^^^^^^^^^^^^^^^^^^
backend/tests/test_clarification_questions.py:49: in create_chat_with_agent
    assert response.status_code == 201, f"Chat creation failed: {response.text}"
E   AssertionError: Chat creation failed: {"chat_id":"chat_4b81d7548f1c","user_id":"user_9a0643b38094","agent_id":"agent_strategist","title":"Chat with Victor Ashford","messages":[],"created_at":"2026-02-28T07:06:34.103259Z","updated_at":"2026-02-28T07:06:34.103259Z"}
E   assert 200 == 201
E    +  where 200 = &lt;Response [200]&gt;.status_code</failure></testcase><testcase classname="backend.tests.test_clarification_questions.TestClarificationQuestions" name="test_agent_responds_to_greeting_directly" time="0.120"><failure message="AssertionError: Chat creation failed: {&quot;chat_id&quot;:&quot;chat_8f39894d4c36&quot;,&quot;user_id&quot;:&quot;user_9a0643b38094&quot;,&quot;agent_id&quot;:&quot;agent_secretary&quot;,&quot;title&quot;:&quot;Chat with Nadia Kessler&quot;,&quot;messages&quot;:[],&quot;created_at&quot;:&quot;2026-02-28T07:06:34.227117Z&quot;,&quot;updated_at&quot;:&quot;2026-02-28T07:06:34.227117Z&quot;}&#10;assert 200 == 201&#10; +  where 200 = &lt;Response [200]&gt;.status_code">backend/tests/test_clarification_questions.py:317: in test_agent_responds_to_greeting_directly
    chat_id = self.create_chat_with_agent(auth_headers, "agent_secretary")
              ^^^^^^^^^^^^^^^^^^^^^^^^^^^^^^^^^^^^^^^^^^^^^^^^^^^^^^^^^^^^
backend/tests/test_clarification_questions.py:49: in create_chat_with_agent
    assert response.status_code == 201, f"Chat creation failed: {response.text}"
E   AssertionError: Chat creation failed: {"chat_id":"chat_8f39894d4c36","user_id":"user_9a0643b38094","agent_id":"agent_secretary","title":"Chat with Nadia Kessler","messages":[],"created_at":"2026-02-28T07:06:34.227117Z","updated_at":"2026-02-28T07:06:34.227117Z"}
E   assert 200 == 201
E    +  where 200 = &lt;Response [200]&gt;.status_code</failure></testcase><testcase classname="backend.tests.test_clarification_questions.TestClarificationQuestions" name="test_multiple_agents_ask_questions_for_complex_tasks" time="0.143"><failure message="AssertionError: Chat creation failed: {&quot;chat_id&quot;:&quot;chat_e4fdb7cdbd7e&quot;,&quot;user_id&quot;:&quot;user_9a0643b38094&quot;,&quot;agent_id&quot;:&quot;agent_hr&quot;,&quot;title&quot;:&quot;Chat with Amara Johnson&quot;,&quot;messages&quot;:[],&quot;created_at&quot;:&quot;2026-02-28T07:06:34.378392Z&quot;,&quot;updated_at&quot;:&quot;2026-02-28T07:06:34.378392Z&quot;}&#10;assert 200 == 201&#10; +  where 200 = &lt;Response [200]&gt;.status_code">backend/tests/test_clarification_questions.py:358: in test_multiple_agents_ask_questions_for_complex_tasks
    chat_id = self.create_chat_with_agent(auth_headers, agent_id)
              ^^^^^^^^^^^^^^^^^^^^^^^^^^^^^^^^^^^^^^^^^^^^^^^^^^^
backend/tests/test_clarification_questions.py:49: in create_chat_with_agent
    assert response.status_code == 201, f"Chat creation failed: {response.text}"
E   AssertionError: Chat creation failed: {"chat_id":"chat_e4fdb7cdbd7e","user_id":"user_9a0643b38094","agent_id":"agent_hr","title":"Chat with Amara Johnson","messages":[],"created_at":"2026-02-28T07:06:34.378392Z","updated_at":"2026-02-28T07:06:34.378392Z"}
E   assert 200 == 201
E    +  where 200 = &lt;Response [200]&gt;.status_code</failure></testcase></testsuite></testsuites>