<?xml version="1.0" encoding="utf-8"?><testsuites name="pytest tests"><testsuite name="pytest" errors="0" failures="0" skipped="0" tests="6" time="1.837" timestamp="2026-02-27T19:22:53.119582+00:00" hostname="agent-env-782c44ac-dcc1-480e-b458-d6b33905199e"><testcase classname="backend.tests.test_live_exchange_rate.TestExchangeRateEndpoint" name="test_exchange_rate_returns_valid_rate" time="0.326" /><testcase classname="backend.tests.test_live_exchange_rate.TestExchangeRateEndpoint" name="test_exchange_rate_source_is_hexarate_or_fallback" time="0.145" /><testcase classname="backend.tests.test_live_exchange_rate.TestExchangeRateEndpoint" name="test_exchange_rate_no_auth_required" time="0.111" /><testcase classname="backend.tests.test_live_exchange_rate.TestExchangeRateEndpoint" name="test_exchange_rate_is_not_hardcoded_107" time="0.163" /><testcase classname="backend.tests.test_live_exchange_rate.TestAdminPricingWithExchangeRate" name="test_admin_pricing_fetches_exchange_rate" time="0.456" /><testcase classname="backend.tests.test_live_exchange_rate.TestAdminPricingWithExchangeRate" name="test_admin_custom_package_has_bdt_prices" time="0.490" /></testsuite></testsuites>