<?xml version="1.0" encoding="utf-8"?><testsuites name="pytest tests"><testsuite name="pytest" errors="0" failures="0" skipped="0" tests="20" time="6.603" timestamp="2026-02-26T16:23:05.713884+00:00" hostname="agent-env-024ce60d-f7ec-4384-a85b-411db9ebd3d7"><testcase classname="backend.tests.test_file_generation.TestDocumentGeneration" name="test_generate_pdf_document" time="0.805" /><testcase classname="backend.tests.test_file_generation.TestDocumentGeneration" name="test_generate_xlsx_document" time="0.763" /><testcase classname="backend.tests.test_file_generation.TestDocumentGeneration" name="test_generate_docx_document" time="0.327" /><testcase classname="backend.tests.test_file_generation.TestDocumentGeneration" name="test_generate_csv_document" time="0.147" /><testcase classname="backend.tests.test_file_generation.TestDocumentGeneration" name="test_generate_txt_document" time="0.138" /><testcase classname="backend.tests.test_file_generation.TestDocumentGeneration" name="test_document_generation_requires_content" time="0.171" /><testcase classname="backend.tests.test_file_generation.TestDocumentGeneration" name="test_unsupported_document_type" time="0.135" /><testcase classname="backend.tests.test_file_generation.TestFileServing" name="test_serve_generated_file" time="0.670" /><testcase classname="backend.tests.test_file_generation.TestFileServing" name="test_serve_nonexistent_file_returns_404" time="0.198" /><testcase classname="backend.tests.test_file_generation.TestImageGenerationValidation" name="test_image_endpoint_requires_prompt" time="0.491" /><testcase classname="backend.tests.test_file_generation.TestImageGenerationValidation" name="test_image_endpoint_rejects_empty_prompt" time="0.167" /><testcase classname="backend.tests.test_file_generation.TestVideoGenerationValidation" name="test_video_endpoint_requires_prompt" time="0.504" /><testcase classname="backend.tests.test_file_generation.TestVideoGenerationValidation" name="test_video_endpoint_rejects_empty_prompt" time="0.162" /><testcase classname="backend.tests.test_file_generation.TestModelsEndpoint" name="test_models_includes_gpt_image_1" time="0.551" /><testcase classname="backend.tests.test_file_generation.TestModelsEndpoint" name="test_models_includes_dalle_3" time="0.107" /><testcase classname="backend.tests.test_file_generation.TestModelsEndpoint" name="test_models_includes_sora_2" time="0.122" /><testcase classname="backend.tests.test_file_generation.TestAdminCostReference" name="test_admin_api_keys_cost_reference" time="0.520" /><testcase classname="backend.tests.test_file_generation.TestDocumentGenerationAuth" name="test_document_generation_requires_auth" time="0.149" /><testcase classname="backend.tests.test_file_generation.TestDocumentGenerationAuth" name="test_image_generation_requires_auth" time="0.178" /><testcase classname="backend.tests.test_file_generation.TestDocumentGenerationAuth" name="test_video_generation_requires_auth" time="0.123" /></testsuite></testsuites>