<?xml version="1.0" encoding="utf-8"?><testsuites name="pytest tests"><testsuite name="pytest" errors="0" failures="0" skipped="0" tests="7" time="27.513" timestamp="2026-02-28T01:30:02.197708+00:00" hostname="agent-env-e96d36ae-99eb-445c-bc4f-c0c716d3b35e"><testcase classname="backend.tests.test_image_generation_feature.TestImageGenerationDetection" name="test_detect_image_generation_request_function_exists" time="0.359" /><testcase classname="backend.tests.test_image_generation_feature.TestExistingChatWithImage" name="test_get_existing_chat_with_generated_image" time="0.536" /><testcase classname="backend.tests.test_image_generation_feature.TestImageFileAccess" name="test_generated_image_file_accessible" time="0.332" /><testcase classname="backend.tests.test_image_generation_feature.TestGraphicDesignerAgent" name="test_graphic_designer_agent_exists" time="0.119" /><testcase classname="backend.tests.test_image_generation_feature.TestNonVisualRequests" name="test_non_visual_request_no_image" time="10.266" /><testcase classname="backend.tests.test_image_generation_feature.TestNewImageGenerationRequest" name="test_new_image_generation_to_graphic_designer" time="15.836" /><testcase classname="backend.tests.test_image_generation_feature.TestResponseStructure" name="test_message_model_includes_generated_image_field" time="0.000" /></testsuite></testsuites>