<?xml version="1.0" encoding="utf-8"?><testsuites name="pytest tests"><testsuite name="pytest" errors="0" failures="2" skipped="0" tests="14" time="8.260" timestamp="2026-02-27T23:56:40.955896+00:00" hostname="agent-env-b5f4b645-9aea-475d-8937-c06e963f254f"><testcase classname="backend.tests.test_integrations_system.TestAdminLogin" name="test_admin_login_success" time="0.559" /><testcase classname="backend.tests.test_integrations_system.TestIntegrationsAPI" name="test_get_all_integrations" time="0.561" /><testcase classname="backend.tests.test_integrations_system.TestIntegrationsAPI" name="test_integration_structure" time="0.600" /><testcase classname="backend.tests.test_integrations_system.TestIntegrationsAPI" name="test_twilio_has_three_key_fields" time="0.570" /><testcase classname="backend.tests.test_integrations_system.TestIntegrationsAPI" name="test_google_suite_has_service_account_json" time="0.572" /><testcase classname="backend.tests.test_integrations_system.TestIntegrationsAPI" name="test_save_integration_key_giphy" time="0.659" /><testcase classname="backend.tests.test_integrations_system.TestIntegrationsAPI" name="test_integration_test_endpoint_giphy" time="0.698" /><testcase classname="backend.tests.test_integrations_system.TestIntegrationsAPI" name="test_integration_test_unknown_service" time="0.523" /><testcase classname="backend.tests.test_integrations_system.TestIntegrationsAPI" name="test_integration_test_unconfigured_service" time="0.692" /><testcase classname="backend.tests.test_integrations_system.TestAgentToolsWithIntegrations" name="test_get_agents_tools_endpoint" time="0.498"><failure message="AssertionError: Response missing agent_tool_map&#10;assert 'agent_tool_map' in {'agent_tools': {'agent_analyst': ['web_search', 'calculate', 'analyze_data', 'airtable_action', 'google_calendar'], 'agent_appdev': ['web_search', 'calculate', 'github_action'], 'agent_commander': ['web_search', 'create_task', 'calculate', 'analyze_data', 'send_slack', 'send_email', ...], 'agent_contentwriter': ['web_search', 'search_gif'], ...}, 'tools': {'airtable_action': {'description': 'Read or write records in Airtable. Use for database and spreadsheet operations.', 'name': 'airtable_action'}, 'analyze_data': {'description': 'Analyze structured data like CSV, tables, or numbers. Summarize patterns, trends, and insights.', 'name': 'analyze_data'}, 'calculate': {'description': 'Perform mathematical calculations. Supports arithmetic, percentages, conversions, and complex expressions.', 'name': 'calculate'}, 'create_task': {'description': &quot;Create a task in the user's task management system. Use when the user asks you to set up, schedule, or track work items.&quot;, 'name': 'create_task'}, ...}}">backend/tests/test_integrations_system.py:216: in test_get_agents_tools_endpoint
    assert "agent_tool_map" in data, "Response missing agent_tool_map"
E   AssertionError: Response missing agent_tool_map
E   assert 'agent_tool_map' in {'agent_tools': {'agent_analyst': ['web_search', 'calculate', 'analyze_data', 'airtable_action', 'google_calendar'], 'agent_appdev': ['web_search', 'calculate', 'github_action'], 'agent_commander': ['web_search', 'create_task', 'calculate', 'analyze_data', 'send_slack', 'send_email', ...], 'agent_contentwriter': ['web_search', 'search_gif'], ...}, 'tools': {'airtable_action': {'description': 'Read or write records in Airtable. Use for database and spreadsheet operations.', 'name': 'airtable_action'}, 'analyze_data': {'description': 'Analyze structured data like CSV, tables, or numbers. Summarize patterns, trends, and insights.', 'name': 'analyze_data'}, 'calculate': {'description': 'Perform mathematical calculations. Supports arithmetic, percentages, conversions, and complex expressions.', 'name': 'calculate'}, 'create_task': {'description': "Create a task in the user's task management system. Use when the user asks you to set up, schedule, or track work items.", 'name': 'create_task'}, ...}}</failure></testcase><testcase classname="backend.tests.test_integrations_system.TestAgentToolsWithIntegrations" name="test_agents_have_integration_tools" time="0.586" /><testcase classname="backend.tests.test_integrations_system.TestAgentToolsWithIntegrations" name="test_integration_tool_structure" time="0.493"><failure message="AssertionError: send_slack should have category=integration&#10;assert None == 'integration'&#10; +  where None = &lt;built-in method get of dict object at 0xfffe8097edc0&gt;('category')&#10; +    where &lt;built-in method get of dict object at 0xfffe8097edc0&gt; = {'description': 'Send a message to a Slack channel. Use when the user wants to notify a team or post updates to Slack.', 'name': 'send_slack'}.get">backend/tests/test_integrations_system.py:285: in test_integration_tool_structure
    assert tool.get("category") == expected["category"], f"{tool_name} should have category=integration"
E   AssertionError: send_slack should have category=integration
E   assert None == 'integration'
E    +  where None = &lt;built-in method get of dict object at 0xfffe8097edc0&gt;('category')
E    +    where &lt;built-in method get of dict object at 0xfffe8097edc0&gt; = {'description': 'Send a message to a Slack channel. Use when the user wants to notify a team or post updates to Slack.', 'name': 'send_slack'}.get</failure></testcase><testcase classname="backend.tests.test_integrations_system.TestAgentToolBadges" name="test_tool_overflow_count" time="0.608" /><testcase classname="backend.tests.test_integrations_system.TestCreateAgentProviders" name="test_agent_create_info" time="0.459" /></testsuite></testsuites>