<?xml version="1.0" encoding="utf-8"?><testsuites name="pytest tests"><testsuite name="pytest" errors="0" failures="0" skipped="0" tests="14" time="5.255" timestamp="2026-03-02T21:30:11.297959+00:00" hostname="agent-env-638d0cb2-7c90-4643-a6e3-bddb0906af31"><testcase classname="backend.tests.test_iteration48_integrations.TestHealthCheck" name="test_health_endpoint" time="0.194" /><testcase classname="backend.tests.test_iteration48_integrations.TestAdminIntegrationStatus" name="test_integration_status_requires_auth" time="0.155" /><testcase classname="backend.tests.test_iteration48_integrations.TestAdminIntegrationStatus" name="test_integration_status_returns_tools" time="0.468" /><testcase classname="backend.tests.test_iteration48_integrations.TestAdminIntegrationStatus" name="test_google_calendar_and_gmail_tools_exist" time="0.503" /><testcase classname="backend.tests.test_iteration48_integrations.TestTeamStats" name="test_team_stats_requires_auth" time="0.273" /><testcase classname="backend.tests.test_iteration48_integrations.TestTeamStats" name="test_team_stats_returns_expected_fields" time="0.509" /><testcase classname="backend.tests.test_iteration48_integrations.TestTeamStats" name="test_team_stats_404_for_invalid_team" time="0.434" /><testcase classname="backend.tests.test_iteration48_integrations.TestTeamActivity" name="test_team_activity_requires_auth" time="0.115" /><testcase classname="backend.tests.test_iteration48_integrations.TestTeamActivity" name="test_team_activity_returns_array" time="0.461" /><testcase classname="backend.tests.test_iteration48_integrations.TestTeamActivity" name="test_team_activity_with_limit" time="0.455" /><testcase classname="backend.tests.test_iteration48_integrations.TestTeamActivity" name="test_team_activity_404_for_invalid_team" time="0.472" /><testcase classname="backend.tests.test_iteration48_integrations.TestAdminIntegrationsGoogleSuite" name="test_integrations_includes_google_suite" time="0.444" /><testcase classname="backend.tests.test_iteration48_integrations.TestAdminLogin" name="test_admin_login" time="0.340" /><testcase classname="backend.tests.test_iteration48_integrations.TestAdminLogin" name="test_user_login" time="0.334" /></testsuite></testsuites>