<?xml version="1.0" encoding="utf-8"?><testsuites name="pytest tests"><testsuite name="pytest" errors="0" failures="2" skipped="0" tests="14" time="9.455" timestamp="2026-03-01T02:51:41.289119+00:00" hostname="agent-env-795d7a91-6ce5-450f-81f0-fb10b96850d3"><testcase classname="backend.tests.test_insights_iteration31.TestAdminLogin" name="test_admin_login_success" time="0.480" /><testcase classname="backend.tests.test_insights_iteration31.TestUserInsightsEndpoint" name="test_insights_endpoint_requires_auth" time="0.141" /><testcase classname="backend.tests.test_insights_iteration31.TestUserInsightsEndpoint" name="test_insights_endpoint_returns_stats" time="0.563" /><testcase classname="backend.tests.test_insights_iteration31.TestUserInsightsEndpoint" name="test_insights_stats_structure" time="0.448" /><testcase classname="backend.tests.test_insights_iteration31.TestUserInsightsEndpoint" name="test_insights_favorite_agents_structure" time="0.473" /><testcase classname="backend.tests.test_insights_iteration31.TestUserInsightsEndpoint" name="test_insights_recommendations_structure" time="0.444" /><testcase classname="backend.tests.test_insights_iteration31.TestUserInsightsEndpoint" name="test_insights_daily_activity_structure" time="0.471" /><testcase classname="backend.tests.test_insights_iteration31.TestRegressionAgents" name="test_agents_endpoint_returns_21_agents" time="0.455" /><testcase classname="backend.tests.test_insights_iteration31.TestRegressionAgents" name="test_agents_have_correct_structure" time="0.459" /><testcase classname="backend.tests.test_insights_iteration31.TestRegressionAdminAnalytics" name="test_admin_analytics_endpoint" time="0.526"><failure message="AssertionError: Missing KPI 'total_messages'&#10;assert 'total_messages' in {'active_30d': 7, 'active_7d': 7, 'mrr': 888.42, 'total_chats': 44, ...}">backend/tests/test_insights_iteration31.py:225: in test_admin_analytics_endpoint
    assert kpi in kpis, f"Missing KPI '{kpi}'"
E   AssertionError: Missing KPI 'total_messages'
E   assert 'total_messages' in {'active_30d': 7, 'active_7d': 7, 'mrr': 888.42, 'total_chats': 44, ...}</failure></testcase><testcase classname="backend.tests.test_insights_iteration31.TestRegressionPlans" name="test_plans_endpoint_returns_4_plans" time="0.111"><failure message="TypeError: string indices must be integers, not 'str'">backend/tests/test_insights_iteration31.py:242: in test_plans_endpoint_returns_4_plans
    plan_ids = [p["id"] for p in plans]
               ^^^^^^^^^^^^^^^^^^^^^^^^
backend/tests/test_insights_iteration31.py:242: in &lt;listcomp&gt;
    plan_ids = [p["id"] for p in plans]
                ^^^^^^^
E   TypeError: string indices must be integers, not 'str'</failure></testcase><testcase classname="backend.tests.test_insights_iteration31.TestRegressionAgentChat" name="test_create_chat_and_send_message" time="3.858" /><testcase classname="backend.tests.test_insights_iteration31.TestConfigImports" name="test_agent_tools_endpoint" time="0.437" /><testcase classname="backend.tests.test_insights_iteration31.TestConfigImports" name="test_agents_have_tools_from_config" time="0.434" /></testsuite></testsuites>