<?xml version="1.0" encoding="utf-8"?><testsuites name="pytest tests"><testsuite name="pytest" errors="0" failures="1" skipped="0" tests="18" time="6.797" timestamp="2026-03-02T14:16:53.069443+00:00" hostname="agent-env-98d78bce-570a-44e4-a3fc-5363f4d25a55"><testcase classname="backend.tests.test_iteration44_collaboration.TestHealthAndPublicEndpoints" name="test_health_check" time="0.226" /><testcase classname="backend.tests.test_iteration44_collaboration.TestHealthAndPublicEndpoints" name="test_public_agents_endpoint" time="0.126" /><testcase classname="backend.tests.test_iteration44_collaboration.TestHealthAndPublicEndpoints" name="test_exchange_rate_endpoint" time="0.321" /><testcase classname="backend.tests.test_iteration44_collaboration.TestAuthEndpoints" name="test_login_endpoint_exists" time="0.353" /><testcase classname="backend.tests.test_iteration44_collaboration.TestAuthEndpoints" name="test_auth_me_requires_auth" time="0.120" /><testcase classname="backend.tests.test_iteration44_collaboration.TestAuthEndpoints" name="test_auth_me_with_token" time="0.457" /><testcase classname="backend.tests.test_iteration44_collaboration.TestAuthEndpoints" name="test_logout_endpoint" time="0.146" /><testcase classname="backend.tests.test_iteration44_collaboration.TestAgentEndpoints" name="test_agents_list_authenticated" time="0.461" /><testcase classname="backend.tests.test_iteration44_collaboration.TestAgentEndpoints" name="test_agent_details" time="0.459" /><testcase classname="backend.tests.test_iteration44_collaboration.TestChatEndpoints" name="test_create_chat" time="0.437" /><testcase classname="backend.tests.test_iteration44_collaboration.TestChatEndpoints" name="test_get_chats" time="0.596" /><testcase classname="backend.tests.test_iteration44_collaboration.TestAdminEndpoints" name="test_admin_stats" time="0.502" /><testcase classname="backend.tests.test_iteration44_collaboration.TestAdminEndpoints" name="test_admin_agents" time="0.446" /><testcase classname="backend.tests.test_iteration44_collaboration.TestAdminEndpoints" name="test_admin_integrations" time="0.486" /><testcase classname="backend.tests.test_iteration44_collaboration.TestAdminEndpoints" name="test_admin_custom_package_config" time="0.500"><failure message="assert 404 == 200&#10; +  where 404 = &lt;Response [404]&gt;.status_code">backend/tests/test_iteration44_collaboration.py:246: in test_admin_custom_package_config
    assert response.status_code == 200
E   assert 404 == 200
E    +  where 404 = &lt;Response [404]&gt;.status_code</failure></testcase><testcase classname="backend.tests.test_iteration44_collaboration.TestCommanderDelegationStructure" name="test_commander_agent_exists" time="0.454" /><testcase classname="backend.tests.test_iteration44_collaboration.TestCommanderDelegationStructure" name="test_commander_chat_creation" time="0.463" /><testcase classname="backend.tests.test_iteration44_collaboration.TestLandingPage" name="test_landing_page_loads" time="0.107" /></testsuite></testsuites>