<?xml version="1.0" encoding="utf-8"?><testsuites name="pytest tests"><testsuite name="pytest" errors="0" failures="0" skipped="0" tests="23" time="4.868" timestamp="2026-03-10T03:09:22.454308+00:00" hostname="agent-env-49352a9a-d36e-48b7-a177-6b7edff257ee"><testcase classname="backend.tests.test_iteration70_phase4_features.TestRBAC" name="test_rbac_config_returns_4_roles" time="0.605" /><testcase classname="backend.tests.test_iteration70_phase4_features.TestRBAC" name="test_rbac_users_returns_user_list" time="0.174" /><testcase classname="backend.tests.test_iteration70_phase4_features.TestRBAC" name="test_rbac_update_user_role" time="0.373" /><testcase classname="backend.tests.test_iteration70_phase4_features.TestRBAC" name="test_rbac_invalid_role_rejected" time="0.226" /><testcase classname="backend.tests.test_iteration70_phase4_features.TestCircuitBreakers" name="test_circuit_breakers_returns_8_breakers" time="0.108" /><testcase classname="backend.tests.test_iteration70_phase4_features.TestCircuitBreakers" name="test_circuit_breaker_update_config" time="0.373" /><testcase classname="backend.tests.test_iteration70_phase4_features.TestCircuitBreakers" name="test_circuit_breaker_reset" time="0.100" /><testcase classname="backend.tests.test_iteration70_phase4_features.TestCircuitBreakers" name="test_circuit_breaker_not_found" time="0.246" /><testcase classname="backend.tests.test_iteration70_phase4_features.TestCostGovernance" name="test_cost_overview" time="0.111" /><testcase classname="backend.tests.test_iteration70_phase4_features.TestCostGovernance" name="test_cost_by_model" time="0.134" /><testcase classname="backend.tests.test_iteration70_phase4_features.TestCostGovernance" name="test_cost_by_agent" time="0.114" /><testcase classname="backend.tests.test_iteration70_phase4_features.TestCostGovernance" name="test_cost_budget_get" time="0.155" /><testcase classname="backend.tests.test_iteration70_phase4_features.TestCostGovernance" name="test_cost_budget_update" time="0.343" /><testcase classname="backend.tests.test_iteration70_phase4_features.TestWorkflowBuilder" name="test_workflow_create" time="0.121" /><testcase classname="backend.tests.test_iteration70_phase4_features.TestWorkflowBuilder" name="test_workflow_list" time="0.107" /><testcase classname="backend.tests.test_iteration70_phase4_features.TestWorkflowBuilder" name="test_workflow_update" time="0.112" /><testcase classname="backend.tests.test_iteration70_phase4_features.TestWorkflowBuilder" name="test_workflow_get_single" time="0.121" /><testcase classname="backend.tests.test_iteration70_phase4_features.TestWorkflowBuilder" name="test_workflow_delete" time="0.229" /><testcase classname="backend.tests.test_iteration70_phase4_features.TestWorkflowBuilder" name="test_workflow_not_found" time="0.229" /><testcase classname="backend.tests.test_iteration70_phase4_features.TestAuthRequired" name="test_rbac_requires_auth" time="0.264" /><testcase classname="backend.tests.test_iteration70_phase4_features.TestAuthRequired" name="test_circuit_breakers_requires_auth" time="0.111" /><testcase classname="backend.tests.test_iteration70_phase4_features.TestAuthRequired" name="test_cost_requires_auth" time="0.222" /><testcase classname="backend.tests.test_iteration70_phase4_features.TestAuthRequired" name="test_workflows_requires_auth" time="0.147" /></testsuite></testsuites>