<?xml version="1.0" encoding="utf-8"?><testsuites name="pytest tests"><testsuite name="pytest" errors="0" failures="14" skipped="0" tests="23" time="1.274" timestamp="2026-03-04T21:59:56.478349+00:00" hostname="agent-env-a7a90cbc-4b68-4b99-b8ea-82b47bcbd512"><testcase classname="backend.tests.test_iteration63_comprehensive_pdf.TestComprehensivePDF" name="test_pdf_endpoint_returns_200" time="0.920" /><testcase classname="backend.tests.test_iteration63_comprehensive_pdf.TestComprehensivePDF" name="test_pdf_content_type" time="0.000" /><testcase classname="backend.tests.test_iteration63_comprehensive_pdf.TestComprehensivePDF" name="test_pdf_content_disposition" time="0.000" /><testcase classname="backend.tests.test_iteration63_comprehensive_pdf.TestComprehensivePDF" name="test_pdf_valid_magic_bytes" time="0.000" /><testcase classname="backend.tests.test_iteration63_comprehensive_pdf.TestComprehensivePDF" name="test_pdf_size_greater_than_40kb" time="0.000" /><testcase classname="backend.tests.test_iteration63_comprehensive_pdf.TestComprehensivePDF" name="test_pdf_has_approximately_21_pages" time="0.000" /><testcase classname="backend.tests.test_iteration63_comprehensive_pdf.TestComprehensivePDF" name="test_pdf_contains_table_of_contents" time="0.001"><failure message="AssertionError: Missing 'Table of Contents' section&#10;assert 'Table of Contents' in '%PDF-1.3\n%éëñ¿\n1 0 obj\n&lt;&lt;\n/Count 20\n/Kids [3 0 R\n5 0 R\n7 0 R\n9 0 R\n11 0 R\n13 0 R\n15 0 R\n17 0 R\n19 0 R\n21 0 R\n23 0 R\n25 0 R\n27 0 R\n29 0 R\n31 0 R\n33 0 R\n35 0 R\n37 0 R\n39 0 R\n41 0 R]\n/MediaBox [0 0 595.28 841.89]\n/Type /Pages\n&gt;&gt;\nendobj\n2 0 obj\n&lt;&lt;\n/OpenAction [3 0 R /FitH null]\n/PageLayout /OneColumn\n/Pages 1 0 R\n/Type /Catalog\n&gt;&gt;\nendobj\n3 0 obj\n&lt;&lt;\n/Contents 4 0 R\n/Parent 1 0 R\n/Resources 46 0 R\n/Type /Page\n&gt;&gt;\nendobj\n4 0 obj\n&lt;&lt;\n/Filter /FlateDecode\n/Length 597\n&gt;&gt;\nstream\nx\x9c\x85\x94QoÚ0\x14\x85ßû+ÎSEµÎ\x8d\x9d\x84Ä\x8f¬ê¦N«ÆÚH{áÅM\x0cdKâÌ6\xadØ¯ßu\x80¶C\x14^°Hâ{Î=÷³\x05¾\x9eE,Íð|ö©ÀÕg\x0eÉ¢\x08Å\x1c7ÅÙ\x1fÐ³\x983\x9e#\x8f\x12\x96d(*DLÄi¼·Ø\x058\x8be\x82â\x19£»Éäþ\x01×¦mUW¡vP\x1d&amp;+o:Ó\x9a\x95Ãä\x167\x9d×¶·µÓøÞk«|Ý-ð°v^·ðKåQé¾1k\x87\x84Ãõº¬USÿÕUØª\x16ºó\x0eÆ.T7&lt;S¥5Î!¿@ñ\x8bLãÇ[Û\x99ä,ãÇm\x8b,\x1eloK\x92\x19Ó©\x06\x8dZkëð\\û%x\x86ÒX\r7Xt\x97\x10ù\x87`¦5\x95n\x1cæÖ´\x90è\xadyª+Út\x89Ð¸à\x82&gt;\x9aÞBwUojrÍP,)\x8eÊ\x94«\x96ºØm\xa0\x80\x0e\x9bÏr&amp;ÓcæG¥iûF{\r¯ËeW\x97äÛê¹¶º+5Y~Ò6$«i]c®\x95_Y}¹íâr\x13åÆk©zõX7µ_ÃÌi\x04\x1a}£üÜØ\x96½Z\x1b\x00\x11àâ !Y\x92°lë\x96Ë1ß[\x82ÛB=6:\x08\\\x1b\x02\x80\x02Ù«ý\x1e|\x99È\x98\x8c\x8f\x06\x01\x1a$¦[Ïxð4EçëÒ\x1...969 00000 n \n0000012052 00000 n \n0000014503 00000 n \n0000014586 00000 n \n0000017082 00000 n \n0000017165 00000 n \n0000019548 00000 n \n0000019631 00000 n \n0000021810 00000 n \n0000021893 00000 n \n0000024305 00000 n \n0000024388 00000 n \n0000026887 00000 n \n0000026970 00000 n \n0000028856 00000 n \n0000028939 00000 n \n0000031153 00000 n \n0000031236 00000 n \n0000032349 00000 n \n0000032432 00000 n \n0000034527 00000 n \n0000034610 00000 n \n0000036295 00000 n \n0000036378 00000 n \n0000037963 00000 n \n0000038046 00000 n \n0000039038 00000 n \n0000039136 00000 n \n0000039239 00000 n \n0000039345 00000 n \n0000039456 00000 n \n0000039567 00000 n \n0000039678 00000 n \n0000039789 00000 n \n0000039900 00000 n \n0000040011 00000 n \n0000040122 00000 n \n0000040233 00000 n \n0000040344 00000 n \n0000040455 00000 n \n0000040566 00000 n \n0000040677 00000 n \n0000040788 00000 n \n0000040899 00000 n \n0000041010 00000 n \n0000041121 00000 n \n0000041232 00000 n \n0000041343 00000 n \n0000041454 00000 n \n0000041565 00000 n \ntrailer\n&lt;&lt;\n/Size 67\n/Root 2 0 R\n/Info 66 0 R\n/ID [&lt;7CCD6DECBDDFCF648903124C81A4A8F7&gt;&lt;7CCD6DECBDDFCF648903124C81A4A8F7&gt;]\n&gt;&gt;\nstartxref\n41621\n%%EOF\n'">backend/tests/test_iteration63_comprehensive_pdf.py:100: in test_pdf_contains_table_of_contents
    assert "Table of Contents" in content, "Missing 'Table of Contents' section"
E   AssertionError: Missing 'Table of Contents' section
E   assert 'Table of Contents' in '%PDF-1.3\n%éëñ¿\n1 0 obj\n&lt;&lt;\n/Count 20\n/Kids [3 0 R\n5 0 R\n7 0 R\n9 0 R\n11 0 R\n13 0 R\n15 0 R\n17 0 R\n19 0 R\n21 0 R\n23 0 R\n25 0 R\n27 0 R\n29 0 R\n31 0 R\n33 0 R\n35 0 R\n37 0 R\n39 0 R\n41 0 R]\n/MediaBox [0 0 595.28 841.89]\n/Type /Pages\n&gt;&gt;\nendobj\n2 0 obj\n&lt;&lt;\n/OpenAction [3 0 R /FitH null]\n/PageLayout /OneColumn\n/Pages 1 0 R\n/Type /Catalog\n&gt;&gt;\nendobj\n3 0 obj\n&lt;&lt;\n/Contents 4 0 R\n/Parent 1 0 R\n/Resources 46 0 R\n/Type /Page\n&gt;&gt;\nendobj\n4 0 obj\n&lt;&lt;\n/Filter /FlateDecode\n/Length 597\n&gt;&gt;\nstream\nx\x9c\x85\x94QoÚ0\x14\x85ßû+ÎSEµÎ\x8d\x9d\x84Ä\x8f¬ê¦N«ÆÚH{áÅM\x0cdKâÌ6\xadØ¯ßu\x80¶C\x14^°Hâ{Î=÷³\x05¾\x9eE,Íð|ö©ÀÕg\x0eÉ¢\x08Å\x1c7ÅÙ\x1fÐ³\x983\x9e#\x8f\x12\x96d(*DLÄi¼·Ø\x058\x8be\x82â\x19£»Éäþ\x01×¦mUW¡vP\x1d&amp;+o:Ó\x9a\x95Ãä\x167\x9d×¶·µÓøÞk«|Ý-ð°v^·ðKåQé¾1k\x87\x84Ãõº¬USÿÕUØª\x16ºó\x0eÆ.T7&lt;S¥5Î!¿@ñ\x8bLãÇ[Û\x99ä,ãÇm\x8b,\x1eloK\x92\x19Ó©\x06\x8dZkëð\\û%x\x86ÒX\r7Xt\x97\x10ù\x87`¦5\x95n\x1cæÖ´\x90è\xadyª+Út\x89Ð¸à\x82&gt;\x9aÞBwUojrÍP,)\x8eÊ\x94«\x96ºØm\xa0\x80\x0e\x9bÏr&amp;ÓcæG¥iûF{\r¯ËeW\x97äÛê¹¶º+5Y~Ò6$«i]c®\x95_Y}¹íâr\x13åÆk©zõX7µ_ÃÌi\x04\x1a}£üÜØ\x96½Z\x1b\x00\x11àâ !Y\x92°lë\x96Ë1ß[\x82ÛB=6:\x08\\\x1b\x02\x80\x02Ù«ý\x1e|\x99È\x98\x8c\x8f\x06\x01\x1a$¦[Ïxð4EçëÒ\x1...969 00000 n \n0000012052 00000 n \n0000014503 00000 n \n0000014586 00000 n \n0000017082 00000 n \n0000017165 00000 n \n0000019548 00000 n \n0000019631 00000 n \n0000021810 00000 n \n0000021893 00000 n \n0000024305 00000 n \n0000024388 00000 n \n0000026887 00000 n \n0000026970 00000 n \n0000028856 00000 n \n0000028939 00000 n \n0000031153 00000 n \n0000031236 00000 n \n0000032349 00000 n \n0000032432 00000 n \n0000034527 00000 n \n0000034610 00000 n \n0000036295 00000 n \n0000036378 00000 n \n0000037963 00000 n \n0000038046 00000 n \n0000039038 00000 n \n0000039136 00000 n \n0000039239 00000 n \n0000039345 00000 n \n0000039456 00000 n \n0000039567 00000 n \n0000039678 00000 n \n0000039789 00000 n \n0000039900 00000 n \n0000040011 00000 n \n0000040122 00000 n \n0000040233 00000 n \n0000040344 00000 n \n0000040455 00000 n \n0000040566 00000 n \n0000040677 00000 n \n0000040788 00000 n \n0000040899 00000 n \n0000041010 00000 n \n0000041121 00000 n \n0000041232 00000 n \n0000041343 00000 n \n0000041454 00000 n \n0000041565 00000 n \ntrailer\n&lt;&lt;\n/Size 67\n/Root 2 0 R\n/Info 66 0 R\n/ID [&lt;7CCD6DECBDDFCF648903124C81A4A8F7&gt;&lt;7CCD6DECBDDFCF648903124C81A4A8F7&gt;]\n&gt;&gt;\nstartxref\n41621\n%%EOF\n'</failure></testcase><testcase classname="backend.tests.test_iteration63_comprehensive_pdf.TestComprehensivePDF" name="test_pdf_contains_platform_statistics" time="0.001"><failure message="AssertionError: Missing 'Platform Statistics' section&#10;assert 'Platform Statistics' in '%PDF-1.3\n%éëñ¿\n1 0 obj\n&lt;&lt;\n/Count 20\n/Kids [3 0 R\n5 0 R\n7 0 R\n9 0 R\n11 0 R\n13 0 R\n15 0 R\n17 0 R\n19 0 R\n21 0 R\n23 0 R\n25 0 R\n27 0 R\n29 0 R\n31 0 R\n33 0 R\n35 0 R\n37 0 R\n39 0 R\n41 0 R]\n/MediaBox [0 0 595.28 841.89]\n/Type /Pages\n&gt;&gt;\nendobj\n2 0 obj\n&lt;&lt;\n/OpenAction [3 0 R /FitH null]\n/PageLayout /OneColumn\n/Pages 1 0 R\n/Type /Catalog\n&gt;&gt;\nendobj\n3 0 obj\n&lt;&lt;\n/Contents 4 0 R\n/Parent 1 0 R\n/Resources 46 0 R\n/Type /Page\n&gt;&gt;\nendobj\n4 0 obj\n&lt;&lt;\n/Filter /FlateDecode\n/Length 597\n&gt;&gt;\nstream\nx\x9c\x85\x94QoÚ0\x14\x85ßû+ÎSEµÎ\x8d\x9d\x84Ä\x8f¬ê¦N«ÆÚH{áÅM\x0cdKâÌ6\xadØ¯ßu\x80¶C\x14^°Hâ{Î=÷³\x05¾\x9eE,Íð|ö©ÀÕg\x0eÉ¢\x08Å\x1c7ÅÙ\x1fÐ³\x983\x9e#\x8f\x12\x96d(*DLÄi¼·Ø\x058\x8be\x82â\x19£»Éäþ\x01×¦mUW¡vP\x1d&amp;+o:Ó\x9a\x95Ãä\x167\x9d×¶·µÓøÞk«|Ý-ð°v^·ðKåQé¾1k\x87\x84Ãõº¬USÿÕUØª\x16ºó\x0eÆ.T7&lt;S¥5Î!¿@ñ\x8bLãÇ[Û\x99ä,ãÇm\x8b,\x1eloK\x92\x19Ó©\x06\x8dZkëð\\û%x\x86ÒX\r7Xt\x97\x10ù\x87`¦5\x95n\x1cæÖ´\x90è\xadyª+Út\x89Ð¸à\x82&gt;\x9aÞBwUojrÍP,)\x8eÊ\x94«\x96ºØm\xa0\x80\x0e\x9bÏr&amp;ÓcæG¥iûF{\r¯ËeW\x97äÛê¹¶º+5Y~Ò6$«i]c®\x95_Y}¹íâr\x13åÆk©zõX7µ_ÃÌi\x04\x1a}£üÜØ\x96½Z\x1b\x00\x11àâ !Y\x92°lë\x96Ë1ß[\x82ÛB=6:\x08\\\x1b\x02\x80\x02Ù«ý\x1e|\x99È\x98\x8c\x8f\x06\x01\x1a$¦[Ïxð4EçëÒ\x1...969 00000 n \n0000012052 00000 n \n0000014503 00000 n \n0000014586 00000 n \n0000017082 00000 n \n0000017165 00000 n \n0000019548 00000 n \n0000019631 00000 n \n0000021810 00000 n \n0000021893 00000 n \n0000024305 00000 n \n0000024388 00000 n \n0000026887 00000 n \n0000026970 00000 n \n0000028856 00000 n \n0000028939 00000 n \n0000031153 00000 n \n0000031236 00000 n \n0000032349 00000 n \n0000032432 00000 n \n0000034527 00000 n \n0000034610 00000 n \n0000036295 00000 n \n0000036378 00000 n \n0000037963 00000 n \n0000038046 00000 n \n0000039038 00000 n \n0000039136 00000 n \n0000039239 00000 n \n0000039345 00000 n \n0000039456 00000 n \n0000039567 00000 n \n0000039678 00000 n \n0000039789 00000 n \n0000039900 00000 n \n0000040011 00000 n \n0000040122 00000 n \n0000040233 00000 n \n0000040344 00000 n \n0000040455 00000 n \n0000040566 00000 n \n0000040677 00000 n \n0000040788 00000 n \n0000040899 00000 n \n0000041010 00000 n \n0000041121 00000 n \n0000041232 00000 n \n0000041343 00000 n \n0000041454 00000 n \n0000041565 00000 n \ntrailer\n&lt;&lt;\n/Size 67\n/Root 2 0 R\n/Info 66 0 R\n/ID [&lt;7CCD6DECBDDFCF648903124C81A4A8F7&gt;&lt;7CCD6DECBDDFCF648903124C81A4A8F7&gt;]\n&gt;&gt;\nstartxref\n41621\n%%EOF\n'">backend/tests/test_iteration63_comprehensive_pdf.py:106: in test_pdf_contains_platform_statistics
    assert "Platform Statistics" in content, "Missing 'Platform Statistics' section"
E   AssertionError: Missing 'Platform Statistics' section
E   assert 'Platform Statistics' in '%PDF-1.3\n%éëñ¿\n1 0 obj\n&lt;&lt;\n/Count 20\n/Kids [3 0 R\n5 0 R\n7 0 R\n9 0 R\n11 0 R\n13 0 R\n15 0 R\n17 0 R\n19 0 R\n21 0 R\n23 0 R\n25 0 R\n27 0 R\n29 0 R\n31 0 R\n33 0 R\n35 0 R\n37 0 R\n39 0 R\n41 0 R]\n/MediaBox [0 0 595.28 841.89]\n/Type /Pages\n&gt;&gt;\nendobj\n2 0 obj\n&lt;&lt;\n/OpenAction [3 0 R /FitH null]\n/PageLayout /OneColumn\n/Pages 1 0 R\n/Type /Catalog\n&gt;&gt;\nendobj\n3 0 obj\n&lt;&lt;\n/Contents 4 0 R\n/Parent 1 0 R\n/Resources 46 0 R\n/Type /Page\n&gt;&gt;\nendobj\n4 0 obj\n&lt;&lt;\n/Filter /FlateDecode\n/Length 597\n&gt;&gt;\nstream\nx\x9c\x85\x94QoÚ0\x14\x85ßû+ÎSEµÎ\x8d\x9d\x84Ä\x8f¬ê¦N«ÆÚH{áÅM\x0cdKâÌ6\xadØ¯ßu\x80¶C\x14^°Hâ{Î=÷³\x05¾\x9eE,Íð|ö©ÀÕg\x0eÉ¢\x08Å\x1c7ÅÙ\x1fÐ³\x983\x9e#\x8f\x12\x96d(*DLÄi¼·Ø\x058\x8be\x82â\x19£»Éäþ\x01×¦mUW¡vP\x1d&amp;+o:Ó\x9a\x95Ãä\x167\x9d×¶·µÓøÞk«|Ý-ð°v^·ðKåQé¾1k\x87\x84Ãõº¬USÿÕUØª\x16ºó\x0eÆ.T7&lt;S¥5Î!¿@ñ\x8bLãÇ[Û\x99ä,ãÇm\x8b,\x1eloK\x92\x19Ó©\x06\x8dZkëð\\û%x\x86ÒX\r7Xt\x97\x10ù\x87`¦5\x95n\x1cæÖ´\x90è\xadyª+Út\x89Ð¸à\x82&gt;\x9aÞBwUojrÍP,)\x8eÊ\x94«\x96ºØm\xa0\x80\x0e\x9bÏr&amp;ÓcæG¥iûF{\r¯ËeW\x97äÛê¹¶º+5Y~Ò6$«i]c®\x95_Y}¹íâr\x13åÆk©zõX7µ_ÃÌi\x04\x1a}£üÜØ\x96½Z\x1b\x00\x11àâ !Y\x92°lë\x96Ë1ß[\x82ÛB=6:\x08\\\x1b\x02\x80\x02Ù«ý\x1e|\x99È\x98\x8c\x8f\x06\x01\x1a$¦[Ïxð4EçëÒ\x1...969 00000 n \n0000012052 00000 n \n0000014503 00000 n \n0000014586 00000 n \n0000017082 00000 n \n0000017165 00000 n \n0000019548 00000 n \n0000019631 00000 n \n0000021810 00000 n \n0000021893 00000 n \n0000024305 00000 n \n0000024388 00000 n \n0000026887 00000 n \n0000026970 00000 n \n0000028856 00000 n \n0000028939 00000 n \n0000031153 00000 n \n0000031236 00000 n \n0000032349 00000 n \n0000032432 00000 n \n0000034527 00000 n \n0000034610 00000 n \n0000036295 00000 n \n0000036378 00000 n \n0000037963 00000 n \n0000038046 00000 n \n0000039038 00000 n \n0000039136 00000 n \n0000039239 00000 n \n0000039345 00000 n \n0000039456 00000 n \n0000039567 00000 n \n0000039678 00000 n \n0000039789 00000 n \n0000039900 00000 n \n0000040011 00000 n \n0000040122 00000 n \n0000040233 00000 n \n0000040344 00000 n \n0000040455 00000 n \n0000040566 00000 n \n0000040677 00000 n \n0000040788 00000 n \n0000040899 00000 n \n0000041010 00000 n \n0000041121 00000 n \n0000041232 00000 n \n0000041343 00000 n \n0000041454 00000 n \n0000041565 00000 n \ntrailer\n&lt;&lt;\n/Size 67\n/Root 2 0 R\n/Info 66 0 R\n/ID [&lt;7CCD6DECBDDFCF648903124C81A4A8F7&gt;&lt;7CCD6DECBDDFCF648903124C81A4A8F7&gt;]\n&gt;&gt;\nstartxref\n41621\n%%EOF\n'</failure></testcase><testcase classname="backend.tests.test_iteration63_comprehensive_pdf.TestComprehensivePDF" name="test_pdf_contains_41_agent_workforce" time="0.001"><failure message="AssertionError: Missing 41-Agent workforce reference&#10;assert ('41-Agent' in '%PDF-1.3\n%éëñ¿\n1 0 obj\n&lt;&lt;\n/Count 20\n/Kids [3 0 R\n5 0 R\n7 0 R\n9 0 R\n11 0 R\n13 0 R\n15 0 R\n17 0 R\n19 0 R\n21 0 R\n23 0 R\n25 0 R\n27 0 R\n29 0 R\n31 0 R\n33 0 R\n35 0 R\n37 0 R\n39 0 R\n41 0 R]\n/MediaBox [0 0 595.28 841.89]\n/Type /Pages\n&gt;&gt;\nendobj\n2 0 obj\n&lt;&lt;\n/OpenAction [3 0 R /FitH null]\n/PageLayout /OneColumn\n/Pages 1 0 R\n/Type /Catalog\n&gt;&gt;\nendobj\n3 0 obj\n&lt;&lt;\n/Contents 4 0 R\n/Parent 1 0 R\n/Resources 46 0 R\n/Type /Page\n&gt;&gt;\nendobj\n4 0 obj\n&lt;&lt;\n/Filter /FlateDecode\n/Length 597\n&gt;&gt;\nstream\nx\x9c\x85\x94QoÚ0\x14\x85ßû+ÎSEµÎ\x8d\x9d\x84Ä\x8f¬ê¦N«ÆÚH{áÅM\x0cdKâÌ6\xadØ¯ßu\x80¶C\x14^°Hâ{Î=÷³\x05¾\x9eE,Íð|ö©ÀÕg\x0eÉ¢\x08Å\x1c7ÅÙ\x1fÐ³\x983\x9e#\x8f\x12\x96d(*DLÄi¼·Ø\x058\x8be\x82â\x19£»Éäþ\x01×¦mUW¡vP\x1d&amp;+o:Ó\x9a\x95Ãä\x167\x9d×¶·µÓøÞk«|Ý-ð°v^·ðKåQé¾1k\x87\x84Ãõº¬USÿÕUØª\x16ºó\x0eÆ.T7&lt;S¥5Î!¿@ñ\x8bLãÇ[Û\x99ä,ãÇm\x8b,\x1eloK\x92\x19Ó©\x06\x8dZkëð\\û%x\x86ÒX\r7Xt\x97\x10ù\x87`¦5\x95n\x1cæÖ´\x90è\xadyª+Út\x89Ð¸à\x82&gt;\x9aÞBwUojrÍP,)\x8eÊ\x94«\x96ºØm\xa0\x80\x0e\x9bÏr&amp;ÓcæG¥iûF{\r¯ËeW\x97äÛê¹¶º+5Y~Ò6$«i]c®\x95_Y}¹íâr\x13åÆk©zõX7µ_ÃÌi\x04\x1a}£üÜØ\x96½Z\x1b\x00\x11àâ !Y\x92°lë\x96Ë1ß[\x82ÛB=6:\x08\\\x1b\x02\x80\x02Ù«ý\x1e|\x99È\x98\x8c\x8f\x06\x01\x1a$¦[Ïxð4EçëÒ\x1...969 00000 n \n0000012052 00000 n \n0000014503 00000 n \n0000014586 00000 n \n0000017082 00000 n \n0000017165 00000 n \n0000019548 00000 n \n0000019631 00000 n \n0000021810 00000 n \n0000021893 00000 n \n0000024305 00000 n \n0000024388 00000 n \n0000026887 00000 n \n0000026970 00000 n \n0000028856 00000 n \n0000028939 00000 n \n0000031153 00000 n \n0000031236 00000 n \n0000032349 00000 n \n0000032432 00000 n \n0000034527 00000 n \n0000034610 00000 n \n0000036295 00000 n \n0000036378 00000 n \n0000037963 00000 n \n0000038046 00000 n \n0000039038 00000 n \n0000039136 00000 n \n0000039239 00000 n \n0000039345 00000 n \n0000039456 00000 n \n0000039567 00000 n \n0000039678 00000 n \n0000039789 00000 n \n0000039900 00000 n \n0000040011 00000 n \n0000040122 00000 n \n0000040233 00000 n \n0000040344 00000 n \n0000040455 00000 n \n0000040566 00000 n \n0000040677 00000 n \n0000040788 00000 n \n0000040899 00000 n \n0000041010 00000 n \n0000041121 00000 n \n0000041232 00000 n \n0000041343 00000 n \n0000041454 00000 n \n0000041565 00000 n \ntrailer\n&lt;&lt;\n/Size 67\n/Root 2 0 R\n/Info 66 0 R\n/ID [&lt;7CCD6DECBDDFCF648903124C81A4A8F7&gt;&lt;7CCD6DECBDDFCF648903124C81A4A8F7&gt;]\n&gt;&gt;\nstartxref\n41621\n%%EOF\n' or '41 agents' in '%pdf-1.3\n%éëñ¿\n1 0 obj\n&lt;&lt;\n/count 20\n/kids [3 0 r\n5 0 r\n7 0 r\n9 0 r\n11 0 r\n13 0 r\n15 0 r\n17 0 r\n19 0 r\n21 0 r\n23 0 r\n25 0 r\n27 0 r\n29 0 r\n31 0 r\n33 0 r\n35 0 r\n37 0 r\n39 0 r\n41 0 r]\n/mediabox [0 0 595.28 841.89]\n/type /pages\n&gt;&gt;\nendobj\n2 0 obj\n&lt;&lt;\n/openaction [3 0 r /fith null]\n/pagelayout /onecolumn\n/pages 1 0 r\n/type /catalog\n&gt;&gt;\nendobj\n3 0 obj\n&lt;&lt;\n/contents 4 0 r\n/parent 1 0 r\n/resources 46 0 r\n/type /page\n&gt;&gt;\nendobj\n4 0 obj\n&lt;&lt;\n/filter /flatedecode\n/length 597\n&gt;&gt;\nstream\nx\x9c\x85\x94qoú0\x14\x85ßû+îseµî\x8d\x9d\x84ä\x8f¬ê¦n«æúh{áåm\x0cdkâì6\xadø¯ßu\x80¶c\x14^°hâ{î=÷³\x05¾\x9ee,íð|ö©àõg\x0eé¢\x08å\x1c7åù\x1fð³\x983\x9e#\x8f\x12\x96d(*dläi¼·ø\x058\x8be\x82â\x19£»éäþ\x01×¦muw¡vp\x1d&amp;+o:ó\x9a\x95ãä\x167\x9d×¶·µóøþk«|ý-ð°v^·ðkåqé¾1k\x87\x84ãõº¬usÿõuøª\x16ºó\x0eæ.t7&lt;s¥5î!¿@ñ\x8blãç[û\x99ä,ãçm\x8b,\x1elok\x92\x19ó©\x06\x8dzkëð\\û%x\x86òx\r7xt\x97\x10ù\x87`¦5\x95n\x1cæö´\x90è\xadyª+út\x89ð¸à\x82&gt;\x9aþbwuojríp,)\x8eê\x94«\x96ºøm\xa0\x80\x0e\x9bïr&amp;ócæg¥iûf{\r¯ëew\x97äûê¹¶º+5y~ò6$«i]c®\x95_y}¹íâr\x13åæk©zõx7µ_ãìi\x04\x1a}£üüø\x96½z\x1b\x00\x11àâ !y\x92°lë\x96ë1ß[\x82ûb=6:\x08\\\x1b\x02\x80\x02ù«ý\x1e|\x99è\x98\x8c\x8f\x06\x01\x1a$¦[ïxð4eçëò\x1...969 00000 n \n0000012052 00000 n \n0000014503 00000 n \n0000014586 00000 n \n0000017082 00000 n \n0000017165 00000 n \n0000019548 00000 n \n0000019631 00000 n \n0000021810 00000 n \n0000021893 00000 n \n0000024305 00000 n \n0000024388 00000 n \n0000026887 00000 n \n0000026970 00000 n \n0000028856 00000 n \n0000028939 00000 n \n0000031153 00000 n \n0000031236 00000 n \n0000032349 00000 n \n0000032432 00000 n \n0000034527 00000 n \n0000034610 00000 n \n0000036295 00000 n \n0000036378 00000 n \n0000037963 00000 n \n0000038046 00000 n \n0000039038 00000 n \n0000039136 00000 n \n0000039239 00000 n \n0000039345 00000 n \n0000039456 00000 n \n0000039567 00000 n \n0000039678 00000 n \n0000039789 00000 n \n0000039900 00000 n \n0000040011 00000 n \n0000040122 00000 n \n0000040233 00000 n \n0000040344 00000 n \n0000040455 00000 n \n0000040566 00000 n \n0000040677 00000 n \n0000040788 00000 n \n0000040899 00000 n \n0000041010 00000 n \n0000041121 00000 n \n0000041232 00000 n \n0000041343 00000 n \n0000041454 00000 n \n0000041565 00000 n \ntrailer\n&lt;&lt;\n/size 67\n/root 2 0 r\n/info 66 0 r\n/id [&lt;7ccd6decbddfcf648903124c81a4a8f7&gt;&lt;7ccd6decbddfcf648903124c81a4a8f7&gt;]\n&gt;&gt;\nstartxref\n41621\n%%eof\n')&#10; +  where '%pdf-1.3\n%éëñ¿\n1 0 obj\n&lt;&lt;\n/count 20\n/kids [3 0 r\n5 0 r\n7 0 r\n9 0 r\n11 0 r\n13 0 r\n15 0 r\n17 0 r\n19 0 r\n21 0 r\n23 0 r\n25 0 r\n27 0 r\n29 0 r\n31 0 r\n33 0 r\n35 0 r\n37 0 r\n39 0 r\n41 0 r]\n/mediabox [0 0 595.28 841.89]\n/type /pages\n&gt;&gt;\nendobj\n2 0 obj\n&lt;&lt;\n/openaction [3 0 r /fith null]\n/pagelayout /onecolumn\n/pages 1 0 r\n/type /catalog\n&gt;&gt;\nendobj\n3 0 obj\n&lt;&lt;\n/contents 4 0 r\n/parent 1 0 r\n/resources 46 0 r\n/type /page\n&gt;&gt;\nendobj\n4 0 obj\n&lt;&lt;\n/filter /flatedecode\n/length 597\n&gt;&gt;\nstream\nx\x9c\x85\x94qoú0\x14\x85ßû+îseµî\x8d\x9d\x84ä\x8f¬ê¦n«æúh{áåm\x0cdkâì6\xadø¯ßu\x80¶c\x14^°hâ{î=÷³\x05¾\x9ee,íð|ö©àõg\x0eé¢\x08å\x1c7åù\x1fð³\x983\x9e#\x8f\x12\x96d(*dläi¼·ø\x058\x8be\x82â\x19£»éäþ\x01×¦muw¡vp\x1d&amp;+o:ó\x9a\x95ãä\x167\x9d×¶·µóøþk«|ý-ð°v^·ðkåqé¾1k\x87\x84ãõº¬usÿõuøª\x16ºó\x0eæ.t7&lt;s¥5î!¿@ñ\x8blãç[û\x99ä,ãçm\x8b,\x1elok\x92\x19ó©\x06\x8dzkëð\\û%x\x86òx\r7xt\x97\x10ù\x87`¦5\x95n\x1cæö´\x90è\xadyª+út\x89ð¸à\x82&gt;\x9aþbwuojríp,)\x8eê\x94«\x96ºøm\xa0\x80\x0e\x9bïr&amp;ócæg¥iûf{\r¯ëew\x97äûê¹¶º+5y~ò6$«i]c®\x95_y}¹íâr\x13åæk©zõx7µ_ãìi\x04\x1a}£üüø\x96½z\x1b\x00\x11àâ !y\x92°lë\x96ë1ß[\x82ûb=6:\x08\\\x1b\x02\x80\x02ù«ý\x1e|\x99è\x98\x8c\x8f\x06\x01\x1a$¦[ïxð4eçëò\x1...969 00000 n \n0000012052 00000 n \n0000014503 00000 n \n0000014586 00000 n \n0000017082 00000 n \n0000017165 00000 n \n0000019548 00000 n \n0000019631 00000 n \n0000021810 00000 n \n0000021893 00000 n \n0000024305 00000 n \n0000024388 00000 n \n0000026887 00000 n \n0000026970 00000 n \n0000028856 00000 n \n0000028939 00000 n \n0000031153 00000 n \n0000031236 00000 n \n0000032349 00000 n \n0000032432 00000 n \n0000034527 00000 n \n0000034610 00000 n \n0000036295 00000 n \n0000036378 00000 n \n0000037963 00000 n \n0000038046 00000 n \n0000039038 00000 n \n0000039136 00000 n \n0000039239 00000 n \n0000039345 00000 n \n0000039456 00000 n \n0000039567 00000 n \n0000039678 00000 n \n0000039789 00000 n \n0000039900 00000 n \n0000040011 00000 n \n0000040122 00000 n \n0000040233 00000 n \n0000040344 00000 n \n0000040455 00000 n \n0000040566 00000 n \n0000040677 00000 n \n0000040788 00000 n \n0000040899 00000 n \n0000041010 00000 n \n0000041121 00000 n \n0000041232 00000 n \n0000041343 00000 n \n0000041454 00000 n \n0000041565 00000 n \ntrailer\n&lt;&lt;\n/size 67\n/root 2 0 r\n/info 66 0 r\n/id [&lt;7ccd6decbddfcf648903124c81a4a8f7&gt;&lt;7ccd6decbddfcf648903124c81a4a8f7&gt;]\n&gt;&gt;\nstartxref\n41621\n%%eof\n' = &lt;built-in method lower of str object at 0xabb071f2da90&gt;()&#10; +    where &lt;built-in method lower of str object at 0xabb071f2da90&gt; = '%PDF-1.3\n%éëñ¿\n1 0 obj\n&lt;&lt;\n/Count 20\n/Kids [3 0 R\n5 0 R\n7 0 R\n9 0 R\n11 0 R\n13 0 R\n15 0 R\n17 0 R\n19 0 R\n21 0 R\n23 0 R\n25 0 R\n27 0 R\n29 0 R\n31 0 R\n33 0 R\n35 0 R\n37 0 R\n39 0 R\n41 0 R]\n/MediaBox [0 0 595.28 841.89]\n/Type /Pages\n&gt;&gt;\nendobj\n2 0 obj\n&lt;&lt;\n/OpenAction [3 0 R /FitH null]\n/PageLayout /OneColumn\n/Pages 1 0 R\n/Type /Catalog\n&gt;&gt;\nendobj\n3 0 obj\n&lt;&lt;\n/Contents 4 0 R\n/Parent 1 0 R\n/Resources 46 0 R\n/Type /Page\n&gt;&gt;\nendobj\n4 0 obj\n&lt;&lt;\n/Filter /FlateDecode\n/Length 597\n&gt;&gt;\nstream\nx\x9c\x85\x94QoÚ0\x14\x85ßû+ÎSEµÎ\x8d\x9d\x84Ä\x8f¬ê¦N«ÆÚH{áÅM\x0cdKâÌ6\xadØ¯ßu\x80¶C\x14^°Hâ{Î=÷³\x05¾\x9eE,Íð|ö©ÀÕg\x0eÉ¢\x08Å\x1c7ÅÙ\x1fÐ³\x983\x9e#\x8f\x12\x96d(*DLÄi¼·Ø\x058\x8be\x82â\x19£»Éäþ\x01×¦mUW¡vP\x1d&amp;+o:Ó\x9a\x95Ãä\x167\x9d×¶·µÓøÞk«|Ý-ð°v^·ðKåQé¾1k\x87\x84Ãõº¬USÿÕUØª\x16ºó\x0eÆ.T7&lt;S¥5Î!¿@ñ\x8bLãÇ[Û\x99ä,ãÇm\x8b,\x1eloK\x92\x19Ó©\x06\x8dZkëð\\û%x\x86ÒX\r7Xt\x97\x10ù\x87`¦5\x95n\x1cæÖ´\x90è\xadyª+Út\x89Ð¸à\x82&gt;\x9aÞBwUojrÍP,)\x8eÊ\x94«\x96ºØm\xa0\x80\x0e\x9bÏr&amp;ÓcæG¥iûF{\r¯ËeW\x97äÛê¹¶º+5Y~Ò6$«i]c®\x95_Y}¹íâr\x13åÆk©zõX7µ_ÃÌi\x04\x1a}£üÜØ\x96½Z\x1b\x00\x11àâ !Y\x92°lë\x96Ë1ß[\x82ÛB=6:\x08\\\x1b\x02\x80\x02Ù«ý\x1e|\x99È\x98\x8c\x8f\x06\x01\x1a$¦[Ïxð4EçëÒ\x1...969 00000 n \n0000012052 00000 n \n0000014503 00000 n \n0000014586 00000 n \n0000017082 00000 n \n0000017165 00000 n \n0000019548 00000 n \n0000019631 00000 n \n0000021810 00000 n \n0000021893 00000 n \n0000024305 00000 n \n0000024388 00000 n \n0000026887 00000 n \n0000026970 00000 n \n0000028856 00000 n \n0000028939 00000 n \n0000031153 00000 n \n0000031236 00000 n \n0000032349 00000 n \n0000032432 00000 n \n0000034527 00000 n \n0000034610 00000 n \n0000036295 00000 n \n0000036378 00000 n \n0000037963 00000 n \n0000038046 00000 n \n0000039038 00000 n \n0000039136 00000 n \n0000039239 00000 n \n0000039345 00000 n \n0000039456 00000 n \n0000039567 00000 n \n0000039678 00000 n \n0000039789 00000 n \n0000039900 00000 n \n0000040011 00000 n \n0000040122 00000 n \n0000040233 00000 n \n0000040344 00000 n \n0000040455 00000 n \n0000040566 00000 n \n0000040677 00000 n \n0000040788 00000 n \n0000040899 00000 n \n0000041010 00000 n \n0000041121 00000 n \n0000041232 00000 n \n0000041343 00000 n \n0000041454 00000 n \n0000041565 00000 n \ntrailer\n&lt;&lt;\n/Size 67\n/Root 2 0 R\n/Info 66 0 R\n/ID [&lt;7CCD6DECBDDFCF648903124C81A4A8F7&gt;&lt;7CCD6DECBDDFCF648903124C81A4A8F7&gt;]\n&gt;&gt;\nstartxref\n41621\n%%EOF\n'.lower">backend/tests/test_iteration63_comprehensive_pdf.py:112: in test_pdf_contains_41_agent_workforce
    assert "41-Agent" in content or "41 agents" in content.lower(), "Missing 41-Agent workforce reference"
E   AssertionError: Missing 41-Agent workforce reference
E   assert ('41-Agent' in '%PDF-1.3\n%éëñ¿\n1 0 obj\n&lt;&lt;\n/Count 20\n/Kids [3 0 R\n5 0 R\n7 0 R\n9 0 R\n11 0 R\n13 0 R\n15 0 R\n17 0 R\n19 0 R\n21 0 R\n23 0 R\n25 0 R\n27 0 R\n29 0 R\n31 0 R\n33 0 R\n35 0 R\n37 0 R\n39 0 R\n41 0 R]\n/MediaBox [0 0 595.28 841.89]\n/Type /Pages\n&gt;&gt;\nendobj\n2 0 obj\n&lt;&lt;\n/OpenAction [3 0 R /FitH null]\n/PageLayout /OneColumn\n/Pages 1 0 R\n/Type /Catalog\n&gt;&gt;\nendobj\n3 0 obj\n&lt;&lt;\n/Contents 4 0 R\n/Parent 1 0 R\n/Resources 46 0 R\n/Type /Page\n&gt;&gt;\nendobj\n4 0 obj\n&lt;&lt;\n/Filter /FlateDecode\n/Length 597\n&gt;&gt;\nstream\nx\x9c\x85\x94QoÚ0\x14\x85ßû+ÎSEµÎ\x8d\x9d\x84Ä\x8f¬ê¦N«ÆÚH{áÅM\x0cdKâÌ6\xadØ¯ßu\x80¶C\x14^°Hâ{Î=÷³\x05¾\x9eE,Íð|ö©ÀÕg\x0eÉ¢\x08Å\x1c7ÅÙ\x1fÐ³\x983\x9e#\x8f\x12\x96d(*DLÄi¼·Ø\x058\x8be\x82â\x19£»Éäþ\x01×¦mUW¡vP\x1d&amp;+o:Ó\x9a\x95Ãä\x167\x9d×¶·µÓøÞk«|Ý-ð°v^·ðKåQé¾1k\x87\x84Ãõº¬USÿÕUØª\x16ºó\x0eÆ.T7&lt;S¥5Î!¿@ñ\x8bLãÇ[Û\x99ä,ãÇm\x8b,\x1eloK\x92\x19Ó©\x06\x8dZkëð\\û%x\x86ÒX\r7Xt\x97\x10ù\x87`¦5\x95n\x1cæÖ´\x90è\xadyª+Út\x89Ð¸à\x82&gt;\x9aÞBwUojrÍP,)\x8eÊ\x94«\x96ºØm\xa0\x80\x0e\x9bÏr&amp;ÓcæG¥iûF{\r¯ËeW\x97äÛê¹¶º+5Y~Ò6$«i]c®\x95_Y}¹íâr\x13åÆk©zõX7µ_ÃÌi\x04\x1a}£üÜØ\x96½Z\x1b\x00\x11àâ !Y\x92°lë\x96Ë1ß[\x82ÛB=6:\x08\\\x1b\x02\x80\x02Ù«ý\x1e|\x99È\x98\x8c\x8f\x06\x01\x1a$¦[Ïxð4EçëÒ\x1...969 00000 n \n0000012052 00000 n \n0000014503 00000 n \n0000014586 00000 n \n0000017082 00000 n \n0000017165 00000 n \n0000019548 00000 n \n0000019631 00000 n \n0000021810 00000 n \n0000021893 00000 n \n0000024305 00000 n \n0000024388 00000 n \n0000026887 00000 n \n0000026970 00000 n \n0000028856 00000 n \n0000028939 00000 n \n0000031153 00000 n \n0000031236 00000 n \n0000032349 00000 n \n0000032432 00000 n \n0000034527 00000 n \n0000034610 00000 n \n0000036295 00000 n \n0000036378 00000 n \n0000037963 00000 n \n0000038046 00000 n \n0000039038 00000 n \n0000039136 00000 n \n0000039239 00000 n \n0000039345 00000 n \n0000039456 00000 n \n0000039567 00000 n \n0000039678 00000 n \n0000039789 00000 n \n0000039900 00000 n \n0000040011 00000 n \n0000040122 00000 n \n0000040233 00000 n \n0000040344 00000 n \n0000040455 00000 n \n0000040566 00000 n \n0000040677 00000 n \n0000040788 00000 n \n0000040899 00000 n \n0000041010 00000 n \n0000041121 00000 n \n0000041232 00000 n \n0000041343 00000 n \n0000041454 00000 n \n0000041565 00000 n \ntrailer\n&lt;&lt;\n/Size 67\n/Root 2 0 R\n/Info 66 0 R\n/ID [&lt;7CCD6DECBDDFCF648903124C81A4A8F7&gt;&lt;7CCD6DECBDDFCF648903124C81A4A8F7&gt;]\n&gt;&gt;\nstartxref\n41621\n%%EOF\n' or '41 agents' in '%pdf-1.3\n%éëñ¿\n1 0 obj\n&lt;&lt;\n/count 20\n/kids [3 0 r\n5 0 r\n7 0 r\n9 0 r\n11 0 r\n13 0 r\n15 0 r\n17 0 r\n19 0 r\n21 0 r\n23 0 r\n25 0 r\n27 0 r\n29 0 r\n31 0 r\n33 0 r\n35 0 r\n37 0 r\n39 0 r\n41 0 r]\n/mediabox [0 0 595.28 841.89]\n/type /pages\n&gt;&gt;\nendobj\n2 0 obj\n&lt;&lt;\n/openaction [3 0 r /fith null]\n/pagelayout /onecolumn\n/pages 1 0 r\n/type /catalog\n&gt;&gt;\nendobj\n3 0 obj\n&lt;&lt;\n/contents 4 0 r\n/parent 1 0 r\n/resources 46 0 r\n/type /page\n&gt;&gt;\nendobj\n4 0 obj\n&lt;&lt;\n/filter /flatedecode\n/length 597\n&gt;&gt;\nstream\nx\x9c\x85\x94qoú0\x14\x85ßû+îseµî\x8d\x9d\x84ä\x8f¬ê¦n«æúh{áåm\x0cdkâì6\xadø¯ßu\x80¶c\x14^°hâ{î=÷³\x05¾\x9ee,íð|ö©àõg\x0eé¢\x08å\x1c7åù\x1fð³\x983\x9e#\x8f\x12\x96d(*dläi¼·ø\x058\x8be\x82â\x19£»éäþ\x01×¦muw¡vp\x1d&amp;+o:ó\x9a\x95ãä\x167\x9d×¶·µóøþk«|ý-ð°v^·ðkåqé¾1k\x87\x84ãõº¬usÿõuøª\x16ºó\x0eæ.t7&lt;s¥5î!¿@ñ\x8blãç[û\x99ä,ãçm\x8b,\x1elok\x92\x19ó©\x06\x8dzkëð\\û%x\x86òx\r7xt\x97\x10ù\x87`¦5\x95n\x1cæö´\x90è\xadyª+út\x89ð¸à\x82&gt;\x9aþbwuojríp,)\x8eê\x94«\x96ºøm\xa0\x80\x0e\x9bïr&amp;ócæg¥iûf{\r¯ëew\x97äûê¹¶º+5y~ò6$«i]c®\x95_y}¹íâr\x13åæk©zõx7µ_ãìi\x04\x1a}£üüø\x96½z\x1b\x00\x11àâ !y\x92°lë\x96ë1ß[\x82ûb=6:\x08\\\x1b\x02\x80\x02ù«ý\x1e|\x99è\x98\x8c\x8f\x06\x01\x1a$¦[ïxð4eçëò\x1...969 00000 n \n0000012052 00000 n \n0000014503 00000 n \n0000014586 00000 n \n0000017082 00000 n \n0000017165 00000 n \n0000019548 00000 n \n0000019631 00000 n \n0000021810 00000 n \n0000021893 00000 n \n0000024305 00000 n \n0000024388 00000 n \n0000026887 00000 n \n0000026970 00000 n \n0000028856 00000 n \n0000028939 00000 n \n0000031153 00000 n \n0000031236 00000 n \n0000032349 00000 n \n0000032432 00000 n \n0000034527 00000 n \n0000034610 00000 n \n0000036295 00000 n \n0000036378 00000 n \n0000037963 00000 n \n0000038046 00000 n \n0000039038 00000 n \n0000039136 00000 n \n0000039239 00000 n \n0000039345 00000 n \n0000039456 00000 n \n0000039567 00000 n \n0000039678 00000 n \n0000039789 00000 n \n0000039900 00000 n \n0000040011 00000 n \n0000040122 00000 n \n0000040233 00000 n \n0000040344 00000 n \n0000040455 00000 n \n0000040566 00000 n \n0000040677 00000 n \n0000040788 00000 n \n0000040899 00000 n \n0000041010 00000 n \n0000041121 00000 n \n0000041232 00000 n \n0000041343 00000 n \n0000041454 00000 n \n0000041565 00000 n \ntrailer\n&lt;&lt;\n/size 67\n/root 2 0 r\n/info 66 0 r\n/id [&lt;7ccd6decbddfcf648903124c81a4a8f7&gt;&lt;7ccd6decbddfcf648903124c81a4a8f7&gt;]\n&gt;&gt;\nstartxref\n41621\n%%eof\n')
E    +  where '%pdf-1.3\n%éëñ¿\n1 0 obj\n&lt;&lt;\n/count 20\n/kids [3 0 r\n5 0 r\n7 0 r\n9 0 r\n11 0 r\n13 0 r\n15 0 r\n17 0 r\n19 0 r\n21 0 r\n23 0 r\n25 0 r\n27 0 r\n29 0 r\n31 0 r\n33 0 r\n35 0 r\n37 0 r\n39 0 r\n41 0 r]\n/mediabox [0 0 595.28 841.89]\n/type /pages\n&gt;&gt;\nendobj\n2 0 obj\n&lt;&lt;\n/openaction [3 0 r /fith null]\n/pagelayout /onecolumn\n/pages 1 0 r\n/type /catalog\n&gt;&gt;\nendobj\n3 0 obj\n&lt;&lt;\n/contents 4 0 r\n/parent 1 0 r\n/resources 46 0 r\n/type /page\n&gt;&gt;\nendobj\n4 0 obj\n&lt;&lt;\n/filter /flatedecode\n/length 597\n&gt;&gt;\nstream\nx\x9c\x85\x94qoú0\x14\x85ßû+îseµî\x8d\x9d\x84ä\x8f¬ê¦n«æúh{áåm\x0cdkâì6\xadø¯ßu\x80¶c\x14^°hâ{î=÷³\x05¾\x9ee,íð|ö©àõg\x0eé¢\x08å\x1c7åù\x1fð³\x983\x9e#\x8f\x12\x96d(*dläi¼·ø\x058\x8be\x82â\x19£»éäþ\x01×¦muw¡vp\x1d&amp;+o:ó\x9a\x95ãä\x167\x9d×¶·µóøþk«|ý-ð°v^·ðkåqé¾1k\x87\x84ãõº¬usÿõuøª\x16ºó\x0eæ.t7&lt;s¥5î!¿@ñ\x8blãç[û\x99ä,ãçm\x8b,\x1elok\x92\x19ó©\x06\x8dzkëð\\û%x\x86òx\r7xt\x97\x10ù\x87`¦5\x95n\x1cæö´\x90è\xadyª+út\x89ð¸à\x82&gt;\x9aþbwuojríp,)\x8eê\x94«\x96ºøm\xa0\x80\x0e\x9bïr&amp;ócæg¥iûf{\r¯ëew\x97äûê¹¶º+5y~ò6$«i]c®\x95_y}¹íâr\x13åæk©zõx7µ_ãìi\x04\x1a}£üüø\x96½z\x1b\x00\x11àâ !y\x92°lë\x96ë1ß[\x82ûb=6:\x08\\\x1b\x02\x80\x02ù«ý\x1e|\x99è\x98\x8c\x8f\x06\x01\x1a$¦[ïxð4eçëò\x1...969 00000 n \n0000012052 00000 n \n0000014503 00000 n \n0000014586 00000 n \n0000017082 00000 n \n0000017165 00000 n \n0000019548 00000 n \n0000019631 00000 n \n0000021810 00000 n \n0000021893 00000 n \n0000024305 00000 n \n0000024388 00000 n \n0000026887 00000 n \n0000026970 00000 n \n0000028856 00000 n \n0000028939 00000 n \n0000031153 00000 n \n0000031236 00000 n \n0000032349 00000 n \n0000032432 00000 n \n0000034527 00000 n \n0000034610 00000 n \n0000036295 00000 n \n0000036378 00000 n \n0000037963 00000 n \n0000038046 00000 n \n0000039038 00000 n \n0000039136 00000 n \n0000039239 00000 n \n0000039345 00000 n \n0000039456 00000 n \n0000039567 00000 n \n0000039678 00000 n \n0000039789 00000 n \n0000039900 00000 n \n0000040011 00000 n \n0000040122 00000 n \n0000040233 00000 n \n0000040344 00000 n \n0000040455 00000 n \n0000040566 00000 n \n0000040677 00000 n \n0000040788 00000 n \n0000040899 00000 n \n0000041010 00000 n \n0000041121 00000 n \n0000041232 00000 n \n0000041343 00000 n \n0000041454 00000 n \n0000041565 00000 n \ntrailer\n&lt;&lt;\n/size 67\n/root 2 0 r\n/info 66 0 r\n/id [&lt;7ccd6decbddfcf648903124c81a4a8f7&gt;&lt;7ccd6decbddfcf648903124c81a4a8f7&gt;]\n&gt;&gt;\nstartxref\n41621\n%%eof\n' = &lt;built-in method lower of str object at 0xabb071f2da90&gt;()
E    +    where &lt;built-in method lower of str object at 0xabb071f2da90&gt; = '%PDF-1.3\n%éëñ¿\n1 0 obj\n&lt;&lt;\n/Count 20\n/Kids [3 0 R\n5 0 R\n7 0 R\n9 0 R\n11 0 R\n13 0 R\n15 0 R\n17 0 R\n19 0 R\n21 0 R\n23 0 R\n25 0 R\n27 0 R\n29 0 R\n31 0 R\n33 0 R\n35 0 R\n37 0 R\n39 0 R\n41 0 R]\n/MediaBox [0 0 595.28 841.89]\n/Type /Pages\n&gt;&gt;\nendobj\n2 0 obj\n&lt;&lt;\n/OpenAction [3 0 R /FitH null]\n/PageLayout /OneColumn\n/Pages 1 0 R\n/Type /Catalog\n&gt;&gt;\nendobj\n3 0 obj\n&lt;&lt;\n/Contents 4 0 R\n/Parent 1 0 R\n/Resources 46 0 R\n/Type /Page\n&gt;&gt;\nendobj\n4 0 obj\n&lt;&lt;\n/Filter /FlateDecode\n/Length 597\n&gt;&gt;\nstream\nx\x9c\x85\x94QoÚ0\x14\x85ßû+ÎSEµÎ\x8d\x9d\x84Ä\x8f¬ê¦N«ÆÚH{áÅM\x0cdKâÌ6\xadØ¯ßu\x80¶C\x14^°Hâ{Î=÷³\x05¾\x9eE,Íð|ö©ÀÕg\x0eÉ¢\x08Å\x1c7ÅÙ\x1fÐ³\x983\x9e#\x8f\x12\x96d(*DLÄi¼·Ø\x058\x8be\x82â\x19£»Éäþ\x01×¦mUW¡vP\x1d&amp;+o:Ó\x9a\x95Ãä\x167\x9d×¶·µÓøÞk«|Ý-ð°v^·ðKåQé¾1k\x87\x84Ãõº¬USÿÕUØª\x16ºó\x0eÆ.T7&lt;S¥5Î!¿@ñ\x8bLãÇ[Û\x99ä,ãÇm\x8b,\x1eloK\x92\x19Ó©\x06\x8dZkëð\\û%x\x86ÒX\r7Xt\x97\x10ù\x87`¦5\x95n\x1cæÖ´\x90è\xadyª+Út\x89Ð¸à\x82&gt;\x9aÞBwUojrÍP,)\x8eÊ\x94«\x96ºØm\xa0\x80\x0e\x9bÏr&amp;ÓcæG¥iûF{\r¯ËeW\x97äÛê¹¶º+5Y~Ò6$«i]c®\x95_Y}¹íâr\x13åÆk©zõX7µ_ÃÌi\x04\x1a}£üÜØ\x96½Z\x1b\x00\x11àâ !Y\x92°lë\x96Ë1ß[\x82ÛB=6:\x08\\\x1b\x02\x80\x02Ù«ý\x1e|\x99È\x98\x8c\x8f\x06\x01\x1a$¦[Ïxð4EçëÒ\x1...969 00000 n \n0000012052 00000 n \n0000014503 00000 n \n0000014586 00000 n \n0000017082 00000 n \n0000017165 00000 n \n0000019548 00000 n \n0000019631 00000 n \n0000021810 00000 n \n0000021893 00000 n \n0000024305 00000 n \n0000024388 00000 n \n0000026887 00000 n \n0000026970 00000 n \n0000028856 00000 n \n0000028939 00000 n \n0000031153 00000 n \n0000031236 00000 n \n0000032349 00000 n \n0000032432 00000 n \n0000034527 00000 n \n0000034610 00000 n \n0000036295 00000 n \n0000036378 00000 n \n0000037963 00000 n \n0000038046 00000 n \n0000039038 00000 n \n0000039136 00000 n \n0000039239 00000 n \n0000039345 00000 n \n0000039456 00000 n \n0000039567 00000 n \n0000039678 00000 n \n0000039789 00000 n \n0000039900 00000 n \n0000040011 00000 n \n0000040122 00000 n \n0000040233 00000 n \n0000040344 00000 n \n0000040455 00000 n \n0000040566 00000 n \n0000040677 00000 n \n0000040788 00000 n \n0000040899 00000 n \n0000041010 00000 n \n0000041121 00000 n \n0000041232 00000 n \n0000041343 00000 n \n0000041454 00000 n \n0000041565 00000 n \ntrailer\n&lt;&lt;\n/Size 67\n/Root 2 0 R\n/Info 66 0 R\n/ID [&lt;7CCD6DECBDDFCF648903124C81A4A8F7&gt;&lt;7CCD6DECBDDFCF648903124C81A4A8F7&gt;]\n&gt;&gt;\nstartxref\n41621\n%%EOF\n'.lower</failure></testcase><testcase classname="backend.tests.test_iteration63_comprehensive_pdf.TestComprehensivePDF" name="test_pdf_contains_8_organizational_layers" time="0.000"><failure message="AssertionError: Only found 0 layers, expected 8&#10;assert 0 &gt;= 7&#10; +  where 0 = len([])">backend/tests/test_iteration63_comprehensive_pdf.py:130: in test_pdf_contains_8_organizational_layers
    assert len(found_layers) &gt;= 7, f"Only found {len(found_layers)} layers, expected 8"
E   AssertionError: Only found 0 layers, expected 8
E   assert 0 &gt;= 7
E    +  where 0 = len([])</failure></testcase><testcase classname="backend.tests.test_iteration63_comprehensive_pdf.TestComprehensivePDF" name="test_pdf_contains_17_systems_detailed" time="0.001"><failure message="AssertionError: Only found 0 systems, expected 17&#10;assert 0 &gt;= 14&#10; +  where 0 = len([])">backend/tests/test_iteration63_comprehensive_pdf.py:158: in test_pdf_contains_17_systems_detailed
    assert len(found_systems) &gt;= 14, f"Only found {len(found_systems)} systems, expected 17"
E   AssertionError: Only found 0 systems, expected 17
E   assert 0 &gt;= 14
E    +  where 0 = len([])</failure></testcase><testcase classname="backend.tests.test_iteration63_comprehensive_pdf.TestComprehensivePDF" name="test_pdf_system_sections_have_five_parts" time="0.000"><failure message="AssertionError: Only found [], expected all 5 section types&#10;assert 0 == 5&#10; +  where 0 = len([])">backend/tests/test_iteration63_comprehensive_pdf.py:174: in test_pdf_system_sections_have_five_parts
    assert len(found_headers) == 5, f"Only found {found_headers}, expected all 5 section types"
E   AssertionError: Only found [], expected all 5 section types
E   assert 0 == 5
E    +  where 0 = len([])</failure></testcase><testcase classname="backend.tests.test_iteration63_comprehensive_pdf.TestComprehensivePDF" name="test_pdf_contains_9_ai_providers" time="0.001"><failure message="AssertionError: Only found 0 providers, expected 9&#10;assert 0 &gt;= 8&#10; +  where 0 = len([])">backend/tests/test_iteration63_comprehensive_pdf.py:193: in test_pdf_contains_9_ai_providers
    assert len(found_providers) &gt;= 8, f"Only found {len(found_providers)} providers, expected 9"
E   AssertionError: Only found 0 providers, expected 9
E   assert 0 &gt;= 8
E    +  where 0 = len([])</failure></testcase><testcase classname="backend.tests.test_iteration63_comprehensive_pdf.TestComprehensivePDF" name="test_pdf_contains_technical_architecture" time="0.001"><failure message="AssertionError: Missing 'Technical Architecture' section&#10;assert 'Technical Architecture' in '%PDF-1.3\n%éëñ¿\n1 0 obj\n&lt;&lt;\n/Count 20\n/Kids [3 0 R\n5 0 R\n7 0 R\n9 0 R\n11 0 R\n13 0 R\n15 0 R\n17 0 R\n19 0 R\n21 0 R\n23 0 R\n25 0 R\n27 0 R\n29 0 R\n31 0 R\n33 0 R\n35 0 R\n37 0 R\n39 0 R\n41 0 R]\n/MediaBox [0 0 595.28 841.89]\n/Type /Pages\n&gt;&gt;\nendobj\n2 0 obj\n&lt;&lt;\n/OpenAction [3 0 R /FitH null]\n/PageLayout /OneColumn\n/Pages 1 0 R\n/Type /Catalog\n&gt;&gt;\nendobj\n3 0 obj\n&lt;&lt;\n/Contents 4 0 R\n/Parent 1 0 R\n/Resources 46 0 R\n/Type /Page\n&gt;&gt;\nendobj\n4 0 obj\n&lt;&lt;\n/Filter /FlateDecode\n/Length 597\n&gt;&gt;\nstream\nx\x9c\x85\x94QoÚ0\x14\x85ßû+ÎSEµÎ\x8d\x9d\x84Ä\x8f¬ê¦N«ÆÚH{áÅM\x0cdKâÌ6\xadØ¯ßu\x80¶C\x14^°Hâ{Î=÷³\x05¾\x9eE,Íð|ö©ÀÕg\x0eÉ¢\x08Å\x1c7ÅÙ\x1fÐ³\x983\x9e#\x8f\x12\x96d(*DLÄi¼·Ø\x058\x8be\x82â\x19£»Éäþ\x01×¦mUW¡vP\x1d&amp;+o:Ó\x9a\x95Ãä\x167\x9d×¶·µÓøÞk«|Ý-ð°v^·ðKåQé¾1k\x87\x84Ãõº¬USÿÕUØª\x16ºó\x0eÆ.T7&lt;S¥5Î!¿@ñ\x8bLãÇ[Û\x99ä,ãÇm\x8b,\x1eloK\x92\x19Ó©\x06\x8dZkëð\\û%x\x86ÒX\r7Xt\x97\x10ù\x87`¦5\x95n\x1cæÖ´\x90è\xadyª+Út\x89Ð¸à\x82&gt;\x9aÞBwUojrÍP,)\x8eÊ\x94«\x96ºØm\xa0\x80\x0e\x9bÏr&amp;ÓcæG¥iûF{\r¯ËeW\x97äÛê¹¶º+5Y~Ò6$«i]c®\x95_Y}¹íâr\x13åÆk©zõX7µ_ÃÌi\x04\x1a}£üÜØ\x96½Z\x1b\x00\x11àâ !Y\x92°lë\x96Ë1ß[\x82ÛB=6:\x08\\\x1b\x02\x80\x02Ù«ý\x1e|\x99È\x98\x8c\x8f\x06\x01\x1a$¦[Ïxð4EçëÒ\x1...969 00000 n \n0000012052 00000 n \n0000014503 00000 n \n0000014586 00000 n \n0000017082 00000 n \n0000017165 00000 n \n0000019548 00000 n \n0000019631 00000 n \n0000021810 00000 n \n0000021893 00000 n \n0000024305 00000 n \n0000024388 00000 n \n0000026887 00000 n \n0000026970 00000 n \n0000028856 00000 n \n0000028939 00000 n \n0000031153 00000 n \n0000031236 00000 n \n0000032349 00000 n \n0000032432 00000 n \n0000034527 00000 n \n0000034610 00000 n \n0000036295 00000 n \n0000036378 00000 n \n0000037963 00000 n \n0000038046 00000 n \n0000039038 00000 n \n0000039136 00000 n \n0000039239 00000 n \n0000039345 00000 n \n0000039456 00000 n \n0000039567 00000 n \n0000039678 00000 n \n0000039789 00000 n \n0000039900 00000 n \n0000040011 00000 n \n0000040122 00000 n \n0000040233 00000 n \n0000040344 00000 n \n0000040455 00000 n \n0000040566 00000 n \n0000040677 00000 n \n0000040788 00000 n \n0000040899 00000 n \n0000041010 00000 n \n0000041121 00000 n \n0000041232 00000 n \n0000041343 00000 n \n0000041454 00000 n \n0000041565 00000 n \ntrailer\n&lt;&lt;\n/Size 67\n/Root 2 0 R\n/Info 66 0 R\n/ID [&lt;7CCD6DECBDDFCF648903124C81A4A8F7&gt;&lt;7CCD6DECBDDFCF648903124C81A4A8F7&gt;]\n&gt;&gt;\nstartxref\n41621\n%%EOF\n'">backend/tests/test_iteration63_comprehensive_pdf.py:199: in test_pdf_contains_technical_architecture
    assert "Technical Architecture" in content, "Missing 'Technical Architecture' section"
E   AssertionError: Missing 'Technical Architecture' section
E   assert 'Technical Architecture' in '%PDF-1.3\n%éëñ¿\n1 0 obj\n&lt;&lt;\n/Count 20\n/Kids [3 0 R\n5 0 R\n7 0 R\n9 0 R\n11 0 R\n13 0 R\n15 0 R\n17 0 R\n19 0 R\n21 0 R\n23 0 R\n25 0 R\n27 0 R\n29 0 R\n31 0 R\n33 0 R\n35 0 R\n37 0 R\n39 0 R\n41 0 R]\n/MediaBox [0 0 595.28 841.89]\n/Type /Pages\n&gt;&gt;\nendobj\n2 0 obj\n&lt;&lt;\n/OpenAction [3 0 R /FitH null]\n/PageLayout /OneColumn\n/Pages 1 0 R\n/Type /Catalog\n&gt;&gt;\nendobj\n3 0 obj\n&lt;&lt;\n/Contents 4 0 R\n/Parent 1 0 R\n/Resources 46 0 R\n/Type /Page\n&gt;&gt;\nendobj\n4 0 obj\n&lt;&lt;\n/Filter /FlateDecode\n/Length 597\n&gt;&gt;\nstream\nx\x9c\x85\x94QoÚ0\x14\x85ßû+ÎSEµÎ\x8d\x9d\x84Ä\x8f¬ê¦N«ÆÚH{áÅM\x0cdKâÌ6\xadØ¯ßu\x80¶C\x14^°Hâ{Î=÷³\x05¾\x9eE,Íð|ö©ÀÕg\x0eÉ¢\x08Å\x1c7ÅÙ\x1fÐ³\x983\x9e#\x8f\x12\x96d(*DLÄi¼·Ø\x058\x8be\x82â\x19£»Éäþ\x01×¦mUW¡vP\x1d&amp;+o:Ó\x9a\x95Ãä\x167\x9d×¶·µÓøÞk«|Ý-ð°v^·ðKåQé¾1k\x87\x84Ãõº¬USÿÕUØª\x16ºó\x0eÆ.T7&lt;S¥5Î!¿@ñ\x8bLãÇ[Û\x99ä,ãÇm\x8b,\x1eloK\x92\x19Ó©\x06\x8dZkëð\\û%x\x86ÒX\r7Xt\x97\x10ù\x87`¦5\x95n\x1cæÖ´\x90è\xadyª+Út\x89Ð¸à\x82&gt;\x9aÞBwUojrÍP,)\x8eÊ\x94«\x96ºØm\xa0\x80\x0e\x9bÏr&amp;ÓcæG¥iûF{\r¯ËeW\x97äÛê¹¶º+5Y~Ò6$«i]c®\x95_Y}¹íâr\x13åÆk©zõX7µ_ÃÌi\x04\x1a}£üÜØ\x96½Z\x1b\x00\x11àâ !Y\x92°lë\x96Ë1ß[\x82ÛB=6:\x08\\\x1b\x02\x80\x02Ù«ý\x1e|\x99È\x98\x8c\x8f\x06\x01\x1a$¦[Ïxð4EçëÒ\x1...969 00000 n \n0000012052 00000 n \n0000014503 00000 n \n0000014586 00000 n \n0000017082 00000 n \n0000017165 00000 n \n0000019548 00000 n \n0000019631 00000 n \n0000021810 00000 n \n0000021893 00000 n \n0000024305 00000 n \n0000024388 00000 n \n0000026887 00000 n \n0000026970 00000 n \n0000028856 00000 n \n0000028939 00000 n \n0000031153 00000 n \n0000031236 00000 n \n0000032349 00000 n \n0000032432 00000 n \n0000034527 00000 n \n0000034610 00000 n \n0000036295 00000 n \n0000036378 00000 n \n0000037963 00000 n \n0000038046 00000 n \n0000039038 00000 n \n0000039136 00000 n \n0000039239 00000 n \n0000039345 00000 n \n0000039456 00000 n \n0000039567 00000 n \n0000039678 00000 n \n0000039789 00000 n \n0000039900 00000 n \n0000040011 00000 n \n0000040122 00000 n \n0000040233 00000 n \n0000040344 00000 n \n0000040455 00000 n \n0000040566 00000 n \n0000040677 00000 n \n0000040788 00000 n \n0000040899 00000 n \n0000041010 00000 n \n0000041121 00000 n \n0000041232 00000 n \n0000041343 00000 n \n0000041454 00000 n \n0000041565 00000 n \ntrailer\n&lt;&lt;\n/Size 67\n/Root 2 0 R\n/Info 66 0 R\n/ID [&lt;7CCD6DECBDDFCF648903124C81A4A8F7&gt;&lt;7CCD6DECBDDFCF648903124C81A4A8F7&gt;]\n&gt;&gt;\nstartxref\n41621\n%%EOF\n'</failure></testcase><testcase classname="backend.tests.test_iteration63_comprehensive_pdf.TestComprehensivePDF" name="test_pdf_architecture_has_all_subsections" time="0.000"><failure message="AssertionError: Only found [], expected at least 3 subsections&#10;assert 0 &gt;= 3&#10; +  where 0 = len([])">backend/tests/test_iteration63_comprehensive_pdf.py:208: in test_pdf_architecture_has_all_subsections
    assert len(found) &gt;= 3, f"Only found {found}, expected at least 3 subsections"
E   AssertionError: Only found [], expected at least 3 subsections
E   assert 0 &gt;= 3
E    +  where 0 = len([])</failure></testcase><testcase classname="backend.tests.test_iteration63_comprehensive_pdf.TestComprehensivePDF" name="test_pdf_contains_api_reference" time="0.001"><failure message="AssertionError: Missing 'API Reference' section&#10;assert 'API Reference' in '%PDF-1.3\n%éëñ¿\n1 0 obj\n&lt;&lt;\n/Count 20\n/Kids [3 0 R\n5 0 R\n7 0 R\n9 0 R\n11 0 R\n13 0 R\n15 0 R\n17 0 R\n19 0 R\n21 0 R\n23 0 R\n25 0 R\n27 0 R\n29 0 R\n31 0 R\n33 0 R\n35 0 R\n37 0 R\n39 0 R\n41 0 R]\n/MediaBox [0 0 595.28 841.89]\n/Type /Pages\n&gt;&gt;\nendobj\n2 0 obj\n&lt;&lt;\n/OpenAction [3 0 R /FitH null]\n/PageLayout /OneColumn\n/Pages 1 0 R\n/Type /Catalog\n&gt;&gt;\nendobj\n3 0 obj\n&lt;&lt;\n/Contents 4 0 R\n/Parent 1 0 R\n/Resources 46 0 R\n/Type /Page\n&gt;&gt;\nendobj\n4 0 obj\n&lt;&lt;\n/Filter /FlateDecode\n/Length 597\n&gt;&gt;\nstream\nx\x9c\x85\x94QoÚ0\x14\x85ßû+ÎSEµÎ\x8d\x9d\x84Ä\x8f¬ê¦N«ÆÚH{áÅM\x0cdKâÌ6\xadØ¯ßu\x80¶C\x14^°Hâ{Î=÷³\x05¾\x9eE,Íð|ö©ÀÕg\x0eÉ¢\x08Å\x1c7ÅÙ\x1fÐ³\x983\x9e#\x8f\x12\x96d(*DLÄi¼·Ø\x058\x8be\x82â\x19£»Éäþ\x01×¦mUW¡vP\x1d&amp;+o:Ó\x9a\x95Ãä\x167\x9d×¶·µÓøÞk«|Ý-ð°v^·ðKåQé¾1k\x87\x84Ãõº¬USÿÕUØª\x16ºó\x0eÆ.T7&lt;S¥5Î!¿@ñ\x8bLãÇ[Û\x99ä,ãÇm\x8b,\x1eloK\x92\x19Ó©\x06\x8dZkëð\\û%x\x86ÒX\r7Xt\x97\x10ù\x87`¦5\x95n\x1cæÖ´\x90è\xadyª+Út\x89Ð¸à\x82&gt;\x9aÞBwUojrÍP,)\x8eÊ\x94«\x96ºØm\xa0\x80\x0e\x9bÏr&amp;ÓcæG¥iûF{\r¯ËeW\x97äÛê¹¶º+5Y~Ò6$«i]c®\x95_Y}¹íâr\x13åÆk©zõX7µ_ÃÌi\x04\x1a}£üÜØ\x96½Z\x1b\x00\x11àâ !Y\x92°lë\x96Ë1ß[\x82ÛB=6:\x08\\\x1b\x02\x80\x02Ù«ý\x1e|\x99È\x98\x8c\x8f\x06\x01\x1a$¦[Ïxð4EçëÒ\x1...969 00000 n \n0000012052 00000 n \n0000014503 00000 n \n0000014586 00000 n \n0000017082 00000 n \n0000017165 00000 n \n0000019548 00000 n \n0000019631 00000 n \n0000021810 00000 n \n0000021893 00000 n \n0000024305 00000 n \n0000024388 00000 n \n0000026887 00000 n \n0000026970 00000 n \n0000028856 00000 n \n0000028939 00000 n \n0000031153 00000 n \n0000031236 00000 n \n0000032349 00000 n \n0000032432 00000 n \n0000034527 00000 n \n0000034610 00000 n \n0000036295 00000 n \n0000036378 00000 n \n0000037963 00000 n \n0000038046 00000 n \n0000039038 00000 n \n0000039136 00000 n \n0000039239 00000 n \n0000039345 00000 n \n0000039456 00000 n \n0000039567 00000 n \n0000039678 00000 n \n0000039789 00000 n \n0000039900 00000 n \n0000040011 00000 n \n0000040122 00000 n \n0000040233 00000 n \n0000040344 00000 n \n0000040455 00000 n \n0000040566 00000 n \n0000040677 00000 n \n0000040788 00000 n \n0000040899 00000 n \n0000041010 00000 n \n0000041121 00000 n \n0000041232 00000 n \n0000041343 00000 n \n0000041454 00000 n \n0000041565 00000 n \ntrailer\n&lt;&lt;\n/Size 67\n/Root 2 0 R\n/Info 66 0 R\n/ID [&lt;7CCD6DECBDDFCF648903124C81A4A8F7&gt;&lt;7CCD6DECBDDFCF648903124C81A4A8F7&gt;]\n&gt;&gt;\nstartxref\n41621\n%%EOF\n'">backend/tests/test_iteration63_comprehensive_pdf.py:214: in test_pdf_contains_api_reference
    assert "API Reference" in content, "Missing 'API Reference' section"
E   AssertionError: Missing 'API Reference' section
E   assert 'API Reference' in '%PDF-1.3\n%éëñ¿\n1 0 obj\n&lt;&lt;\n/Count 20\n/Kids [3 0 R\n5 0 R\n7 0 R\n9 0 R\n11 0 R\n13 0 R\n15 0 R\n17 0 R\n19 0 R\n21 0 R\n23 0 R\n25 0 R\n27 0 R\n29 0 R\n31 0 R\n33 0 R\n35 0 R\n37 0 R\n39 0 R\n41 0 R]\n/MediaBox [0 0 595.28 841.89]\n/Type /Pages\n&gt;&gt;\nendobj\n2 0 obj\n&lt;&lt;\n/OpenAction [3 0 R /FitH null]\n/PageLayout /OneColumn\n/Pages 1 0 R\n/Type /Catalog\n&gt;&gt;\nendobj\n3 0 obj\n&lt;&lt;\n/Contents 4 0 R\n/Parent 1 0 R\n/Resources 46 0 R\n/Type /Page\n&gt;&gt;\nendobj\n4 0 obj\n&lt;&lt;\n/Filter /FlateDecode\n/Length 597\n&gt;&gt;\nstream\nx\x9c\x85\x94QoÚ0\x14\x85ßû+ÎSEµÎ\x8d\x9d\x84Ä\x8f¬ê¦N«ÆÚH{áÅM\x0cdKâÌ6\xadØ¯ßu\x80¶C\x14^°Hâ{Î=÷³\x05¾\x9eE,Íð|ö©ÀÕg\x0eÉ¢\x08Å\x1c7ÅÙ\x1fÐ³\x983\x9e#\x8f\x12\x96d(*DLÄi¼·Ø\x058\x8be\x82â\x19£»Éäþ\x01×¦mUW¡vP\x1d&amp;+o:Ó\x9a\x95Ãä\x167\x9d×¶·µÓøÞk«|Ý-ð°v^·ðKåQé¾1k\x87\x84Ãõº¬USÿÕUØª\x16ºó\x0eÆ.T7&lt;S¥5Î!¿@ñ\x8bLãÇ[Û\x99ä,ãÇm\x8b,\x1eloK\x92\x19Ó©\x06\x8dZkëð\\û%x\x86ÒX\r7Xt\x97\x10ù\x87`¦5\x95n\x1cæÖ´\x90è\xadyª+Út\x89Ð¸à\x82&gt;\x9aÞBwUojrÍP,)\x8eÊ\x94«\x96ºØm\xa0\x80\x0e\x9bÏr&amp;ÓcæG¥iûF{\r¯ËeW\x97äÛê¹¶º+5Y~Ò6$«i]c®\x95_Y}¹íâr\x13åÆk©zõX7µ_ÃÌi\x04\x1a}£üÜØ\x96½Z\x1b\x00\x11àâ !Y\x92°lë\x96Ë1ß[\x82ÛB=6:\x08\\\x1b\x02\x80\x02Ù«ý\x1e|\x99È\x98\x8c\x8f\x06\x01\x1a$¦[Ïxð4EçëÒ\x1...969 00000 n \n0000012052 00000 n \n0000014503 00000 n \n0000014586 00000 n \n0000017082 00000 n \n0000017165 00000 n \n0000019548 00000 n \n0000019631 00000 n \n0000021810 00000 n \n0000021893 00000 n \n0000024305 00000 n \n0000024388 00000 n \n0000026887 00000 n \n0000026970 00000 n \n0000028856 00000 n \n0000028939 00000 n \n0000031153 00000 n \n0000031236 00000 n \n0000032349 00000 n \n0000032432 00000 n \n0000034527 00000 n \n0000034610 00000 n \n0000036295 00000 n \n0000036378 00000 n \n0000037963 00000 n \n0000038046 00000 n \n0000039038 00000 n \n0000039136 00000 n \n0000039239 00000 n \n0000039345 00000 n \n0000039456 00000 n \n0000039567 00000 n \n0000039678 00000 n \n0000039789 00000 n \n0000039900 00000 n \n0000040011 00000 n \n0000040122 00000 n \n0000040233 00000 n \n0000040344 00000 n \n0000040455 00000 n \n0000040566 00000 n \n0000040677 00000 n \n0000040788 00000 n \n0000040899 00000 n \n0000041010 00000 n \n0000041121 00000 n \n0000041232 00000 n \n0000041343 00000 n \n0000041454 00000 n \n0000041565 00000 n \ntrailer\n&lt;&lt;\n/Size 67\n/Root 2 0 R\n/Info 66 0 R\n/ID [&lt;7CCD6DECBDDFCF648903124C81A4A8F7&gt;&lt;7CCD6DECBDDFCF648903124C81A4A8F7&gt;]\n&gt;&gt;\nstartxref\n41621\n%%EOF\n'</failure></testcase><testcase classname="backend.tests.test_iteration63_comprehensive_pdf.TestComprehensivePDF" name="test_pdf_api_reference_has_212_plus_endpoints" time="0.000" /><testcase classname="backend.tests.test_iteration63_comprehensive_pdf.TestComprehensivePDF" name="test_pdf_api_has_13_sections" time="0.000"><failure message="AssertionError: Only found 1 API sections, expected 13&#10;assert 1 &gt;= 10&#10; +  where 1 = len(['Content'])">backend/tests/test_iteration63_comprehensive_pdf.py:244: in test_pdf_api_has_13_sections
    assert len(found_sections) &gt;= 10, f"Only found {len(found_sections)} API sections, expected 13"
E   AssertionError: Only found 1 API sections, expected 13
E   assert 1 &gt;= 10
E    +  where 1 = len(['Content'])</failure></testcase><testcase classname="backend.tests.test_iteration63_comprehensive_pdf.TestComprehensivePDF" name="test_pdf_agent_profiles_have_capabilities" time="0.001"><failure message="AssertionError: Missing agent capabilities section&#10;assert 'Capabilities' in '%PDF-1.3\n%éëñ¿\n1 0 obj\n&lt;&lt;\n/Count 20\n/Kids [3 0 R\n5 0 R\n7 0 R\n9 0 R\n11 0 R\n13 0 R\n15 0 R\n17 0 R\n19 0 R\n21 0 R\n23 0 R\n25 0 R\n27 0 R\n29 0 R\n31 0 R\n33 0 R\n35 0 R\n37 0 R\n39 0 R\n41 0 R]\n/MediaBox [0 0 595.28 841.89]\n/Type /Pages\n&gt;&gt;\nendobj\n2 0 obj\n&lt;&lt;\n/OpenAction [3 0 R /FitH null]\n/PageLayout /OneColumn\n/Pages 1 0 R\n/Type /Catalog\n&gt;&gt;\nendobj\n3 0 obj\n&lt;&lt;\n/Contents 4 0 R\n/Parent 1 0 R\n/Resources 46 0 R\n/Type /Page\n&gt;&gt;\nendobj\n4 0 obj\n&lt;&lt;\n/Filter /FlateDecode\n/Length 597\n&gt;&gt;\nstream\nx\x9c\x85\x94QoÚ0\x14\x85ßû+ÎSEµÎ\x8d\x9d\x84Ä\x8f¬ê¦N«ÆÚH{áÅM\x0cdKâÌ6\xadØ¯ßu\x80¶C\x14^°Hâ{Î=÷³\x05¾\x9eE,Íð|ö©ÀÕg\x0eÉ¢\x08Å\x1c7ÅÙ\x1fÐ³\x983\x9e#\x8f\x12\x96d(*DLÄi¼·Ø\x058\x8be\x82â\x19£»Éäþ\x01×¦mUW¡vP\x1d&amp;+o:Ó\x9a\x95Ãä\x167\x9d×¶·µÓøÞk«|Ý-ð°v^·ðKåQé¾1k\x87\x84Ãõº¬USÿÕUØª\x16ºó\x0eÆ.T7&lt;S¥5Î!¿@ñ\x8bLãÇ[Û\x99ä,ãÇm\x8b,\x1eloK\x92\x19Ó©\x06\x8dZkëð\\û%x\x86ÒX\r7Xt\x97\x10ù\x87`¦5\x95n\x1cæÖ´\x90è\xadyª+Út\x89Ð¸à\x82&gt;\x9aÞBwUojrÍP,)\x8eÊ\x94«\x96ºØm\xa0\x80\x0e\x9bÏr&amp;ÓcæG¥iûF{\r¯ËeW\x97äÛê¹¶º+5Y~Ò6$«i]c®\x95_Y}¹íâr\x13åÆk©zõX7µ_ÃÌi\x04\x1a}£üÜØ\x96½Z\x1b\x00\x11àâ !Y\x92°lë\x96Ë1ß[\x82ÛB=6:\x08\\\x1b\x02\x80\x02Ù«ý\x1e|\x99È\x98\x8c\x8f\x06\x01\x1a$¦[Ïxð4EçëÒ\x1...969 00000 n \n0000012052 00000 n \n0000014503 00000 n \n0000014586 00000 n \n0000017082 00000 n \n0000017165 00000 n \n0000019548 00000 n \n0000019631 00000 n \n0000021810 00000 n \n0000021893 00000 n \n0000024305 00000 n \n0000024388 00000 n \n0000026887 00000 n \n0000026970 00000 n \n0000028856 00000 n \n0000028939 00000 n \n0000031153 00000 n \n0000031236 00000 n \n0000032349 00000 n \n0000032432 00000 n \n0000034527 00000 n \n0000034610 00000 n \n0000036295 00000 n \n0000036378 00000 n \n0000037963 00000 n \n0000038046 00000 n \n0000039038 00000 n \n0000039136 00000 n \n0000039239 00000 n \n0000039345 00000 n \n0000039456 00000 n \n0000039567 00000 n \n0000039678 00000 n \n0000039789 00000 n \n0000039900 00000 n \n0000040011 00000 n \n0000040122 00000 n \n0000040233 00000 n \n0000040344 00000 n \n0000040455 00000 n \n0000040566 00000 n \n0000040677 00000 n \n0000040788 00000 n \n0000040899 00000 n \n0000041010 00000 n \n0000041121 00000 n \n0000041232 00000 n \n0000041343 00000 n \n0000041454 00000 n \n0000041565 00000 n \ntrailer\n&lt;&lt;\n/Size 67\n/Root 2 0 R\n/Info 66 0 R\n/ID [&lt;7CCD6DECBDDFCF648903124C81A4A8F7&gt;&lt;7CCD6DECBDDFCF648903124C81A4A8F7&gt;]\n&gt;&gt;\nstartxref\n41621\n%%EOF\n'">backend/tests/test_iteration63_comprehensive_pdf.py:251: in test_pdf_agent_profiles_have_capabilities
    assert "Capabilities" in content, "Missing agent capabilities section"
E   AssertionError: Missing agent capabilities section
E   assert 'Capabilities' in '%PDF-1.3\n%éëñ¿\n1 0 obj\n&lt;&lt;\n/Count 20\n/Kids [3 0 R\n5 0 R\n7 0 R\n9 0 R\n11 0 R\n13 0 R\n15 0 R\n17 0 R\n19 0 R\n21 0 R\n23 0 R\n25 0 R\n27 0 R\n29 0 R\n31 0 R\n33 0 R\n35 0 R\n37 0 R\n39 0 R\n41 0 R]\n/MediaBox [0 0 595.28 841.89]\n/Type /Pages\n&gt;&gt;\nendobj\n2 0 obj\n&lt;&lt;\n/OpenAction [3 0 R /FitH null]\n/PageLayout /OneColumn\n/Pages 1 0 R\n/Type /Catalog\n&gt;&gt;\nendobj\n3 0 obj\n&lt;&lt;\n/Contents 4 0 R\n/Parent 1 0 R\n/Resources 46 0 R\n/Type /Page\n&gt;&gt;\nendobj\n4 0 obj\n&lt;&lt;\n/Filter /FlateDecode\n/Length 597\n&gt;&gt;\nstream\nx\x9c\x85\x94QoÚ0\x14\x85ßû+ÎSEµÎ\x8d\x9d\x84Ä\x8f¬ê¦N«ÆÚH{áÅM\x0cdKâÌ6\xadØ¯ßu\x80¶C\x14^°Hâ{Î=÷³\x05¾\x9eE,Íð|ö©ÀÕg\x0eÉ¢\x08Å\x1c7ÅÙ\x1fÐ³\x983\x9e#\x8f\x12\x96d(*DLÄi¼·Ø\x058\x8be\x82â\x19£»Éäþ\x01×¦mUW¡vP\x1d&amp;+o:Ó\x9a\x95Ãä\x167\x9d×¶·µÓøÞk«|Ý-ð°v^·ðKåQé¾1k\x87\x84Ãõº¬USÿÕUØª\x16ºó\x0eÆ.T7&lt;S¥5Î!¿@ñ\x8bLãÇ[Û\x99ä,ãÇm\x8b,\x1eloK\x92\x19Ó©\x06\x8dZkëð\\û%x\x86ÒX\r7Xt\x97\x10ù\x87`¦5\x95n\x1cæÖ´\x90è\xadyª+Út\x89Ð¸à\x82&gt;\x9aÞBwUojrÍP,)\x8eÊ\x94«\x96ºØm\xa0\x80\x0e\x9bÏr&amp;ÓcæG¥iûF{\r¯ËeW\x97äÛê¹¶º+5Y~Ò6$«i]c®\x95_Y}¹íâr\x13åÆk©zõX7µ_ÃÌi\x04\x1a}£üÜØ\x96½Z\x1b\x00\x11àâ !Y\x92°lë\x96Ë1ß[\x82ÛB=6:\x08\\\x1b\x02\x80\x02Ù«ý\x1e|\x99È\x98\x8c\x8f\x06\x01\x1a$¦[Ïxð4EçëÒ\x1...969 00000 n \n0000012052 00000 n \n0000014503 00000 n \n0000014586 00000 n \n0000017082 00000 n \n0000017165 00000 n \n0000019548 00000 n \n0000019631 00000 n \n0000021810 00000 n \n0000021893 00000 n \n0000024305 00000 n \n0000024388 00000 n \n0000026887 00000 n \n0000026970 00000 n \n0000028856 00000 n \n0000028939 00000 n \n0000031153 00000 n \n0000031236 00000 n \n0000032349 00000 n \n0000032432 00000 n \n0000034527 00000 n \n0000034610 00000 n \n0000036295 00000 n \n0000036378 00000 n \n0000037963 00000 n \n0000038046 00000 n \n0000039038 00000 n \n0000039136 00000 n \n0000039239 00000 n \n0000039345 00000 n \n0000039456 00000 n \n0000039567 00000 n \n0000039678 00000 n \n0000039789 00000 n \n0000039900 00000 n \n0000040011 00000 n \n0000040122 00000 n \n0000040233 00000 n \n0000040344 00000 n \n0000040455 00000 n \n0000040566 00000 n \n0000040677 00000 n \n0000040788 00000 n \n0000040899 00000 n \n0000041010 00000 n \n0000041121 00000 n \n0000041232 00000 n \n0000041343 00000 n \n0000041454 00000 n \n0000041565 00000 n \ntrailer\n&lt;&lt;\n/Size 67\n/Root 2 0 R\n/Info 66 0 R\n/ID [&lt;7CCD6DECBDDFCF648903124C81A4A8F7&gt;&lt;7CCD6DECBDDFCF648903124C81A4A8F7&gt;]\n&gt;&gt;\nstartxref\n41621\n%%EOF\n'</failure></testcase><testcase classname="backend.tests.test_iteration63_comprehensive_pdf.TestComprehensivePDF" name="test_pdf_agent_profiles_have_default_models" time="0.001"><failure message="AssertionError: Missing default model info&#10;assert ('Default Model' in '%PDF-1.3\n%éëñ¿\n1 0 obj\n&lt;&lt;\n/Count 20\n/Kids [3 0 R\n5 0 R\n7 0 R\n9 0 R\n11 0 R\n13 0 R\n15 0 R\n17 0 R\n19 0 R\n21 0 R\n23 0 R\n25 0 R\n27 0 R\n29 0 R\n31 0 R\n33 0 R\n35 0 R\n37 0 R\n39 0 R\n41 0 R]\n/MediaBox [0 0 595.28 841.89]\n/Type /Pages\n&gt;&gt;\nendobj\n2 0 obj\n&lt;&lt;\n/OpenAction [3 0 R /FitH null]\n/PageLayout /OneColumn\n/Pages 1 0 R\n/Type /Catalog\n&gt;&gt;\nendobj\n3 0 obj\n&lt;&lt;\n/Contents 4 0 R\n/Parent 1 0 R\n/Resources 46 0 R\n/Type /Page\n&gt;&gt;\nendobj\n4 0 obj\n&lt;&lt;\n/Filter /FlateDecode\n/Length 597\n&gt;&gt;\nstream\nx\x9c\x85\x94QoÚ0\x14\x85ßû+ÎSEµÎ\x8d\x9d\x84Ä\x8f¬ê¦N«ÆÚH{áÅM\x0cdKâÌ6\xadØ¯ßu\x80¶C\x14^°Hâ{Î=÷³\x05¾\x9eE,Íð|ö©ÀÕg\x0eÉ¢\x08Å\x1c7ÅÙ\x1fÐ³\x983\x9e#\x8f\x12\x96d(*DLÄi¼·Ø\x058\x8be\x82â\x19£»Éäþ\x01×¦mUW¡vP\x1d&amp;+o:Ó\x9a\x95Ãä\x167\x9d×¶·µÓøÞk«|Ý-ð°v^·ðKåQé¾1k\x87\x84Ãõº¬USÿÕUØª\x16ºó\x0eÆ.T7&lt;S¥5Î!¿@ñ\x8bLãÇ[Û\x99ä,ãÇm\x8b,\x1eloK\x92\x19Ó©\x06\x8dZkëð\\û%x\x86ÒX\r7Xt\x97\x10ù\x87`¦5\x95n\x1cæÖ´\x90è\xadyª+Út\x89Ð¸à\x82&gt;\x9aÞBwUojrÍP,)\x8eÊ\x94«\x96ºØm\xa0\x80\x0e\x9bÏr&amp;ÓcæG¥iûF{\r¯ËeW\x97äÛê¹¶º+5Y~Ò6$«i]c®\x95_Y}¹íâr\x13åÆk©zõX7µ_ÃÌi\x04\x1a}£üÜØ\x96½Z\x1b\x00\x11àâ !Y\x92°lë\x96Ë1ß[\x82ÛB=6:\x08\\\x1b\x02\x80\x02Ù«ý\x1e|\x99È\x98\x8c\x8f\x06\x01\x1a$¦[Ïxð4EçëÒ\x1...969 00000 n \n0000012052 00000 n \n0000014503 00000 n \n0000014586 00000 n \n0000017082 00000 n \n0000017165 00000 n \n0000019548 00000 n \n0000019631 00000 n \n0000021810 00000 n \n0000021893 00000 n \n0000024305 00000 n \n0000024388 00000 n \n0000026887 00000 n \n0000026970 00000 n \n0000028856 00000 n \n0000028939 00000 n \n0000031153 00000 n \n0000031236 00000 n \n0000032349 00000 n \n0000032432 00000 n \n0000034527 00000 n \n0000034610 00000 n \n0000036295 00000 n \n0000036378 00000 n \n0000037963 00000 n \n0000038046 00000 n \n0000039038 00000 n \n0000039136 00000 n \n0000039239 00000 n \n0000039345 00000 n \n0000039456 00000 n \n0000039567 00000 n \n0000039678 00000 n \n0000039789 00000 n \n0000039900 00000 n \n0000040011 00000 n \n0000040122 00000 n \n0000040233 00000 n \n0000040344 00000 n \n0000040455 00000 n \n0000040566 00000 n \n0000040677 00000 n \n0000040788 00000 n \n0000040899 00000 n \n0000041010 00000 n \n0000041121 00000 n \n0000041232 00000 n \n0000041343 00000 n \n0000041454 00000 n \n0000041565 00000 n \ntrailer\n&lt;&lt;\n/Size 67\n/Root 2 0 R\n/Info 66 0 R\n/ID [&lt;7CCD6DECBDDFCF648903124C81A4A8F7&gt;&lt;7CCD6DECBDDFCF648903124C81A4A8F7&gt;]\n&gt;&gt;\nstartxref\n41621\n%%EOF\n' or 'GPT-5.2' in '%PDF-1.3\n%éëñ¿\n1 0 obj\n&lt;&lt;\n/Count 20\n/Kids [3 0 R\n5 0 R\n7 0 R\n9 0 R\n11 0 R\n13 0 R\n15 0 R\n17 0 R\n19 0 R\n21 0 R\n23 0 R\n25 0 R\n27 0 R\n29 0 R\n31 0 R\n33 0 R\n35 0 R\n37 0 R\n39 0 R\n41 0 R]\n/MediaBox [0 0 595.28 841.89]\n/Type /Pages\n&gt;&gt;\nendobj\n2 0 obj\n&lt;&lt;\n/OpenAction [3 0 R /FitH null]\n/PageLayout /OneColumn\n/Pages 1 0 R\n/Type /Catalog\n&gt;&gt;\nendobj\n3 0 obj\n&lt;&lt;\n/Contents 4 0 R\n/Parent 1 0 R\n/Resources 46 0 R\n/Type /Page\n&gt;&gt;\nendobj\n4 0 obj\n&lt;&lt;\n/Filter /FlateDecode\n/Length 597\n&gt;&gt;\nstream\nx\x9c\x85\x94QoÚ0\x14\x85ßû+ÎSEµÎ\x8d\x9d\x84Ä\x8f¬ê¦N«ÆÚH{áÅM\x0cdKâÌ6\xadØ¯ßu\x80¶C\x14^°Hâ{Î=÷³\x05¾\x9eE,Íð|ö©ÀÕg\x0eÉ¢\x08Å\x1c7ÅÙ\x1fÐ³\x983\x9e#\x8f\x12\x96d(*DLÄi¼·Ø\x058\x8be\x82â\x19£»Éäþ\x01×¦mUW¡vP\x1d&amp;+o:Ó\x9a\x95Ãä\x167\x9d×¶·µÓøÞk«|Ý-ð°v^·ðKåQé¾1k\x87\x84Ãõº¬USÿÕUØª\x16ºó\x0eÆ.T7&lt;S¥5Î!¿@ñ\x8bLãÇ[Û\x99ä,ãÇm\x8b,\x1eloK\x92\x19Ó©\x06\x8dZkëð\\û%x\x86ÒX\r7Xt\x97\x10ù\x87`¦5\x95n\x1cæÖ´\x90è\xadyª+Út\x89Ð¸à\x82&gt;\x9aÞBwUojrÍP,)\x8eÊ\x94«\x96ºØm\xa0\x80\x0e\x9bÏr&amp;ÓcæG¥iûF{\r¯ËeW\x97äÛê¹¶º+5Y~Ò6$«i]c®\x95_Y}¹íâr\x13åÆk©zõX7µ_ÃÌi\x04\x1a}£üÜØ\x96½Z\x1b\x00\x11àâ !Y\x92°lë\x96Ë1ß[\x82ÛB=6:\x08\\\x1b\x02\x80\x02Ù«ý\x1e|\x99È\x98\x8c\x8f\x06\x01\x1a$¦[Ïxð4EçëÒ\x1...969 00000 n \n0000012052 00000 n \n0000014503 00000 n \n0000014586 00000 n \n0000017082 00000 n \n0000017165 00000 n \n0000019548 00000 n \n0000019631 00000 n \n0000021810 00000 n \n0000021893 00000 n \n0000024305 00000 n \n0000024388 00000 n \n0000026887 00000 n \n0000026970 00000 n \n0000028856 00000 n \n0000028939 00000 n \n0000031153 00000 n \n0000031236 00000 n \n0000032349 00000 n \n0000032432 00000 n \n0000034527 00000 n \n0000034610 00000 n \n0000036295 00000 n \n0000036378 00000 n \n0000037963 00000 n \n0000038046 00000 n \n0000039038 00000 n \n0000039136 00000 n \n0000039239 00000 n \n0000039345 00000 n \n0000039456 00000 n \n0000039567 00000 n \n0000039678 00000 n \n0000039789 00000 n \n0000039900 00000 n \n0000040011 00000 n \n0000040122 00000 n \n0000040233 00000 n \n0000040344 00000 n \n0000040455 00000 n \n0000040566 00000 n \n0000040677 00000 n \n0000040788 00000 n \n0000040899 00000 n \n0000041010 00000 n \n0000041121 00000 n \n0000041232 00000 n \n0000041343 00000 n \n0000041454 00000 n \n0000041565 00000 n \ntrailer\n&lt;&lt;\n/Size 67\n/Root 2 0 R\n/Info 66 0 R\n/ID [&lt;7CCD6DECBDDFCF648903124C81A4A8F7&gt;&lt;7CCD6DECBDDFCF648903124C81A4A8F7&gt;]\n&gt;&gt;\nstartxref\n41621\n%%EOF\n')">backend/tests/test_iteration63_comprehensive_pdf.py:258: in test_pdf_agent_profiles_have_default_models
    assert "Default Model" in content or "GPT-5.2" in content, "Missing default model info"
E   AssertionError: Missing default model info
E   assert ('Default Model' in '%PDF-1.3\n%éëñ¿\n1 0 obj\n&lt;&lt;\n/Count 20\n/Kids [3 0 R\n5 0 R\n7 0 R\n9 0 R\n11 0 R\n13 0 R\n15 0 R\n17 0 R\n19 0 R\n21 0 R\n23 0 R\n25 0 R\n27 0 R\n29 0 R\n31 0 R\n33 0 R\n35 0 R\n37 0 R\n39 0 R\n41 0 R]\n/MediaBox [0 0 595.28 841.89]\n/Type /Pages\n&gt;&gt;\nendobj\n2 0 obj\n&lt;&lt;\n/OpenAction [3 0 R /FitH null]\n/PageLayout /OneColumn\n/Pages 1 0 R\n/Type /Catalog\n&gt;&gt;\nendobj\n3 0 obj\n&lt;&lt;\n/Contents 4 0 R\n/Parent 1 0 R\n/Resources 46 0 R\n/Type /Page\n&gt;&gt;\nendobj\n4 0 obj\n&lt;&lt;\n/Filter /FlateDecode\n/Length 597\n&gt;&gt;\nstream\nx\x9c\x85\x94QoÚ0\x14\x85ßû+ÎSEµÎ\x8d\x9d\x84Ä\x8f¬ê¦N«ÆÚH{áÅM\x0cdKâÌ6\xadØ¯ßu\x80¶C\x14^°Hâ{Î=÷³\x05¾\x9eE,Íð|ö©ÀÕg\x0eÉ¢\x08Å\x1c7ÅÙ\x1fÐ³\x983\x9e#\x8f\x12\x96d(*DLÄi¼·Ø\x058\x8be\x82â\x19£»Éäþ\x01×¦mUW¡vP\x1d&amp;+o:Ó\x9a\x95Ãä\x167\x9d×¶·µÓøÞk«|Ý-ð°v^·ðKåQé¾1k\x87\x84Ãõº¬USÿÕUØª\x16ºó\x0eÆ.T7&lt;S¥5Î!¿@ñ\x8bLãÇ[Û\x99ä,ãÇm\x8b,\x1eloK\x92\x19Ó©\x06\x8dZkëð\\û%x\x86ÒX\r7Xt\x97\x10ù\x87`¦5\x95n\x1cæÖ´\x90è\xadyª+Út\x89Ð¸à\x82&gt;\x9aÞBwUojrÍP,)\x8eÊ\x94«\x96ºØm\xa0\x80\x0e\x9bÏr&amp;ÓcæG¥iûF{\r¯ËeW\x97äÛê¹¶º+5Y~Ò6$«i]c®\x95_Y}¹íâr\x13åÆk©zõX7µ_ÃÌi\x04\x1a}£üÜØ\x96½Z\x1b\x00\x11àâ !Y\x92°lë\x96Ë1ß[\x82ÛB=6:\x08\\\x1b\x02\x80\x02Ù«ý\x1e|\x99È\x98\x8c\x8f\x06\x01\x1a$¦[Ïxð4EçëÒ\x1...969 00000 n \n0000012052 00000 n \n0000014503 00000 n \n0000014586 00000 n \n0000017082 00000 n \n0000017165 00000 n \n0000019548 00000 n \n0000019631 00000 n \n0000021810 00000 n \n0000021893 00000 n \n0000024305 00000 n \n0000024388 00000 n \n0000026887 00000 n \n0000026970 00000 n \n0000028856 00000 n \n0000028939 00000 n \n0000031153 00000 n \n0000031236 00000 n \n0000032349 00000 n \n0000032432 00000 n \n0000034527 00000 n \n0000034610 00000 n \n0000036295 00000 n \n0000036378 00000 n \n0000037963 00000 n \n0000038046 00000 n \n0000039038 00000 n \n0000039136 00000 n \n0000039239 00000 n \n0000039345 00000 n \n0000039456 00000 n \n0000039567 00000 n \n0000039678 00000 n \n0000039789 00000 n \n0000039900 00000 n \n0000040011 00000 n \n0000040122 00000 n \n0000040233 00000 n \n0000040344 00000 n \n0000040455 00000 n \n0000040566 00000 n \n0000040677 00000 n \n0000040788 00000 n \n0000040899 00000 n \n0000041010 00000 n \n0000041121 00000 n \n0000041232 00000 n \n0000041343 00000 n \n0000041454 00000 n \n0000041565 00000 n \ntrailer\n&lt;&lt;\n/Size 67\n/Root 2 0 R\n/Info 66 0 R\n/ID [&lt;7CCD6DECBDDFCF648903124C81A4A8F7&gt;&lt;7CCD6DECBDDFCF648903124C81A4A8F7&gt;]\n&gt;&gt;\nstartxref\n41621\n%%EOF\n' or 'GPT-5.2' in '%PDF-1.3\n%éëñ¿\n1 0 obj\n&lt;&lt;\n/Count 20\n/Kids [3 0 R\n5 0 R\n7 0 R\n9 0 R\n11 0 R\n13 0 R\n15 0 R\n17 0 R\n19 0 R\n21 0 R\n23 0 R\n25 0 R\n27 0 R\n29 0 R\n31 0 R\n33 0 R\n35 0 R\n37 0 R\n39 0 R\n41 0 R]\n/MediaBox [0 0 595.28 841.89]\n/Type /Pages\n&gt;&gt;\nendobj\n2 0 obj\n&lt;&lt;\n/OpenAction [3 0 R /FitH null]\n/PageLayout /OneColumn\n/Pages 1 0 R\n/Type /Catalog\n&gt;&gt;\nendobj\n3 0 obj\n&lt;&lt;\n/Contents 4 0 R\n/Parent 1 0 R\n/Resources 46 0 R\n/Type /Page\n&gt;&gt;\nendobj\n4 0 obj\n&lt;&lt;\n/Filter /FlateDecode\n/Length 597\n&gt;&gt;\nstream\nx\x9c\x85\x94QoÚ0\x14\x85ßû+ÎSEµÎ\x8d\x9d\x84Ä\x8f¬ê¦N«ÆÚH{áÅM\x0cdKâÌ6\xadØ¯ßu\x80¶C\x14^°Hâ{Î=÷³\x05¾\x9eE,Íð|ö©ÀÕg\x0eÉ¢\x08Å\x1c7ÅÙ\x1fÐ³\x983\x9e#\x8f\x12\x96d(*DLÄi¼·Ø\x058\x8be\x82â\x19£»Éäþ\x01×¦mUW¡vP\x1d&amp;+o:Ó\x9a\x95Ãä\x167\x9d×¶·µÓøÞk«|Ý-ð°v^·ðKåQé¾1k\x87\x84Ãõº¬USÿÕUØª\x16ºó\x0eÆ.T7&lt;S¥5Î!¿@ñ\x8bLãÇ[Û\x99ä,ãÇm\x8b,\x1eloK\x92\x19Ó©\x06\x8dZkëð\\û%x\x86ÒX\r7Xt\x97\x10ù\x87`¦5\x95n\x1cæÖ´\x90è\xadyª+Út\x89Ð¸à\x82&gt;\x9aÞBwUojrÍP,)\x8eÊ\x94«\x96ºØm\xa0\x80\x0e\x9bÏr&amp;ÓcæG¥iûF{\r¯ËeW\x97äÛê¹¶º+5Y~Ò6$«i]c®\x95_Y}¹íâr\x13åÆk©zõX7µ_ÃÌi\x04\x1a}£üÜØ\x96½Z\x1b\x00\x11àâ !Y\x92°lë\x96Ë1ß[\x82ÛB=6:\x08\\\x1b\x02\x80\x02Ù«ý\x1e|\x99È\x98\x8c\x8f\x06\x01\x1a$¦[Ïxð4EçëÒ\x1...969 00000 n \n0000012052 00000 n \n0000014503 00000 n \n0000014586 00000 n \n0000017082 00000 n \n0000017165 00000 n \n0000019548 00000 n \n0000019631 00000 n \n0000021810 00000 n \n0000021893 00000 n \n0000024305 00000 n \n0000024388 00000 n \n0000026887 00000 n \n0000026970 00000 n \n0000028856 00000 n \n0000028939 00000 n \n0000031153 00000 n \n0000031236 00000 n \n0000032349 00000 n \n0000032432 00000 n \n0000034527 00000 n \n0000034610 00000 n \n0000036295 00000 n \n0000036378 00000 n \n0000037963 00000 n \n0000038046 00000 n \n0000039038 00000 n \n0000039136 00000 n \n0000039239 00000 n \n0000039345 00000 n \n0000039456 00000 n \n0000039567 00000 n \n0000039678 00000 n \n0000039789 00000 n \n0000039900 00000 n \n0000040011 00000 n \n0000040122 00000 n \n0000040233 00000 n \n0000040344 00000 n \n0000040455 00000 n \n0000040566 00000 n \n0000040677 00000 n \n0000040788 00000 n \n0000040899 00000 n \n0000041010 00000 n \n0000041121 00000 n \n0000041232 00000 n \n0000041343 00000 n \n0000041454 00000 n \n0000041565 00000 n \ntrailer\n&lt;&lt;\n/Size 67\n/Root 2 0 R\n/Info 66 0 R\n/ID [&lt;7CCD6DECBDDFCF648903124C81A4A8F7&gt;&lt;7CCD6DECBDDFCF648903124C81A4A8F7&gt;]\n&gt;&gt;\nstartxref\n41621\n%%EOF\n')</failure></testcase><testcase classname="backend.tests.test_iteration63_comprehensive_pdf.TestComprehensivePDF" name="test_pdf_providers_have_pricing" time="0.001"><failure message="AssertionError: Missing pricing information&#10;assert ('$' in '%PDF-1.3\n%éëñ¿\n1 0 obj\n&lt;&lt;\n/Count 20\n/Kids [3 0 R\n5 0 R\n7 0 R\n9 0 R\n11 0 R\n13 0 R\n15 0 R\n17 0 R\n19 0 R\n21 0 R\n23 0 R\n25 0 R\n27 0 R\n29 0 R\n31 0 R\n33 0 R\n35 0 R\n37 0 R\n39 0 R\n41 0 R]\n/MediaBox [0 0 595.28 841.89]\n/Type /Pages\n&gt;&gt;\nendobj\n2 0 obj\n&lt;&lt;\n/OpenAction [3 0 R /FitH null]\n/PageLayout /OneColumn\n/Pages 1 0 R\n/Type /Catalog\n&gt;&gt;\nendobj\n3 0 obj\n&lt;&lt;\n/Contents 4 0 R\n/Parent 1 0 R\n/Resources 46 0 R\n/Type /Page\n&gt;&gt;\nendobj\n4 0 obj\n&lt;&lt;\n/Filter /FlateDecode\n/Length 597\n&gt;&gt;\nstream\nx\x9c\x85\x94QoÚ0\x14\x85ßû+ÎSEµÎ\x8d\x9d\x84Ä\x8f¬ê¦N«ÆÚH{áÅM\x0cdKâÌ6\xadØ¯ßu\x80¶C\x14^°Hâ{Î=÷³\x05¾\x9eE,Íð|ö©ÀÕg\x0eÉ¢\x08Å\x1c7ÅÙ\x1fÐ³\x983\x9e#\x8f\x12\x96d(*DLÄi¼·Ø\x058\x8be\x82â\x19£»Éäþ\x01×¦mUW¡vP\x1d&amp;+o:Ó\x9a\x95Ãä\x167\x9d×¶·µÓøÞk«|Ý-ð°v^·ðKåQé¾1k\x87\x84Ãõº¬USÿÕUØª\x16ºó\x0eÆ.T7&lt;S¥5Î!¿@ñ\x8bLãÇ[Û\x99ä,ãÇm\x8b,\x1eloK\x92\x19Ó©\x06\x8dZkëð\\û%x\x86ÒX\r7Xt\x97\x10ù\x87`¦5\x95n\x1cæÖ´\x90è\xadyª+Út\x89Ð¸à\x82&gt;\x9aÞBwUojrÍP,)\x8eÊ\x94«\x96ºØm\xa0\x80\x0e\x9bÏr&amp;ÓcæG¥iûF{\r¯ËeW\x97äÛê¹¶º+5Y~Ò6$«i]c®\x95_Y}¹íâr\x13åÆk©zõX7µ_ÃÌi\x04\x1a}£üÜØ\x96½Z\x1b\x00\x11àâ !Y\x92°lë\x96Ë1ß[\x82ÛB=6:\x08\\\x1b\x02\x80\x02Ù«ý\x1e|\x99È\x98\x8c\x8f\x06\x01\x1a$¦[Ïxð4EçëÒ\x1...969 00000 n \n0000012052 00000 n \n0000014503 00000 n \n0000014586 00000 n \n0000017082 00000 n \n0000017165 00000 n \n0000019548 00000 n \n0000019631 00000 n \n0000021810 00000 n \n0000021893 00000 n \n0000024305 00000 n \n0000024388 00000 n \n0000026887 00000 n \n0000026970 00000 n \n0000028856 00000 n \n0000028939 00000 n \n0000031153 00000 n \n0000031236 00000 n \n0000032349 00000 n \n0000032432 00000 n \n0000034527 00000 n \n0000034610 00000 n \n0000036295 00000 n \n0000036378 00000 n \n0000037963 00000 n \n0000038046 00000 n \n0000039038 00000 n \n0000039136 00000 n \n0000039239 00000 n \n0000039345 00000 n \n0000039456 00000 n \n0000039567 00000 n \n0000039678 00000 n \n0000039789 00000 n \n0000039900 00000 n \n0000040011 00000 n \n0000040122 00000 n \n0000040233 00000 n \n0000040344 00000 n \n0000040455 00000 n \n0000040566 00000 n \n0000040677 00000 n \n0000040788 00000 n \n0000040899 00000 n \n0000041010 00000 n \n0000041121 00000 n \n0000041232 00000 n \n0000041343 00000 n \n0000041454 00000 n \n0000041565 00000 n \ntrailer\n&lt;&lt;\n/Size 67\n/Root 2 0 R\n/Info 66 0 R\n/ID [&lt;7CCD6DECBDDFCF648903124C81A4A8F7&gt;&lt;7CCD6DECBDDFCF648903124C81A4A8F7&gt;]\n&gt;&gt;\nstartxref\n41621\n%%EOF\n' and 'per 1M tok' in '%PDF-1.3\n%éëñ¿\n1 0 obj\n&lt;&lt;\n/Count 20\n/Kids [3 0 R\n5 0 R\n7 0 R\n9 0 R\n11 0 R\n13 0 R\n15 0 R\n17 0 R\n19 0 R\n21 0 R\n23 0 R\n25 0 R\n27 0 R\n29 0 R\n31 0 R\n33 0 R\n35 0 R\n37 0 R\n39 0 R\n41 0 R]\n/MediaBox [0 0 595.28 841.89]\n/Type /Pages\n&gt;&gt;\nendobj\n2 0 obj\n&lt;&lt;\n/OpenAction [3 0 R /FitH null]\n/PageLayout /OneColumn\n/Pages 1 0 R\n/Type /Catalog\n&gt;&gt;\nendobj\n3 0 obj\n&lt;&lt;\n/Contents 4 0 R\n/Parent 1 0 R\n/Resources 46 0 R\n/Type /Page\n&gt;&gt;\nendobj\n4 0 obj\n&lt;&lt;\n/Filter /FlateDecode\n/Length 597\n&gt;&gt;\nstream\nx\x9c\x85\x94QoÚ0\x14\x85ßû+ÎSEµÎ\x8d\x9d\x84Ä\x8f¬ê¦N«ÆÚH{áÅM\x0cdKâÌ6\xadØ¯ßu\x80¶C\x14^°Hâ{Î=÷³\x05¾\x9eE,Íð|ö©ÀÕg\x0eÉ¢\x08Å\x1c7ÅÙ\x1fÐ³\x983\x9e#\x8f\x12\x96d(*DLÄi¼·Ø\x058\x8be\x82â\x19£»Éäþ\x01×¦mUW¡vP\x1d&amp;+o:Ó\x9a\x95Ãä\x167\x9d×¶·µÓøÞk«|Ý-ð°v^·ðKåQé¾1k\x87\x84Ãõº¬USÿÕUØª\x16ºó\x0eÆ.T7&lt;S¥5Î!¿@ñ\x8bLãÇ[Û\x99ä,ãÇm\x8b,\x1eloK\x92\x19Ó©\x06\x8dZkëð\\û%x\x86ÒX\r7Xt\x97\x10ù\x87`¦5\x95n\x1cæÖ´\x90è\xadyª+Út\x89Ð¸à\x82&gt;\x9aÞBwUojrÍP,)\x8eÊ\x94«\x96ºØm\xa0\x80\x0e\x9bÏr&amp;ÓcæG¥iûF{\r¯ËeW\x97äÛê¹¶º+5Y~Ò6$«i]c®\x95_Y}¹íâr\x13åÆk©zõX7µ_ÃÌi\x04\x1a}£üÜØ\x96½Z\x1b\x00\x11àâ !Y\x92°lë\x96Ë1ß[\x82ÛB=6:\x08\\\x1b\x02\x80\x02Ù«ý\x1e|\x99È\x98\x8c\x8f\x06\x01\x1a$¦[Ïxð4EçëÒ\x1...969 00000 n \n0000012052 00000 n \n0000014503 00000 n \n0000014586 00000 n \n0000017082 00000 n \n0000017165 00000 n \n0000019548 00000 n \n0000019631 00000 n \n0000021810 00000 n \n0000021893 00000 n \n0000024305 00000 n \n0000024388 00000 n \n0000026887 00000 n \n0000026970 00000 n \n0000028856 00000 n \n0000028939 00000 n \n0000031153 00000 n \n0000031236 00000 n \n0000032349 00000 n \n0000032432 00000 n \n0000034527 00000 n \n0000034610 00000 n \n0000036295 00000 n \n0000036378 00000 n \n0000037963 00000 n \n0000038046 00000 n \n0000039038 00000 n \n0000039136 00000 n \n0000039239 00000 n \n0000039345 00000 n \n0000039456 00000 n \n0000039567 00000 n \n0000039678 00000 n \n0000039789 00000 n \n0000039900 00000 n \n0000040011 00000 n \n0000040122 00000 n \n0000040233 00000 n \n0000040344 00000 n \n0000040455 00000 n \n0000040566 00000 n \n0000040677 00000 n \n0000040788 00000 n \n0000040899 00000 n \n0000041010 00000 n \n0000041121 00000 n \n0000041232 00000 n \n0000041343 00000 n \n0000041454 00000 n \n0000041565 00000 n \ntrailer\n&lt;&lt;\n/Size 67\n/Root 2 0 R\n/Info 66 0 R\n/ID [&lt;7CCD6DECBDDFCF648903124C81A4A8F7&gt;&lt;7CCD6DECBDDFCF648903124C81A4A8F7&gt;]\n&gt;&gt;\nstartxref\n41621\n%%EOF\n')">backend/tests/test_iteration63_comprehensive_pdf.py:265: in test_pdf_providers_have_pricing
    assert "$" in content and "per 1M tok" in content, "Missing pricing information"
E   AssertionError: Missing pricing information
E   assert ('$' in '%PDF-1.3\n%éëñ¿\n1 0 obj\n&lt;&lt;\n/Count 20\n/Kids [3 0 R\n5 0 R\n7 0 R\n9 0 R\n11 0 R\n13 0 R\n15 0 R\n17 0 R\n19 0 R\n21 0 R\n23 0 R\n25 0 R\n27 0 R\n29 0 R\n31 0 R\n33 0 R\n35 0 R\n37 0 R\n39 0 R\n41 0 R]\n/MediaBox [0 0 595.28 841.89]\n/Type /Pages\n&gt;&gt;\nendobj\n2 0 obj\n&lt;&lt;\n/OpenAction [3 0 R /FitH null]\n/PageLayout /OneColumn\n/Pages 1 0 R\n/Type /Catalog\n&gt;&gt;\nendobj\n3 0 obj\n&lt;&lt;\n/Contents 4 0 R\n/Parent 1 0 R\n/Resources 46 0 R\n/Type /Page\n&gt;&gt;\nendobj\n4 0 obj\n&lt;&lt;\n/Filter /FlateDecode\n/Length 597\n&gt;&gt;\nstream\nx\x9c\x85\x94QoÚ0\x14\x85ßû+ÎSEµÎ\x8d\x9d\x84Ä\x8f¬ê¦N«ÆÚH{áÅM\x0cdKâÌ6\xadØ¯ßu\x80¶C\x14^°Hâ{Î=÷³\x05¾\x9eE,Íð|ö©ÀÕg\x0eÉ¢\x08Å\x1c7ÅÙ\x1fÐ³\x983\x9e#\x8f\x12\x96d(*DLÄi¼·Ø\x058\x8be\x82â\x19£»Éäþ\x01×¦mUW¡vP\x1d&amp;+o:Ó\x9a\x95Ãä\x167\x9d×¶·µÓøÞk«|Ý-ð°v^·ðKåQé¾1k\x87\x84Ãõº¬USÿÕUØª\x16ºó\x0eÆ.T7&lt;S¥5Î!¿@ñ\x8bLãÇ[Û\x99ä,ãÇm\x8b,\x1eloK\x92\x19Ó©\x06\x8dZkëð\\û%x\x86ÒX\r7Xt\x97\x10ù\x87`¦5\x95n\x1cæÖ´\x90è\xadyª+Út\x89Ð¸à\x82&gt;\x9aÞBwUojrÍP,)\x8eÊ\x94«\x96ºØm\xa0\x80\x0e\x9bÏr&amp;ÓcæG¥iûF{\r¯ËeW\x97äÛê¹¶º+5Y~Ò6$«i]c®\x95_Y}¹íâr\x13åÆk©zõX7µ_ÃÌi\x04\x1a}£üÜØ\x96½Z\x1b\x00\x11àâ !Y\x92°lë\x96Ë1ß[\x82ÛB=6:\x08\\\x1b\x02\x80\x02Ù«ý\x1e|\x99È\x98\x8c\x8f\x06\x01\x1a$¦[Ïxð4EçëÒ\x1...969 00000 n \n0000012052 00000 n \n0000014503 00000 n \n0000014586 00000 n \n0000017082 00000 n \n0000017165 00000 n \n0000019548 00000 n \n0000019631 00000 n \n0000021810 00000 n \n0000021893 00000 n \n0000024305 00000 n \n0000024388 00000 n \n0000026887 00000 n \n0000026970 00000 n \n0000028856 00000 n \n0000028939 00000 n \n0000031153 00000 n \n0000031236 00000 n \n0000032349 00000 n \n0000032432 00000 n \n0000034527 00000 n \n0000034610 00000 n \n0000036295 00000 n \n0000036378 00000 n \n0000037963 00000 n \n0000038046 00000 n \n0000039038 00000 n \n0000039136 00000 n \n0000039239 00000 n \n0000039345 00000 n \n0000039456 00000 n \n0000039567 00000 n \n0000039678 00000 n \n0000039789 00000 n \n0000039900 00000 n \n0000040011 00000 n \n0000040122 00000 n \n0000040233 00000 n \n0000040344 00000 n \n0000040455 00000 n \n0000040566 00000 n \n0000040677 00000 n \n0000040788 00000 n \n0000040899 00000 n \n0000041010 00000 n \n0000041121 00000 n \n0000041232 00000 n \n0000041343 00000 n \n0000041454 00000 n \n0000041565 00000 n \ntrailer\n&lt;&lt;\n/Size 67\n/Root 2 0 R\n/Info 66 0 R\n/ID [&lt;7CCD6DECBDDFCF648903124C81A4A8F7&gt;&lt;7CCD6DECBDDFCF648903124C81A4A8F7&gt;]\n&gt;&gt;\nstartxref\n41621\n%%EOF\n' and 'per 1M tok' in '%PDF-1.3\n%éëñ¿\n1 0 obj\n&lt;&lt;\n/Count 20\n/Kids [3 0 R\n5 0 R\n7 0 R\n9 0 R\n11 0 R\n13 0 R\n15 0 R\n17 0 R\n19 0 R\n21 0 R\n23 0 R\n25 0 R\n27 0 R\n29 0 R\n31 0 R\n33 0 R\n35 0 R\n37 0 R\n39 0 R\n41 0 R]\n/MediaBox [0 0 595.28 841.89]\n/Type /Pages\n&gt;&gt;\nendobj\n2 0 obj\n&lt;&lt;\n/OpenAction [3 0 R /FitH null]\n/PageLayout /OneColumn\n/Pages 1 0 R\n/Type /Catalog\n&gt;&gt;\nendobj\n3 0 obj\n&lt;&lt;\n/Contents 4 0 R\n/Parent 1 0 R\n/Resources 46 0 R\n/Type /Page\n&gt;&gt;\nendobj\n4 0 obj\n&lt;&lt;\n/Filter /FlateDecode\n/Length 597\n&gt;&gt;\nstream\nx\x9c\x85\x94QoÚ0\x14\x85ßû+ÎSEµÎ\x8d\x9d\x84Ä\x8f¬ê¦N«ÆÚH{áÅM\x0cdKâÌ6\xadØ¯ßu\x80¶C\x14^°Hâ{Î=÷³\x05¾\x9eE,Íð|ö©ÀÕg\x0eÉ¢\x08Å\x1c7ÅÙ\x1fÐ³\x983\x9e#\x8f\x12\x96d(*DLÄi¼·Ø\x058\x8be\x82â\x19£»Éäþ\x01×¦mUW¡vP\x1d&amp;+o:Ó\x9a\x95Ãä\x167\x9d×¶·µÓøÞk«|Ý-ð°v^·ðKåQé¾1k\x87\x84Ãõº¬USÿÕUØª\x16ºó\x0eÆ.T7&lt;S¥5Î!¿@ñ\x8bLãÇ[Û\x99ä,ãÇm\x8b,\x1eloK\x92\x19Ó©\x06\x8dZkëð\\û%x\x86ÒX\r7Xt\x97\x10ù\x87`¦5\x95n\x1cæÖ´\x90è\xadyª+Út\x89Ð¸à\x82&gt;\x9aÞBwUojrÍP,)\x8eÊ\x94«\x96ºØm\xa0\x80\x0e\x9bÏr&amp;ÓcæG¥iûF{\r¯ËeW\x97äÛê¹¶º+5Y~Ò6$«i]c®\x95_Y}¹íâr\x13åÆk©zõX7µ_ÃÌi\x04\x1a}£üÜØ\x96½Z\x1b\x00\x11àâ !Y\x92°lë\x96Ë1ß[\x82ÛB=6:\x08\\\x1b\x02\x80\x02Ù«ý\x1e|\x99È\x98\x8c\x8f\x06\x01\x1a$¦[Ïxð4EçëÒ\x1...969 00000 n \n0000012052 00000 n \n0000014503 00000 n \n0000014586 00000 n \n0000017082 00000 n \n0000017165 00000 n \n0000019548 00000 n \n0000019631 00000 n \n0000021810 00000 n \n0000021893 00000 n \n0000024305 00000 n \n0000024388 00000 n \n0000026887 00000 n \n0000026970 00000 n \n0000028856 00000 n \n0000028939 00000 n \n0000031153 00000 n \n0000031236 00000 n \n0000032349 00000 n \n0000032432 00000 n \n0000034527 00000 n \n0000034610 00000 n \n0000036295 00000 n \n0000036378 00000 n \n0000037963 00000 n \n0000038046 00000 n \n0000039038 00000 n \n0000039136 00000 n \n0000039239 00000 n \n0000039345 00000 n \n0000039456 00000 n \n0000039567 00000 n \n0000039678 00000 n \n0000039789 00000 n \n0000039900 00000 n \n0000040011 00000 n \n0000040122 00000 n \n0000040233 00000 n \n0000040344 00000 n \n0000040455 00000 n \n0000040566 00000 n \n0000040677 00000 n \n0000040788 00000 n \n0000040899 00000 n \n0000041010 00000 n \n0000041121 00000 n \n0000041232 00000 n \n0000041343 00000 n \n0000041454 00000 n \n0000041565 00000 n \ntrailer\n&lt;&lt;\n/Size 67\n/Root 2 0 R\n/Info 66 0 R\n/ID [&lt;7CCD6DECBDDFCF648903124C81A4A8F7&gt;&lt;7CCD6DECBDDFCF648903124C81A4A8F7&gt;]\n&gt;&gt;\nstartxref\n41621\n%%EOF\n')</failure></testcase><testcase classname="backend.tests.test_iteration63_comprehensive_pdf.TestPDFEndpointAuth" name="test_pdf_requires_authentication" time="0.114" /><testcase classname="backend.tests.test_iteration63_comprehensive_pdf.TestPDFEndpointAuth" name="test_pdf_rejects_invalid_token" time="0.112" /></testsuite></testsuites>