<?xml version="1.0" encoding="utf-8"?><testsuites name="pytest tests"><testsuite name="pytest" errors="0" failures="0" skipped="0" tests="14" time="3.360" timestamp="2026-03-10T11:34:29.227902+00:00" hostname="agent-env-b664eacc-e9a2-40b2-bf6e-a0fdf27081eb"><testcase classname="backend.tests.test_iteration86_team_builder.TestAgentsEndpoint" name="test_get_agents_list" time="0.505" /><testcase classname="backend.tests.test_iteration86_team_builder.TestAgentsEndpoint" name="test_agents_have_network_field" time="0.168" /><testcase classname="backend.tests.test_iteration86_team_builder.TestAgentsEndpoint" name="test_agents_have_required_fields" time="0.154" /><testcase classname="backend.tests.test_iteration86_team_builder.TestAgentsEndpoint" name="test_agents_have_avatars" time="0.187" /><testcase classname="backend.tests.test_iteration86_team_builder.TestAgentTeamsAPI" name="test_list_agent_teams" time="0.112" /><testcase classname="backend.tests.test_iteration86_team_builder.TestAgentTeamsAPI" name="test_create_agent_team" time="0.248" /><testcase classname="backend.tests.test_iteration86_team_builder.TestAgentTeamsAPI" name="test_get_agent_team" time="0.223" /><testcase classname="backend.tests.test_iteration86_team_builder.TestAgentTeamsAPI" name="test_update_agent_team" time="0.226" /><testcase classname="backend.tests.test_iteration86_team_builder.TestAgentTeamsAPI" name="test_delete_agent_team" time="0.464" /><testcase classname="backend.tests.test_iteration86_team_builder.TestTrustAnalytics" name="test_trust_analytics_endpoint" time="0.127" /><testcase classname="backend.tests.test_iteration86_team_builder.TestCollaborationEngine" name="test_list_collaborations" time="0.100" /><testcase classname="backend.tests.test_iteration86_team_builder.TestCollaborationEngine" name="test_create_collaboration" time="0.246" /><testcase classname="backend.tests.test_iteration86_team_builder.TestHealthAndBasicEndpoints" name="test_health_check" time="0.103" /><testcase classname="backend.tests.test_iteration86_team_builder.TestHealthAndBasicEndpoints" name="test_login" time="0.438" /></testsuite></testsuites>