<?xml version="1.0" encoding="utf-8"?><testsuites name="pytest tests"><testsuite name="pytest" errors="0" failures="0" skipped="0" tests="23" time="2.169" timestamp="2026-03-02T22:52:17.353247+00:00" hostname="agent-env-638d0cb2-7c90-4643-a6e3-bddb0906af31"><testcase classname="backend.tests.test_iteration50_orchestration.TestHealthCheck" name="test_health_endpoint" time="0.183" /><testcase classname="backend.tests.test_iteration50_orchestration.TestProjectsList" name="test_projects_list_requires_auth" time="0.064" /><testcase classname="backend.tests.test_iteration50_orchestration.TestProjectsList" name="test_projects_list_returns_array" time="0.356" /><testcase classname="backend.tests.test_iteration50_orchestration.TestProjectsList" name="test_projects_list_filter_by_status" time="0.056" /><testcase classname="backend.tests.test_iteration50_orchestration.TestProjectsActiveSummary" name="test_active_summary_requires_auth" time="0.072" /><testcase classname="backend.tests.test_iteration50_orchestration.TestProjectsActiveSummary" name="test_active_summary_returns_counts" time="0.079" /><testcase classname="backend.tests.test_iteration50_orchestration.TestProjectDetail" name="test_project_detail_requires_auth" time="0.051" /><testcase classname="backend.tests.test_iteration50_orchestration.TestProjectDetail" name="test_project_detail_returns_full_data" time="0.062" /><testcase classname="backend.tests.test_iteration50_orchestration.TestProjectDetail" name="test_project_detail_404_for_invalid_id" time="0.057" /><testcase classname="backend.tests.test_iteration50_orchestration.TestProjectUpdate" name="test_project_update_requires_auth" time="0.063" /><testcase classname="backend.tests.test_iteration50_orchestration.TestProjectUpdate" name="test_project_update_changes_fields" time="0.161" /><testcase classname="backend.tests.test_iteration50_orchestration.TestProjectUpdate" name="test_project_update_404_for_invalid_id" time="0.052" /><testcase classname="backend.tests.test_iteration50_orchestration.TestProjectExecute" name="test_project_execute_requires_auth" time="0.056" /><testcase classname="backend.tests.test_iteration50_orchestration.TestProjectExecute" name="test_project_execute_rejects_completed_projects" time="0.115" /><testcase classname="backend.tests.test_iteration50_orchestration.TestProjectExecute" name="test_project_execute_404_for_invalid_id" time="0.050" /><testcase classname="backend.tests.test_iteration50_orchestration.TestAutonomySettings" name="test_get_autonomy_requires_auth" time="0.052" /><testcase classname="backend.tests.test_iteration50_orchestration.TestAutonomySettings" name="test_get_autonomy_returns_level" time="0.051" /><testcase classname="backend.tests.test_iteration50_orchestration.TestAutonomySettings" name="test_put_autonomy_requires_auth" time="0.058" /><testcase classname="backend.tests.test_iteration50_orchestration.TestAutonomySettings" name="test_put_autonomy_changes_level" time="0.210" /><testcase classname="backend.tests.test_iteration50_orchestration.TestAutonomySettings" name="test_put_autonomy_rejects_invalid_level" time="0.058" /><testcase classname="backend.tests.test_iteration50_orchestration.TestProjectDelete" name="test_project_delete_requires_auth" time="0.050" /><testcase classname="backend.tests.test_iteration50_orchestration.TestProjectDelete" name="test_project_delete_404_for_invalid_id" time="0.048" /><testcase classname="backend.tests.test_iteration50_orchestration.TestExistingProjectData" name="test_existing_project_has_valid_structure" time="0.056" /></testsuite></testsuites>