<?xml version="1.0" encoding="utf-8"?><testsuites name="pytest tests"><testsuite name="pytest" errors="0" failures="0" skipped="0" tests="10" time="3.153" timestamp="2026-03-04T21:15:13.856139+00:00" hostname="agent-env-a7a90cbc-4b68-4b99-b8ea-82b47bcbd512"><testcase classname="backend.tests.test_iteration61_about_pdf.TestSummaryPDFEndpoint" name="test_pdf_endpoint_returns_200" time="0.718" /><testcase classname="backend.tests.test_iteration61_about_pdf.TestSummaryPDFEndpoint" name="test_pdf_content_type" time="0.403" /><testcase classname="backend.tests.test_iteration61_about_pdf.TestSummaryPDFEndpoint" name="test_pdf_content_disposition" time="0.253" /><testcase classname="backend.tests.test_iteration61_about_pdf.TestSummaryPDFEndpoint" name="test_pdf_has_valid_content" time="0.249" /><testcase classname="backend.tests.test_iteration61_about_pdf.TestSummaryPDFEndpoint" name="test_pdf_minimum_size" time="0.194" /><testcase classname="backend.tests.test_iteration61_about_pdf.TestSummaryPDFEndpoint" name="test_pdf_requires_auth" time="0.135" /><testcase classname="backend.tests.test_iteration61_about_pdf.TestSummaryPDFEndpoint" name="test_pdf_with_invalid_token" time="0.116" /><testcase classname="backend.tests.test_iteration61_about_pdf.TestSummaryRouterRegistration" name="test_health_check" time="0.454" /><testcase classname="backend.tests.test_iteration61_about_pdf.TestAgentsPublicEndpoint" name="test_agents_public_returns_agents" time="0.464" /><testcase classname="backend.tests.test_iteration61_about_pdf.TestAgentsPublicEndpoint" name="test_agents_have_required_fields" time="0.106" /></testsuite></testsuites>