<?xml version="1.0" encoding="utf-8"?><testsuites name="pytest tests"><testsuite name="pytest" errors="0" failures="0" skipped="0" tests="12" time="8.543" timestamp="2026-03-01T04:30:56.003547+00:00" hostname="agent-env-bde94b51-672c-4b6d-8f3a-4a38934b2bc5"><testcase classname="backend.tests.test_header_badge_toggles.TestAdminHeaderBadgeToggles" name="test_toggle_can_generate_image" time="0.965" /><testcase classname="backend.tests.test_header_badge_toggles.TestAdminHeaderBadgeToggles" name="test_toggle_can_generate_pdf" time="0.816" /><testcase classname="backend.tests.test_header_badge_toggles.TestAdminHeaderBadgeToggles" name="test_toggle_can_generate_files" time="0.819" /><testcase classname="backend.tests.test_header_badge_toggles.TestAdminHeaderBadgeToggles" name="test_toggle_is_active" time="0.725" /><testcase classname="backend.tests.test_header_badge_toggles.TestAdminHeaderBadgeToggles" name="test_multiple_capability_toggle_in_single_request" time="0.555" /><testcase classname="backend.tests.test_header_badge_toggles.TestAdminHeaderBadgeToggles" name="test_invalid_field_rejected" time="0.597" /><testcase classname="backend.tests.test_header_badge_toggles.TestAdminHeaderBadgeToggles" name="test_nonexistent_agent_returns_404" time="0.549" /><testcase classname="backend.tests.test_header_badge_toggles.TestAdminBrainEditorSave" name="test_brain_editor_save_name" time="0.737" /><testcase classname="backend.tests.test_header_badge_toggles.TestAdminBrainEditorSave" name="test_brain_editor_save_multiple_fields" time="0.698" /><testcase classname="backend.tests.test_header_badge_toggles.TestAdminBrainEditorSave" name="test_brain_editor_invalid_field_rejected" time="0.607" /><testcase classname="backend.tests.test_header_badge_toggles.TestGenerationPermissionsInExpandedRow" name="test_toggle_images_in_expanded_row" time="0.680" /><testcase classname="backend.tests.test_header_badge_toggles.TestGenerationPermissionsInExpandedRow" name="test_toggle_videos_in_expanded_row" time="0.686" /></testsuite></testsuites>