<?xml version="1.0" encoding="utf-8"?><testsuites name="pytest tests"><testsuite name="pytest" errors="0" failures="1" skipped="0" tests="10" time="3.193" timestamp="2026-03-01T02:25:06.822121+00:00" hostname="agent-env-795d7a91-6ce5-450f-81f0-fb10b96850d3"><testcase classname="backend.tests.test_onboarding_iteration30.TestAdminLogin" name="test_admin_login_success" time="0.497" /><testcase classname="backend.tests.test_onboarding_iteration30.TestOnboardingEndpoints" name="test_admin_me_returns_onboarding_completed" time="0.438" /><testcase classname="backend.tests.test_onboarding_iteration30.TestOnboardingEndpoints" name="test_admin_me_response_structure" time="0.108" /><testcase classname="backend.tests.test_onboarding_iteration30.TestNewUserOnboarding" name="test_new_user_onboarding_completed_is_false" time="0.506" /><testcase classname="backend.tests.test_onboarding_iteration30.TestNewUserOnboarding" name="test_complete_onboarding_endpoint" time="0.108" /><testcase classname="backend.tests.test_onboarding_iteration30.TestNewUserOnboarding" name="test_onboarding_completed_persists" time="0.253" /><testcase classname="backend.tests.test_onboarding_iteration30.TestRegressionEndpoints" name="test_agents_endpoint_returns_list" time="0.445" /><testcase classname="backend.tests.test_onboarding_iteration30.TestRegressionEndpoints" name="test_admin_analytics_endpoint" time="0.153"><failure message="AssertionError: Missing KPI: total_users&#10;assert 'total_users' in {'agent_usage': [{'agent_id': 'agent_commander', 'messages': 11, 'name': 'Commander Orion'}, {'agent_id': 'agent_secretary', 'messages': 10, 'name': 'Nadia Kessler'}, {'agent_id': 'agent_video', 'messages': 5, 'name': 'Riley Chen'}, {'agent_id': 'agent_marketing', 'messages': 5, 'name': 'Zara Mitchell'}, {'agent_id': 'agent_legal', 'messages': 5, 'name': 'Alexandra Reid'}, {'agent_id': 'agent_socialmedia', 'messages': 4, 'name': 'Isla Fernandez'}, ...], 'daily_messages': [{'date': '2026-01-30', 'messages': 0}, {'date': '2026-01-31', 'messages': 0}, {'date': '2026-02-01', 'messages': 0}, {'date': '2026-02-02', 'messages': 0}, {'date': '2026-02-03', 'messages': 0}, {'date': '2026-02-04', 'messages': 0}, ...], 'daily_revenue': [{'date': '2026-01-30', 'revenue': 0}, {'date': '2026-01-31', 'revenue': 0}, {'date': '2026-02-01', 'revenue': 0}, {'date': '2026-02-02', 'revenue': 0}, {'date': '2026-02-03', 'revenue': 0}, {'date': '2026-02-04', 'revenue': 0}, ...], 'daily_signups': [{'date': '2026-01-30', 'signups': 0}, {'date': '2026-01-31', 'signups': 0}, {'date': '2026-02-01', 'signups': 0}, {'date': '2026-02-02', 'signups': 0}, {'date': '2026-02-03', 'signups': 0}, {'date': '2026-02-04', 'signups': 0}, ...], ...}">backend/tests/test_onboarding_iteration30.py:179: in test_admin_analytics_endpoint
    assert kpi in data, f"Missing KPI: {kpi}"
E   AssertionError: Missing KPI: total_users
E   assert 'total_users' in {'agent_usage': [{'agent_id': 'agent_commander', 'messages': 11, 'name': 'Commander Orion'}, {'agent_id': 'agent_secretary', 'messages': 10, 'name': 'Nadia Kessler'}, {'agent_id': 'agent_video', 'messages': 5, 'name': 'Riley Chen'}, {'agent_id': 'agent_marketing', 'messages': 5, 'name': 'Zara Mitchell'}, {'agent_id': 'agent_legal', 'messages': 5, 'name': 'Alexandra Reid'}, {'agent_id': 'agent_socialmedia', 'messages': 4, 'name': 'Isla Fernandez'}, ...], 'daily_messages': [{'date': '2026-01-30', 'messages': 0}, {'date': '2026-01-31', 'messages': 0}, {'date': '2026-02-01', 'messages': 0}, {'date': '2026-02-02', 'messages': 0}, {'date': '2026-02-03', 'messages': 0}, {'date': '2026-02-04', 'messages': 0}, ...], 'daily_revenue': [{'date': '2026-01-30', 'revenue': 0}, {'date': '2026-01-31', 'revenue': 0}, {'date': '2026-02-01', 'revenue': 0}, {'date': '2026-02-02', 'revenue': 0}, {'date': '2026-02-03', 'revenue': 0}, {'date': '2026-02-04', 'revenue': 0}, ...], 'daily_signups': [{'date': '2026-01-30', 'signups': 0}, {'date': '2026-01-31', 'signups': 0}, {'date': '2026-02-01', 'signups': 0}, {'date': '2026-02-02', 'signups': 0}, {'date': '2026-02-03', 'signups': 0}, {'date': '2026-02-04', 'signups': 0}, ...], ...}</failure></testcase><testcase classname="backend.tests.test_onboarding_iteration30.TestRegressionEndpoints" name="test_agents_public_endpoint" time="0.109" /><testcase classname="backend.tests.test_onboarding_iteration30.TestFeedbackRegression" name="test_agent_performance_endpoint" time="0.454" /></testsuite></testsuites>