<?xml version="1.0" encoding="utf-8"?><testsuites name="pytest tests"><testsuite name="pytest" errors="0" failures="6" skipped="0" tests="35" time="2.743" timestamp="2026-03-10T04:42:30.986527+00:00" hostname="agent-env-80b0ba0d-b48d-42d9-9a9e-5d127d35745d"><testcase classname="backend.tests.test_iteration75_new_features.TestTrustAnalytics" name="test_trust_analytics_returns_200" time="0.510" /><testcase classname="backend.tests.test_iteration75_new_features.TestTrustAnalytics" name="test_trust_analytics_has_trend_data" time="0.056" /><testcase classname="backend.tests.test_iteration75_new_features.TestTrustAnalytics" name="test_trust_analytics_trend_structure" time="0.048" /><testcase classname="backend.tests.test_iteration75_new_features.TestTrustAnalytics" name="test_trust_analytics_has_anomalies" time="0.047" /><testcase classname="backend.tests.test_iteration75_new_features.TestTrustAnalytics" name="test_trust_analytics_has_summary" time="0.057" /><testcase classname="backend.tests.test_iteration75_new_features.TestCampaignScheduling" name="test_schedule_campaign" time="0.098" /><testcase classname="backend.tests.test_iteration75_new_features.TestCampaignScheduling" name="test_get_scheduled_campaigns" time="0.050" /><testcase classname="backend.tests.test_iteration75_new_features.TestCampaignScheduling" name="test_remove_schedule" time="0.097" /><testcase classname="backend.tests.test_iteration75_new_features.TestOrganizations" name="test_get_my_organization" time="0.048" /><testcase classname="backend.tests.test_iteration75_new_features.TestOrganizations" name="test_create_organization" time="0.059" /><testcase classname="backend.tests.test_iteration75_new_features.TestOrganizations" name="test_organization_has_enriched_members" time="0.049" /><testcase classname="backend.tests.test_iteration75_new_features.TestOrganizations" name="test_invite_member" time="0.112" /><testcase classname="backend.tests.test_iteration75_new_features.TestAnalyticsWidgets" name="test_widget_catalog_returns_8" time="0.051" /><testcase classname="backend.tests.test_iteration75_new_features.TestAnalyticsWidgets" name="test_widget_catalog_structure" time="0.056" /><testcase classname="backend.tests.test_iteration75_new_features.TestAnalyticsWidgets" name="test_get_custom_dashboard" time="0.049" /><testcase classname="backend.tests.test_iteration75_new_features.TestAnalyticsWidgets" name="test_save_custom_dashboard" time="0.057" /><testcase classname="backend.tests.test_iteration75_new_features.TestAnalyticsWidgets" name="test_widget_data_trust_overview" time="0.053" /><testcase classname="backend.tests.test_iteration75_new_features.TestAnalyticsWidgets" name="test_widget_data_agent_usage" time="0.052" /><testcase classname="backend.tests.test_iteration75_new_features.TestAnalyticsWidgets" name="test_widget_data_cost_trend" time="0.044" /><testcase classname="backend.tests.test_iteration75_new_features.TestAnalyticsWidgets" name="test_widget_data_campaign_performance" time="0.045" /><testcase classname="backend.tests.test_iteration75_new_features.TestAnalyticsWidgets" name="test_widget_data_active_integrations" time="0.081" /><testcase classname="backend.tests.test_iteration75_new_features.TestAnalyticsWidgets" name="test_widget_data_model_distribution" time="0.047" /><testcase classname="backend.tests.test_iteration75_new_features.TestAnalyticsWidgets" name="test_widget_data_workflow_status" time="0.057" /><testcase classname="backend.tests.test_iteration75_new_features.TestAgentSuggestions" name="test_agent_suggestions_returns_200" time="0.093" /><testcase classname="backend.tests.test_iteration75_new_features.TestAgentSuggestions" name="test_agent_suggestions_has_analysis" time="0.064" /><testcase classname="backend.tests.test_iteration75_new_features.TestAgentSuggestions" name="test_agent_suggestions_structure" time="0.052" /><testcase classname="backend.tests.test_iteration75_new_features.TestAgentSuggestions" name="test_create_agent_from_suggestion" time="0.062" /><testcase classname="backend.tests.test_iteration75_new_features.TestCampaignPDFReport" name="test_pdf_report_endpoint_exists" time="0.113" /><testcase classname="backend.tests.test_iteration75_new_features.TestCampaignPDFReport" name="test_pdf_report_has_content" time="0.109" /><testcase classname="backend.tests.test_iteration75_new_features.TestAuthRequired" name="test_trust_analytics_requires_auth" time="0.045"><failure message="assert 200 == 401&#10; +  where 200 = &lt;Response [200]&gt;.status_code">backend/tests/test_iteration75_new_features.py:410: in test_trust_analytics_requires_auth
    assert response.status_code == 401
E   assert 200 == 401
E    +  where 200 = &lt;Response [200]&gt;.status_code</failure></testcase><testcase classname="backend.tests.test_iteration75_new_features.TestAuthRequired" name="test_widgets_requires_auth" time="0.052"><failure message="assert 200 == 401&#10; +  where 200 = &lt;Response [200]&gt;.status_code">backend/tests/test_iteration75_new_features.py:414: in test_widgets_requires_auth
    assert response.status_code == 401
E   assert 200 == 401
E    +  where 200 = &lt;Response [200]&gt;.status_code</failure></testcase><testcase classname="backend.tests.test_iteration75_new_features.TestAuthRequired" name="test_dashboard_requires_auth" time="0.048"><failure message="assert 200 == 401&#10; +  where 200 = &lt;Response [200]&gt;.status_code">backend/tests/test_iteration75_new_features.py:418: in test_dashboard_requires_auth
    assert response.status_code == 401
E   assert 200 == 401
E    +  where 200 = &lt;Response [200]&gt;.status_code</failure></testcase><testcase classname="backend.tests.test_iteration75_new_features.TestAuthRequired" name="test_agent_suggestions_requires_auth" time="0.054"><failure message="assert 200 == 401&#10; +  where 200 = &lt;Response [200]&gt;.status_code">backend/tests/test_iteration75_new_features.py:422: in test_agent_suggestions_requires_auth
    assert response.status_code == 401
E   assert 200 == 401
E    +  where 200 = &lt;Response [200]&gt;.status_code</failure></testcase><testcase classname="backend.tests.test_iteration75_new_features.TestAuthRequired" name="test_organizations_me_requires_auth" time="0.046"><failure message="assert 200 == 401&#10; +  where 200 = &lt;Response [200]&gt;.status_code">backend/tests/test_iteration75_new_features.py:426: in test_organizations_me_requires_auth
    assert response.status_code == 401
E   assert 200 == 401
E    +  where 200 = &lt;Response [200]&gt;.status_code</failure></testcase><testcase classname="backend.tests.test_iteration75_new_features.TestAuthRequired" name="test_scheduled_campaigns_requires_auth" time="0.051"><failure message="assert 200 == 401&#10; +  where 200 = &lt;Response [200]&gt;.status_code">backend/tests/test_iteration75_new_features.py:430: in test_scheduled_campaigns_requires_auth
    assert response.status_code == 401
E   assert 200 == 401
E    +  where 200 = &lt;Response [200]&gt;.status_code</failure></testcase></testsuite></testsuites>