<?xml version="1.0" encoding="utf-8"?><testsuites name="pytest tests"><testsuite name="pytest" errors="0" failures="3" skipped="0" tests="8" time="47.345" timestamp="2026-03-02T12:57:09.238783+00:00" hostname="agent-env-655ae9aa-7a7e-40f6-86a9-65a7c0792273"><testcase classname="tests.test_web_browsing.TestAdminLogin" name="test_admin_login_success" time="0.349" /><testcase classname="tests.test_web_browsing.TestWebSearchDetection" name="test_factual_question_triggers_web_search" time="0.108"><failure message="ImportError: cannot import name 'needs_web_search' from 'services.web_search' (/app/backend/services/web_search.py)">tests/test_web_browsing.py:41: in test_factual_question_triggers_web_search
    from services.web_search import needs_web_search
E   ImportError: cannot import name 'needs_web_search' from 'services.web_search' (/app/backend/services/web_search.py)</failure></testcase><testcase classname="tests.test_web_browsing.TestWebSearchDetection" name="test_greetings_dont_trigger_web_search" time="0.000"><failure message="ImportError: cannot import name 'needs_web_search' from 'services.web_search' (/app/backend/services/web_search.py)">tests/test_web_browsing.py:61: in test_greetings_dont_trigger_web_search
    from services.web_search import needs_web_search
E   ImportError: cannot import name 'needs_web_search' from 'services.web_search' (/app/backend/services/web_search.py)</failure></testcase><testcase classname="tests.test_web_browsing.TestWebSearchAPI" name="test_factual_question_returns_web_searched_true" time="18.025" /><testcase classname="tests.test_web_browsing.TestWebSearchAPI" name="test_greeting_returns_web_searched_false" time="15.672"><failure message="AssertionError: Expected web_searched=False for greeting&#10;assert True == False">tests/test_web_browsing.py:161: in test_greeting_returns_web_searched_false
    assert web_searched == False, "Expected web_searched=False for greeting"
E   AssertionError: Expected web_searched=False for greeting
E   assert True == False</failure></testcase><testcase classname="tests.test_web_browsing.TestAgentDoesNotDenyInternet" name="test_agent_uses_web_data_not_denies_internet" time="8.012" /><testcase classname="tests.test_web_browsing.TestCreditsStillWork" name="test_credits_deducted_in_response" time="5.067" /><testcase classname="tests.test_web_browsing.TestClarificationInstructionUpdate" name="test_clarification_instruction_has_web_rule" time="0.001" /></testsuite></testsuites>