<?xml version="1.0" encoding="utf-8"?><testsuites name="pytest tests"><testsuite name="pytest" errors="0" failures="0" skipped="0" tests="21" time="4.283" timestamp="2026-03-02T21:53:09.143630+00:00" hostname="agent-env-638d0cb2-7c90-4643-a6e3-bddb0906af31"><testcase classname="tests.test_iteration49_p1_features.TestHealthCheck" name="test_health_endpoint" time="0.287" /><testcase classname="tests.test_iteration49_p1_features.TestAdminLogin" name="test_admin_login" time="0.364" /><testcase classname="tests.test_iteration49_p1_features.TestAdminLogin" name="test_user_login" time="0.345" /><testcase classname="tests.test_iteration49_p1_features.TestPaginatedChats" name="test_chats_returns_paginated_response" time="0.476" /><testcase classname="tests.test_iteration49_p1_features.TestPaginatedChats" name="test_chats_pagination_params" time="0.109" /><testcase classname="tests.test_iteration49_p1_features.TestPaginatedProducts" name="test_products_returns_paginated_response" time="0.123" /><testcase classname="tests.test_iteration49_p1_features.TestPaginatedProducts" name="test_products_pagination_params" time="0.118" /><testcase classname="tests.test_iteration49_p1_features.TestPaginatedAdminUsers" name="test_admin_users_requires_auth" time="0.104" /><testcase classname="tests.test_iteration49_p1_features.TestPaginatedAdminUsers" name="test_admin_users_returns_paginated_response" time="0.478" /><testcase classname="tests.test_iteration49_p1_features.TestPaginatedAdminUsers" name="test_admin_users_search_param" time="0.122" /><testcase classname="tests.test_iteration49_p1_features.TestPaginatedAdminTransactions" name="test_admin_transactions_requires_auth" time="0.104" /><testcase classname="tests.test_iteration49_p1_features.TestPaginatedAdminTransactions" name="test_admin_transactions_returns_paginated_response" time="0.214" /><testcase classname="tests.test_iteration49_p1_features.TestAgentLeaderboard" name="test_agent_leaderboard_requires_auth" time="0.109" /><testcase classname="tests.test_iteration49_p1_features.TestAgentLeaderboard" name="test_agent_leaderboard_returns_data" time="0.128" /><testcase classname="tests.test_iteration49_p1_features.TestEngagementHeatmap" name="test_engagement_heatmap_requires_auth" time="0.199" /><testcase classname="tests.test_iteration49_p1_features.TestEngagementHeatmap" name="test_engagement_heatmap_returns_data" time="0.111" /><testcase classname="tests.test_iteration49_p1_features.TestRevenueTrends" name="test_revenue_trends_requires_auth" time="0.106" /><testcase classname="tests.test_iteration49_p1_features.TestRevenueTrends" name="test_revenue_trends_returns_data" time="0.133" /><testcase classname="tests.test_iteration49_p1_features.TestAnalyticsExport" name="test_analytics_export_requires_auth" time="0.114" /><testcase classname="tests.test_iteration49_p1_features.TestAnalyticsExport" name="test_analytics_export_returns_csv" time="0.180" /><testcase classname="tests.test_iteration49_p1_features.TestCacheService" name="test_cached_response_performance" time="0.257" /></testsuite></testsuites>