<?xml version="1.0" encoding="utf-8"?><testsuites name="pytest tests"><testsuite name="pytest" errors="0" failures="3" skipped="0" tests="15" time="3.752" timestamp="2026-03-01T02:08:29.219879+00:00" hostname="agent-env-795d7a91-6ce5-450f-81f0-fb10b96850d3"><testcase classname="backend.tests.test_feedback_performance_iteration29.TestRegressionAuthLogin" name="test_login_with_valid_admin_credentials" time="0.508" /><testcase classname="backend.tests.test_feedback_performance_iteration29.TestRegressionPlans" name="test_plans_returns_four_plans" time="0.149"><failure message="AssertionError: Response should be a list&#10;assert False&#10; +  where False = isinstance({'credit_packages': {'credits_100': {'credits': 100, 'id': 'credits_100', 'name': '100 Credits', 'price_bdt': 2000.0, ...}, 'credits_1500': {'credits': 1500, 'id': 'credits_1500', 'name': '1,500 Credits', 'price_bdt': 30007.0, ...}, 'credits_300': {'credits': 300, 'id': 'credits_300', 'name': '300 Credits', 'price_bdt': 6001.0, ...}, 'credits_700': {'credits': 700, 'id': 'credits_700', 'name': '700 Credits', 'price_bdt': 14004.0, ...}}, 'custom_package': {'commander_addon_price_bdt': 3055.0, 'commander_addon_price_usd': 25.0, 'credit_presets': [{'credits': 100, 'id': 'cp_100', 'price_bdt': 2000.0, 'price_usd': 16.37}, {'credits': 500, 'id': 'cp_500', 'price_bdt': 10002.0, 'price_usd': 81.85}, {'credits': 1000, 'id': 'cp_1000', 'price_bdt': 20005.0, 'price_usd': 163.71}, {'credits': 2000, 'id': 'cp_2000', 'price_bdt': 40011.0, 'price_usd': 327.42}, {'credits': 5000, 'id': 'cp_5000', 'price_bdt': 100026.0, 'price_usd': 818.54}], 'per_agent_price_bdt': 1222.0, ...}, 'plans': {'business': {'credits': 6000, 'features': ['All 20 AI employees', '6,000 credits/month', 'Unlimited custom agents', 'Dedicated support', 'Unlimited everything', 'API access'], 'max_agents': 20, 'max_custom_agents': -1, ...}, 'free': {'credits': 50, 'features': ['1 AI employee', '50 credits/month', 'Basic support'], 'max_agents': 1, 'max_custom_agents': 0, ...}, 'pro': {'credits': 2000, 'features': ['10 AI employees', '2,000 credits/month', '5 custom agents', 'Priority support', 'Unlimited uploads'], 'max_agents': 10, 'max_custom_agents': 5, ...}, 'starter': {'credits': 500, 'features': ['5 AI employees', '500 credits/month', '2 custom agents', 'Priority support', 'File uploads'], 'max_agents': 5, 'max_custom_agents': 2, ...}}}, list)">backend/tests/test_feedback_performance_iteration29.py:115: in test_plans_returns_four_plans
    assert isinstance(data, list), "Response should be a list"
E   AssertionError: Response should be a list
E   assert False
E    +  where False = isinstance({'credit_packages': {'credits_100': {'credits': 100, 'id': 'credits_100', 'name': '100 Credits', 'price_bdt': 2000.0, ...}, 'credits_1500': {'credits': 1500, 'id': 'credits_1500', 'name': '1,500 Credits', 'price_bdt': 30007.0, ...}, 'credits_300': {'credits': 300, 'id': 'credits_300', 'name': '300 Credits', 'price_bdt': 6001.0, ...}, 'credits_700': {'credits': 700, 'id': 'credits_700', 'name': '700 Credits', 'price_bdt': 14004.0, ...}}, 'custom_package': {'commander_addon_price_bdt': 3055.0, 'commander_addon_price_usd': 25.0, 'credit_presets': [{'credits': 100, 'id': 'cp_100', 'price_bdt': 2000.0, 'price_usd': 16.37}, {'credits': 500, 'id': 'cp_500', 'price_bdt': 10002.0, 'price_usd': 81.85}, {'credits': 1000, 'id': 'cp_1000', 'price_bdt': 20005.0, 'price_usd': 163.71}, {'credits': 2000, 'id': 'cp_2000', 'price_bdt': 40011.0, 'price_usd': 327.42}, {'credits': 5000, 'id': 'cp_5000', 'price_bdt': 100026.0, 'price_usd': 818.54}], 'per_agent_price_bdt': 1222.0, ...}, 'plans': {'business': {'credits': 6000, 'features': ['All 20 AI employees', '6,000 credits/month', 'Unlimited custom agents', 'Dedicated support', 'Unlimited everything', 'API access'], 'max_agents': 20, 'max_custom_agents': -1, ...}, 'free': {'credits': 50, 'features': ['1 AI employee', '50 credits/month', 'Basic support'], 'max_agents': 1, 'max_custom_agents': 0, ...}, 'pro': {'credits': 2000, 'features': ['10 AI employees', '2,000 credits/month', '5 custom agents', 'Priority support', 'Unlimited uploads'], 'max_agents': 10, 'max_custom_agents': 5, ...}, 'starter': {'credits': 500, 'features': ['5 AI employees', '500 credits/month', '2 custom agents', 'Priority support', 'File uploads'], 'max_agents': 5, 'max_custom_agents': 2, ...}}}, list)</failure></testcase><testcase classname="backend.tests.test_feedback_performance_iteration29.TestRegressionAgents" name="test_agents_returns_list" time="0.535" /><testcase classname="backend.tests.test_feedback_performance_iteration29.TestRegressionAnalytics" name="test_admin_analytics_returns_kpis" time="0.157" /><testcase classname="backend.tests.test_feedback_performance_iteration29.TestMessageFeedback" name="test_feedback_up_saves_correctly" time="0.529"><failure message="AssertionError: Feedback should be 'up'&#10;assert None == 'up'&#10; +  where None = &lt;built-in method get of dict object at 0xfcde4008a940&gt;('feedback')&#10; +    where &lt;built-in method get of dict object at 0xfcde4008a940&gt; = {'attachments': None, 'auto_selected': None, 'chat_id': 'chat_a7f593ea1548', 'content': 'I’d be happy to write a persuasive proposal for your startup. To ensure the copy is sharp and the pitch is impossible to ignore, I need a few details first:\n\n1. **What is the app’s &quot;Big Idea&quot;?** What core problem does it solve, and who is the primary user?\n2. **What is the goal of this proposal?** Are you looking for seed funding, a strategic partner, or perhaps your first round of beta testers?\n3. **Do you have a name for the startup**, or should I suggest a working title?\n4. **What is the &quot;hook&quot;?** Is there a specific feature or unique advantage that sets you apart from the competition?\n\nOnce you give me these details, I\'ll craft a professional proposal that sells your vision.\n\n\n\n**Input from Victor Ashford (Business Strategist):**\nScarlett, to capture a modern investor’s attention, your proposal must prioritize market defensibility and clear ROI. Include these seven essential strategic sections:\n\n1.  **The Value Proposition (The Hook):** A concise statement defining the specific problem and your unique solution.\n2.  **Market Opportunity (TAM/SAM/SOM):** Data-driven analysis of the Total Addressable Market and the specific segment you will capture immediately.\n3.  **The Business Model:** A transparent breakdown of revenue streams (e.g., subscription, freemium, or data monetization) and unit economics.\n4.  **Competitive Advantage (The Moat):** A SWOT-aligned analysis identifying why competitors cannot easily replicate your offering (IP, network effects, or exclusive partnerships).\n5.  **Go-To-Market (GTM) Strategy:** A roadmap for user acquisition, including specific channels and projected Customer Acquisition Cost (CAC) vs. Lifetime Value (LTV).\n6.  **Product Roadmap &amp; Scalability:** High-level milestones for development and how the infrastructure will handle rapid user growth.\n7.  **The Ask &amp; Financial Projections:** Specific funding requirements and a 3-year forecast illustrating the exit strategy or path to profitability.\n', ...}.get">backend/tests/test_feedback_performance_iteration29.py:189: in test_feedback_up_saves_correctly
    assert found_msg.get("feedback") == "up", "Feedback should be 'up'"
E   AssertionError: Feedback should be 'up'
E   assert None == 'up'
E    +  where None = &lt;built-in method get of dict object at 0xfcde4008a940&gt;('feedback')
E    +    where &lt;built-in method get of dict object at 0xfcde4008a940&gt; = {'attachments': None, 'auto_selected': None, 'chat_id': 'chat_a7f593ea1548', 'content': 'I’d be happy to write a persuasive proposal for your startup. To ensure the copy is sharp and the pitch is impossible to ignore, I need a few details first:\n\n1. **What is the app’s "Big Idea"?** What core problem does it solve, and who is the primary user?\n2. **What is the goal of this proposal?** Are you looking for seed funding, a strategic partner, or perhaps your first round of beta testers?\n3. **Do you have a name for the startup**, or should I suggest a working title?\n4. **What is the "hook"?** Is there a specific feature or unique advantage that sets you apart from the competition?\n\nOnce you give me these details, I\'ll craft a professional proposal that sells your vision.\n\n\n\n**Input from Victor Ashford (Business Strategist):**\nScarlett, to capture a modern investor’s attention, your proposal must prioritize market defensibility and clear ROI. Include these seven essential strategic sections:\n\n1.  **The Value Proposition (The Hook):** A concise statement defining the specific problem and your unique solution.\n2.  **Market Opportunity (TAM/SAM/SOM):** Data-driven analysis of the Total Addressable Market and the specific segment you will capture immediately.\n3.  **The Business Model:** A transparent breakdown of revenue streams (e.g., subscription, freemium, or data monetization) and unit economics.\n4.  **Competitive Advantage (The Moat):** A SWOT-aligned analysis identifying why competitors cannot easily replicate your offering (IP, network effects, or exclusive partnerships).\n5.  **Go-To-Market (GTM) Strategy:** A roadmap for user acquisition, including specific channels and projected Customer Acquisition Cost (CAC) vs. Lifetime Value (LTV).\n6.  **Product Roadmap &amp; Scalability:** High-level milestones for development and how the infrastructure will handle rapid user growth.\n7.  **The Ask &amp; Financial Projections:** Specific funding requirements and a 3-year forecast illustrating the exit strategy or path to profitability.\n', ...}.get</failure></testcase><testcase classname="backend.tests.test_feedback_performance_iteration29.TestMessageFeedback" name="test_feedback_down_saves_correctly" time="0.298"><failure message="AssertionError: Feedback should be 'down'&#10;assert None == 'down'&#10; +  where None = &lt;built-in method get of dict object at 0xfcde400a9080&gt;('feedback')&#10; +    where &lt;built-in method get of dict object at 0xfcde400a9080&gt; = {'attachments': None, 'auto_selected': None, 'chat_id': 'chat_a7f593ea1548', 'content': 'I’d be happy to write a persuasive proposal for your startup. To ensure the copy is sharp and the pitch is impossible to ignore, I need a few details first:\n\n1. **What is the app’s &quot;Big Idea&quot;?** What core problem does it solve, and who is the primary user?\n2. **What is the goal of this proposal?** Are you looking for seed funding, a strategic partner, or perhaps your first round of beta testers?\n3. **Do you have a name for the startup**, or should I suggest a working title?\n4. **What is the &quot;hook&quot;?** Is there a specific feature or unique advantage that sets you apart from the competition?\n\nOnce you give me these details, I\'ll craft a professional proposal that sells your vision.\n\n\n\n**Input from Victor Ashford (Business Strategist):**\nScarlett, to capture a modern investor’s attention, your proposal must prioritize market defensibility and clear ROI. Include these seven essential strategic sections:\n\n1.  **The Value Proposition (The Hook):** A concise statement defining the specific problem and your unique solution.\n2.  **Market Opportunity (TAM/SAM/SOM):** Data-driven analysis of the Total Addressable Market and the specific segment you will capture immediately.\n3.  **The Business Model:** A transparent breakdown of revenue streams (e.g., subscription, freemium, or data monetization) and unit economics.\n4.  **Competitive Advantage (The Moat):** A SWOT-aligned analysis identifying why competitors cannot easily replicate your offering (IP, network effects, or exclusive partnerships).\n5.  **Go-To-Market (GTM) Strategy:** A roadmap for user acquisition, including specific channels and projected Customer Acquisition Cost (CAC) vs. Lifetime Value (LTV).\n6.  **Product Roadmap &amp; Scalability:** High-level milestones for development and how the infrastructure will handle rapid user growth.\n7.  **The Ask &amp; Financial Projections:** Specific funding requirements and a 3-year forecast illustrating the exit strategy or path to profitability.\n', ...}.get">backend/tests/test_feedback_performance_iteration29.py:213: in test_feedback_down_saves_correctly
    assert msg.get("feedback") == "down", "Feedback should be 'down'"
E   AssertionError: Feedback should be 'down'
E   assert None == 'down'
E    +  where None = &lt;built-in method get of dict object at 0xfcde400a9080&gt;('feedback')
E    +    where &lt;built-in method get of dict object at 0xfcde400a9080&gt; = {'attachments': None, 'auto_selected': None, 'chat_id': 'chat_a7f593ea1548', 'content': 'I’d be happy to write a persuasive proposal for your startup. To ensure the copy is sharp and the pitch is impossible to ignore, I need a few details first:\n\n1. **What is the app’s "Big Idea"?** What core problem does it solve, and who is the primary user?\n2. **What is the goal of this proposal?** Are you looking for seed funding, a strategic partner, or perhaps your first round of beta testers?\n3. **Do you have a name for the startup**, or should I suggest a working title?\n4. **What is the "hook"?** Is there a specific feature or unique advantage that sets you apart from the competition?\n\nOnce you give me these details, I\'ll craft a professional proposal that sells your vision.\n\n\n\n**Input from Victor Ashford (Business Strategist):**\nScarlett, to capture a modern investor’s attention, your proposal must prioritize market defensibility and clear ROI. Include these seven essential strategic sections:\n\n1.  **The Value Proposition (The Hook):** A concise statement defining the specific problem and your unique solution.\n2.  **Market Opportunity (TAM/SAM/SOM):** Data-driven analysis of the Total Addressable Market and the specific segment you will capture immediately.\n3.  **The Business Model:** A transparent breakdown of revenue streams (e.g., subscription, freemium, or data monetization) and unit economics.\n4.  **Competitive Advantage (The Moat):** A SWOT-aligned analysis identifying why competitors cannot easily replicate your offering (IP, network effects, or exclusive partnerships).\n5.  **Go-To-Market (GTM) Strategy:** A roadmap for user acquisition, including specific channels and projected Customer Acquisition Cost (CAC) vs. Lifetime Value (LTV).\n6.  **Product Roadmap &amp; Scalability:** High-level milestones for development and how the infrastructure will handle rapid user growth.\n7.  **The Ask &amp; Financial Projections:** Specific funding requirements and a 3-year forecast illustrating the exit strategy or path to profitability.\n', ...}.get</failure></testcase><testcase classname="backend.tests.test_feedback_performance_iteration29.TestMessageFeedback" name="test_feedback_null_removes_feedback" time="0.232" /><testcase classname="backend.tests.test_feedback_performance_iteration29.TestMessageFeedback" name="test_feedback_invalid_value_rejected" time="0.163" /><testcase classname="backend.tests.test_feedback_performance_iteration29.TestAgentPerformance" name="test_agent_performance_requires_admin" time="0.150" /><testcase classname="backend.tests.test_feedback_performance_iteration29.TestAgentPerformance" name="test_agent_performance_returns_metrics" time="0.135" /><testcase classname="backend.tests.test_feedback_performance_iteration29.TestAgentPerformance" name="test_agent_performance_structure_complete" time="0.104" /><testcase classname="backend.tests.test_feedback_performance_iteration29.TestAnalyticsExport" name="test_export_returns_csv_content_type" time="0.107" /><testcase classname="backend.tests.test_feedback_performance_iteration29.TestAnalyticsExport" name="test_export_has_content_disposition" time="0.124" /><testcase classname="backend.tests.test_feedback_performance_iteration29.TestAnalyticsExport" name="test_export_requires_admin" time="0.150" /><testcase classname="backend.tests.test_feedback_performance_iteration29.TestFeedbackWithPerformance" name="test_submit_feedback_and_verify_in_performance" time="0.249" /></testsuite></testsuites>