<?xml version="1.0" encoding="utf-8"?><testsuites name="pytest tests"><testsuite name="pytest" errors="0" failures="1" skipped="0" tests="7" time="9.560" timestamp="2026-03-01T01:01:41.834358+00:00" hostname="agent-env-17db2555-9ffe-42f0-a98d-324105ee3709"><testcase classname="backend.tests.test_iteration25_pricing_tts.TestHealthCheck" name="test_health_endpoint" time="0.003" /><testcase classname="backend.tests.test_iteration25_pricing_tts.TestAdminPricing" name="test_plans_returns_admin_configured_prices" time="0.238" /><testcase classname="backend.tests.test_iteration25_pricing_tts.TestAdminPricing" name="test_plans_structure" time="0.125" /><testcase classname="backend.tests.test_iteration25_pricing_tts.TestTTS" name="test_tts_voices_returns_9_voices" time="0.467" /><testcase classname="backend.tests.test_iteration25_pricing_tts.TestTTS" name="test_tts_generate_returns_audio" time="3.595" /><testcase classname="backend.tests.test_iteration25_pricing_tts.TestBrainEditor" name="test_brain_editor_update" time="0.708" /><testcase classname="backend.tests.test_iteration25_pricing_tts.TestCommanderDelegation" name="test_commander_delegation_structure" time="4.339"><failure message="AssertionError: Missing response content&#10;assert ('content' in {'assistant_message': {'agent_id': 'agent_commander', 'chat_id': 'chat_b4049611b457', 'commander_status': 'processing', 'content': 'Analyzing your goal and deploying specialists... This will take a moment as I coordinate multiple agents.\n\nGoal: List the specialist agents available', ...}, 'credits_used': 1, 'user_message': {'attachments': None, 'auto_selected': True, 'chat_id': 'chat_b4049611b457', 'content': 'List the specialist agents available', ...}} or 'message_id' in {'assistant_message': {'agent_id': 'agent_commander', 'chat_id': 'chat_b4049611b457', 'commander_status': 'processing', 'content': 'Analyzing your goal and deploying specialists... This will take a moment as I coordinate multiple agents.\n\nGoal: List the specialist agents available', ...}, 'credits_used': 1, 'user_message': {'attachments': None, 'auto_selected': True, 'chat_id': 'chat_b4049611b457', 'content': 'List the specialist agents available', ...}})">backend/tests/test_iteration25_pricing_tts.py:281: in test_commander_delegation_structure
    assert "content" in data or "message_id" in data, "Missing response content"
E   AssertionError: Missing response content
E   assert ('content' in {'assistant_message': {'agent_id': 'agent_commander', 'chat_id': 'chat_b4049611b457', 'commander_status': 'processing', 'content': 'Analyzing your goal and deploying specialists... This will take a moment as I coordinate multiple agents.\n\nGoal: List the specialist agents available', ...}, 'credits_used': 1, 'user_message': {'attachments': None, 'auto_selected': True, 'chat_id': 'chat_b4049611b457', 'content': 'List the specialist agents available', ...}} or 'message_id' in {'assistant_message': {'agent_id': 'agent_commander', 'chat_id': 'chat_b4049611b457', 'commander_status': 'processing', 'content': 'Analyzing your goal and deploying specialists... This will take a moment as I coordinate multiple agents.\n\nGoal: List the specialist agents available', ...}, 'credits_used': 1, 'user_message': {'attachments': None, 'auto_selected': True, 'chat_id': 'chat_b4049611b457', 'content': 'List the specialist agents available', ...}})</failure></testcase></testsuite></testsuites>