<?xml version="1.0" encoding="utf-8"?><testsuites name="pytest tests"><testsuite name="pytest" errors="0" failures="0" skipped="0" tests="10" time="3.075" timestamp="2026-03-01T02:25:32.372440+00:00" hostname="agent-env-795d7a91-6ce5-450f-81f0-fb10b96850d3"><testcase classname="backend.tests.test_onboarding_iteration30.TestAdminLogin" name="test_admin_login_success" time="0.371" /><testcase classname="backend.tests.test_onboarding_iteration30.TestOnboardingEndpoints" name="test_admin_me_returns_onboarding_completed" time="0.447" /><testcase classname="backend.tests.test_onboarding_iteration30.TestOnboardingEndpoints" name="test_admin_me_response_structure" time="0.135" /><testcase classname="backend.tests.test_onboarding_iteration30.TestNewUserOnboarding" name="test_new_user_onboarding_completed_is_false" time="0.467" /><testcase classname="backend.tests.test_onboarding_iteration30.TestNewUserOnboarding" name="test_complete_onboarding_endpoint" time="0.110" /><testcase classname="backend.tests.test_onboarding_iteration30.TestNewUserOnboarding" name="test_onboarding_completed_persists" time="0.266" /><testcase classname="backend.tests.test_onboarding_iteration30.TestRegressionEndpoints" name="test_agents_endpoint_returns_list" time="0.511" /><testcase classname="backend.tests.test_onboarding_iteration30.TestRegressionEndpoints" name="test_admin_analytics_endpoint" time="0.122" /><testcase classname="backend.tests.test_onboarding_iteration30.TestRegressionEndpoints" name="test_agents_public_endpoint" time="0.104" /><testcase classname="backend.tests.test_onboarding_iteration30.TestFeedbackRegression" name="test_agent_performance_endpoint" time="0.477" /></testsuite></testsuites>