<?xml version="1.0" encoding="utf-8"?><testsuites name="pytest tests"><testsuite name="pytest" errors="0" failures="1" skipped="1" tests="12" time="212.277" timestamp="2026-03-01T00:22:30.239475+00:00" hostname="agent-env-17db2555-9ffe-42f0-a98d-324105ee3709"><testcase classname="backend.tests.test_iteration23_production_ready.TestHealthAndAuth" name="test_health_endpoint_returns_200" time="0.166" /><testcase classname="backend.tests.test_iteration23_production_ready.TestHealthAndAuth" name="test_admin_login_success" time="0.333" /><testcase classname="backend.tests.test_iteration23_production_ready.TestCommanderAIDelegation" name="test_commander_message_returns_processing_status" time="33.745" /><testcase classname="backend.tests.test_iteration23_production_ready.TestCommanderAIDelegation" name="test_commander_delegation_completes" time="60.169"><skipped type="pytest.skip" message="Admin login failed - skipping authenticated tests">/app/backend/tests/test_iteration23_production_ready.py:103: Admin login failed - skipping authenticated tests</skipped></testcase><testcase classname="backend.tests.test_iteration23_production_ready.TestAgentClarifyingQuestions" name="test_marketing_asks_clarifying_questions" time="57.150" /><testcase classname="backend.tests.test_iteration23_production_ready.TestAgentClarifyingQuestions" name="test_legal_gives_direct_answer_for_simple_question" time="5.977" /><testcase classname="backend.tests.test_iteration23_production_ready.TestAgentClarifyingQuestions" name="test_graphics_has_can_generate_image" time="0.453"><failure message="AssertionError: Graphics agent should have can_generate_image=true, got: None&#10;assert None == True&#10; +  where None = &lt;built-in method get of dict object at 0xf99cc619b8c0&gt;('can_generate_image')&#10; +    where &lt;built-in method get of dict object at 0xf99cc619b8c0&gt; = {'agent_id': 'agent_graphics', 'avatar': 'https://static.prod-images.emergentagent.com/jobs/d5c3c70f-465d-437e-854c-b31caef3b9ee/images/96d5c274e3657d527a5a8c4bf869dcfdb08530445029e0df555139dba990b2cc.png', 'capabilities': ['Image Creation', 'Logo Design', 'Brand Assets', 'Social Graphics', 'Marketing Materials'], 'created_at': '2026-02-26T01:59:02.366736Z', ...}.get">backend/tests/test_iteration23_production_ready.py:216: in test_graphics_has_can_generate_image
    assert graphics_agent.get("can_generate_image") == True, f"Graphics agent should have can_generate_image=true, got: {graphics_agent.get('can_generate_image')}"
E   AssertionError: Graphics agent should have can_generate_image=true, got: None
E   assert None == True
E    +  where None = &lt;built-in method get of dict object at 0xf99cc619b8c0&gt;('can_generate_image')
E    +    where &lt;built-in method get of dict object at 0xf99cc619b8c0&gt; = {'agent_id': 'agent_graphics', 'avatar': 'https://static.prod-images.emergentagent.com/jobs/d5c3c70f-465d-437e-854c-b31caef3b9ee/images/96d5c274e3657d527a5a8c4bf869dcfdb08530445029e0df555139dba990b2cc.png', 'capabilities': ['Image Creation', 'Logo Design', 'Brand Assets', 'Social Graphics', 'Marketing Materials'], 'created_at': '2026-02-26T01:59:02.366736Z', ...}.get</failure></testcase><testcase classname="backend.tests.test_iteration23_production_ready.TestAgentClarifyingQuestions" name="test_graphics_asks_questions_for_logo" time="45.314" /><testcase classname="backend.tests.test_iteration23_production_ready.TestAgentWritingStyle" name="test_minimal_markdown_headers" time="7.340" /><testcase classname="backend.tests.test_iteration23_production_ready.TestTeamCollaboration" name="test_get_teams_returns_list" time="0.454" /><testcase classname="backend.tests.test_iteration23_production_ready.TestTeamCollaboration" name="test_team_invite_endpoint_no_crash" time="0.576" /><testcase classname="backend.tests.test_iteration23_production_ready.TestAllAgents" name="test_all_21_agents_exist" time="0.513" /></testsuite></testsuites>