<?xml version="1.0" encoding="utf-8"?><testsuites name="pytest tests"><testsuite name="pytest" errors="0" failures="0" skipped="0" tests="10" time="2.437" timestamp="2026-03-04T20:23:59.374696+00:00" hostname="agent-env-a7a90cbc-4b68-4b99-b8ea-82b47bcbd512"><testcase classname="backend.tests.test_iteration60_memory_autolearn.TestMemoryAutoLearnStats" name="test_stats_returns_auto_learned_count" time="0.574" /><testcase classname="backend.tests.test_iteration60_memory_autolearn.TestMemoryAutoLearnStats" name="test_stats_has_standard_fields" time="0.126" /><testcase classname="backend.tests.test_iteration60_memory_autolearn.TestMemoryEntriesAutoLearn" name="test_entries_list_returns_data" time="0.122" /><testcase classname="backend.tests.test_iteration60_memory_autolearn.TestMemoryEntriesAutoLearn" name="test_auto_learned_entries_have_source_field" time="0.140" /><testcase classname="backend.tests.test_iteration60_memory_autolearn.TestMemoryEntriesAutoLearn" name="test_auto_learned_entries_have_source_task_title" time="0.137" /><testcase classname="backend.tests.test_iteration60_memory_autolearn.TestMemoryEntriesAutoLearn" name="test_entry_structure_for_autolearn" time="0.150" /><testcase classname="backend.tests.test_iteration60_memory_autolearn.TestMemoryStatsConsistency" name="test_counts_match_entries" time="0.232" /><testcase classname="backend.tests.test_iteration60_memory_autolearn.TestMemoryManualCRUD" name="test_create_manual_entry" time="0.312" /><testcase classname="backend.tests.test_iteration60_memory_autolearn.TestMemoryManualCRUD" name="test_update_entry_creates_version" time="0.472" /><testcase classname="backend.tests.test_iteration60_memory_autolearn.TestMemoryLearningServiceIntegration" name="test_seeded_autolearn_entries_exist" time="0.113" /></testsuite></testsuites>