<?xml version="1.0" encoding="utf-8"?><testsuites name="pytest tests"><testsuite name="pytest" errors="0" failures="0" skipped="0" tests="20" time="5.508" timestamp="2026-02-26T07:33:33.388879+00:00" hostname="agent-env-024ce60d-f7ec-4384-a85b-411db9ebd3d7"><testcase classname="backend.tests.test_custom_packages.TestSetup" name="test_api_health" time="0.183" /><testcase classname="backend.tests.test_custom_packages.TestPlansEndpoint" name="test_plans_returns_custom_package_config" time="0.104" /><testcase classname="backend.tests.test_custom_packages.TestPlansEndpoint" name="test_plans_includes_commander_in_pro_business" time="0.139" /><testcase classname="backend.tests.test_custom_packages.TestCustomPackageConfig" name="test_custom_package_config_endpoint" time="0.106" /><testcase classname="backend.tests.test_custom_packages.TestCustomPackageConfig" name="test_credit_presets_have_expected_ids" time="0.129" /><testcase classname="backend.tests.test_custom_packages.TestCustomPackageCheckout" name="test_checkout_requires_auth" time="0.140" /><testcase classname="backend.tests.test_custom_packages.TestCustomPackageCheckout" name="test_checkout_validates_empty_agents" time="0.508" /><testcase classname="backend.tests.test_custom_packages.TestCustomPackageCheckout" name="test_checkout_validates_missing_credit_preset" time="0.136" /><testcase classname="backend.tests.test_custom_packages.TestCustomPackageCheckout" name="test_checkout_validates_invalid_credit_preset" time="0.098" /><testcase classname="backend.tests.test_custom_packages.TestCustomPackageCheckout" name="test_checkout_returns_checkout_url" time="0.614" /><testcase classname="backend.tests.test_custom_packages.TestSubscriptionAgents" name="test_get_subscription_agents_requires_auth" time="0.098" /><testcase classname="backend.tests.test_custom_packages.TestSubscriptionAgents" name="test_get_subscription_agents_returns_expected_fields" time="0.428" /><testcase classname="backend.tests.test_custom_packages.TestSubscriptionAgents" name="test_put_subscription_agents_requires_auth" time="0.094" /><testcase classname="backend.tests.test_custom_packages.TestSubscriptionAgents" name="test_put_subscription_agents_success" time="0.296" /><testcase classname="backend.tests.test_custom_packages.TestSubscriptionAgentsEnforcement" name="test_free_plan_limits_to_one_agent" time="0.415" /><testcase classname="backend.tests.test_custom_packages.TestAdminCustomPackage" name="test_admin_get_custom_package_requires_admin" time="0.416" /><testcase classname="backend.tests.test_custom_packages.TestAdminCustomPackage" name="test_admin_get_custom_package_success" time="0.428" /><testcase classname="backend.tests.test_custom_packages.TestAdminCustomPackage" name="test_admin_post_custom_package_requires_admin" time="0.101" /><testcase classname="backend.tests.test_custom_packages.TestAdminCustomPackage" name="test_admin_post_custom_package_success" time="0.411" /><testcase classname="backend.tests.test_custom_packages.TestAgentAccessEnforcement" name="test_commander_blocked_on_free_plan" time="0.544" /></testsuite></testsuites>