<?xml version="1.0" encoding="utf-8"?><testsuites name="pytest tests"><testsuite name="pytest" errors="0" failures="0" skipped="0" tests="15" time="3.408" timestamp="2026-03-01T02:09:33.651382+00:00" hostname="agent-env-795d7a91-6ce5-450f-81f0-fb10b96850d3"><testcase classname="backend.tests.test_feedback_performance_iteration29.TestRegressionAuthLogin" name="test_login_with_valid_admin_credentials" time="0.468" /><testcase classname="backend.tests.test_feedback_performance_iteration29.TestRegressionPlans" name="test_plans_returns_four_plans" time="0.190" /><testcase classname="backend.tests.test_feedback_performance_iteration29.TestRegressionAgents" name="test_agents_returns_list" time="0.485" /><testcase classname="backend.tests.test_feedback_performance_iteration29.TestRegressionAnalytics" name="test_admin_analytics_returns_kpis" time="0.139" /><testcase classname="backend.tests.test_feedback_performance_iteration29.TestMessageFeedback" name="test_feedback_up_saves_correctly" time="0.569" /><testcase classname="backend.tests.test_feedback_performance_iteration29.TestMessageFeedback" name="test_feedback_down_saves_correctly" time="0.243" /><testcase classname="backend.tests.test_feedback_performance_iteration29.TestMessageFeedback" name="test_feedback_null_removes_feedback" time="0.213" /><testcase classname="backend.tests.test_feedback_performance_iteration29.TestMessageFeedback" name="test_feedback_invalid_value_rejected" time="0.110" /><testcase classname="backend.tests.test_feedback_performance_iteration29.TestAgentPerformance" name="test_agent_performance_requires_admin" time="0.114" /><testcase classname="backend.tests.test_feedback_performance_iteration29.TestAgentPerformance" name="test_agent_performance_returns_metrics" time="0.098" /><testcase classname="backend.tests.test_feedback_performance_iteration29.TestAgentPerformance" name="test_agent_performance_structure_complete" time="0.113" /><testcase classname="backend.tests.test_feedback_performance_iteration29.TestAnalyticsExport" name="test_export_returns_csv_content_type" time="0.104" /><testcase classname="backend.tests.test_feedback_performance_iteration29.TestAnalyticsExport" name="test_export_has_content_disposition" time="0.120" /><testcase classname="backend.tests.test_feedback_performance_iteration29.TestAnalyticsExport" name="test_export_requires_admin" time="0.108" /><testcase classname="backend.tests.test_feedback_performance_iteration29.TestFeedbackWithPerformance" name="test_submit_feedback_and_verify_in_performance" time="0.232" /></testsuite></testsuites>