<?xml version="1.0" encoding="utf-8"?><testsuites name="pytest tests"><testsuite name="pytest" errors="0" failures="0" skipped="0" tests="26" time="4.347" timestamp="2026-03-03T00:49:56.309883+00:00" hostname="agent-env-dd219479-c32d-4b5f-9ef8-c1edbfd0996a"><testcase classname="backend.tests.test_iteration53_enterprise.TestAuth" name="test_login_success" time="0.423" /><testcase classname="backend.tests.test_iteration53_enterprise.TestAgents41Count" name="test_public_agents_returns_41" time="0.137" /><testcase classname="backend.tests.test_iteration53_enterprise.TestAgents41Count" name="test_all_13_new_agents_present" time="0.145" /><testcase classname="backend.tests.test_iteration53_enterprise.TestAgents41Count" name="test_new_agents_have_required_fields" time="0.126" /><testcase classname="backend.tests.test_iteration53_enterprise.TestKPIEndpoints" name="test_get_kpis_returns_all_sections" time="0.464" /><testcase classname="backend.tests.test_iteration53_enterprise.TestKPIEndpoints" name="test_operational_kpis_have_real_data" time="0.169" /><testcase classname="backend.tests.test_iteration53_enterprise.TestKPIEndpoints" name="test_governance_kpis_have_data" time="0.117" /><testcase classname="backend.tests.test_iteration53_enterprise.TestKPIEndpoints" name="test_cost_kpis_have_data" time="0.172" /><testcase classname="backend.tests.test_iteration53_enterprise.TestCustomKPIs" name="test_create_custom_kpi" time="0.104" /><testcase classname="backend.tests.test_iteration53_enterprise.TestCustomKPIs" name="test_custom_kpi_appears_in_get_kpis" time="0.239" /><testcase classname="backend.tests.test_iteration53_enterprise.TestSystemMode" name="test_get_system_mode_returns_default" time="0.149" /><testcase classname="backend.tests.test_iteration53_enterprise.TestSystemMode" name="test_toggle_to_execution_mode" time="0.118" /><testcase classname="backend.tests.test_iteration53_enterprise.TestSystemMode" name="test_toggle_back_to_simulation" time="0.112" /><testcase classname="backend.tests.test_iteration53_enterprise.TestSystemMode" name="test_invalid_mode_rejected" time="0.125" /><testcase classname="backend.tests.test_iteration53_enterprise.TestCollaborationEngine" name="test_get_collaborations_returns_list" time="0.125" /><testcase classname="backend.tests.test_iteration53_enterprise.TestCollaborationEngine" name="test_create_collaboration" time="0.116" /><testcase classname="backend.tests.test_iteration53_enterprise.TestCollaborationEngine" name="test_collaboration_with_filters" time="0.112" /><testcase classname="backend.tests.test_iteration53_enterprise.TestCostGovernance" name="test_get_cost_governance_returns_data" time="0.112" /><testcase classname="backend.tests.test_iteration53_enterprise.TestCostGovernance" name="test_set_budget_caps" time="0.106" /><testcase classname="backend.tests.test_iteration53_enterprise.TestCostGovernance" name="test_budget_persists" time="0.233" /><testcase classname="backend.tests.test_iteration53_enterprise.TestQualityControl" name="test_create_quality_review" time="0.116" /><testcase classname="backend.tests.test_iteration53_enterprise.TestQualityControl" name="test_list_quality_reviews" time="0.111" /><testcase classname="backend.tests.test_iteration53_enterprise.TestBrainProfiles41" name="test_brain_profiles_returns_41" time="0.143" /><testcase classname="backend.tests.test_iteration53_enterprise.TestBrainProfiles41" name="test_brain_profiles_include_new_agents" time="0.129" /><testcase classname="backend.tests.test_iteration53_enterprise.TestBrainProfiles41" name="test_brain_profiles_have_required_fields" time="0.108" /><testcase classname="backend.tests.test_iteration53_enterprise.TestCleanup" name="test_reset_system_mode_to_simulation" time="0.187" /></testsuite></testsuites>