<?xml version="1.0" encoding="utf-8"?><testsuites name="pytest tests"><testsuite name="pytest" errors="0" failures="0" skipped="0" tests="26" time="3.859" timestamp="2026-03-09T12:45:22.180837+00:00" hostname="agent-env-2ff9e9c7-acdd-4612-bad2-bc370df0c2af"><testcase classname="backend.tests.test_iteration66_pricing_update.TestHealthAndBasics" name="test_backend_health" time="0.191" /><testcase classname="backend.tests.test_iteration66_pricing_update.TestHealthAndBasics" name="test_plans_endpoint_accessible" time="0.111" /><testcase classname="backend.tests.test_iteration66_pricing_update.TestPlansAPIStructure" name="test_plans_returns_all_plan_tiers" time="0.156" /><testcase classname="backend.tests.test_iteration66_pricing_update.TestPlansAPIStructure" name="test_plans_have_required_fields" time="0.102" /><testcase classname="backend.tests.test_iteration66_pricing_update.TestPlansAPIStructure" name="test_custom_package_config_present" time="0.105" /><testcase classname="backend.tests.test_iteration66_pricing_update.TestPlansAPIStructure" name="test_credit_packages_present" time="0.140" /><testcase classname="backend.tests.test_iteration66_pricing_update.TestFreePlanFeatures" name="test_free_plan_max_agents_3" time="0.105" /><testcase classname="backend.tests.test_iteration66_pricing_update.TestFreePlanFeatures" name="test_free_plan_has_ai_agents_feature" time="0.133" /><testcase classname="backend.tests.test_iteration66_pricing_update.TestStarterPlanFeatures" name="test_starter_plan_max_agents_10" time="0.131" /><testcase classname="backend.tests.test_iteration66_pricing_update.TestStarterPlanFeatures" name="test_starter_plan_has_ai_agents_feature" time="0.119" /><testcase classname="backend.tests.test_iteration66_pricing_update.TestStarterPlanFeatures" name="test_starter_plan_has_llm_providers" time="0.104" /><testcase classname="backend.tests.test_iteration66_pricing_update.TestProPlanFeatures" name="test_pro_plan_max_agents_25" time="0.097" /><testcase classname="backend.tests.test_iteration66_pricing_update.TestProPlanFeatures" name="test_pro_plan_includes_commander" time="0.149" /><testcase classname="backend.tests.test_iteration66_pricing_update.TestProPlanFeatures" name="test_pro_plan_has_autonomous_orchestration" time="0.112" /><testcase classname="backend.tests.test_iteration66_pricing_update.TestProPlanFeatures" name="test_pro_plan_has_quality_control" time="0.116" /><testcase classname="backend.tests.test_iteration66_pricing_update.TestProPlanFeatures" name="test_pro_plan_has_memory_governance" time="0.107" /><testcase classname="backend.tests.test_iteration66_pricing_update.TestProPlanFeatures" name="test_pro_plan_has_activity_monitor" time="0.122" /><testcase classname="backend.tests.test_iteration66_pricing_update.TestProPlanFeatures" name="test_pro_plan_has_9_llm_providers" time="0.099" /><testcase classname="backend.tests.test_iteration66_pricing_update.TestBusinessPlanFeatures" name="test_business_plan_max_agents_41" time="0.106" /><testcase classname="backend.tests.test_iteration66_pricing_update.TestBusinessPlanFeatures" name="test_business_plan_features_41_ai_agents" time="0.106" /><testcase classname="backend.tests.test_iteration66_pricing_update.TestBusinessPlanFeatures" name="test_business_plan_includes_commander" time="0.104" /><testcase classname="backend.tests.test_iteration66_pricing_update.TestBusinessPlanFeatures" name="test_business_plan_has_17_core_systems" time="0.106" /><testcase classname="backend.tests.test_iteration66_pricing_update.TestBusinessPlanFeatures" name="test_business_plan_has_9_llm_providers" time="0.107" /><testcase classname="backend.tests.test_iteration66_pricing_update.TestSubscriptionEndpoint" name="test_subscription_requires_auth" time="0.099" /><testcase classname="backend.tests.test_iteration66_pricing_update.TestSubscriptionEndpoint" name="test_subscription_returns_plan_info" time="0.454" /><testcase classname="backend.tests.test_iteration66_pricing_update.TestSubscriptionEndpoint" name="test_admin_user_has_business_plan" time="0.455" /></testsuite></testsuites>