<?xml version="1.0" encoding="utf-8"?><testsuites name="pytest tests"><testsuite name="pytest" errors="0" failures="0" skipped="0" tests="26" time="4.295" timestamp="2026-03-10T03:25:39.762249+00:00" hostname="agent-env-49352a9a-d36e-48b7-a177-6b7edff257ee"><testcase classname="tests.test_iteration71_phase5_features.TestWorkflowExecution" name="test_create_workflow_for_execution" time="0.861" /><testcase classname="tests.test_iteration71_phase5_features.TestWorkflowExecution" name="test_run_workflow" time="0.170" /><testcase classname="tests.test_iteration71_phase5_features.TestWorkflowExecution" name="test_get_workflow_run_with_polling" time="0.407" /><testcase classname="tests.test_iteration71_phase5_features.TestWorkflowExecution" name="test_get_workflow_runs_history" time="0.113" /><testcase classname="tests.test_iteration71_phase5_features.TestWorkflowExecution" name="test_run_not_found" time="0.123" /><testcase classname="tests.test_iteration71_phase5_features.TestWorkflowExecution" name="test_cleanup_workflow" time="0.121" /><testcase classname="tests.test_iteration71_phase5_features.TestEnvironments" name="test_get_environments" time="0.108" /><testcase classname="tests.test_iteration71_phase5_features.TestEnvironments" name="test_switch_environment_to_staging" time="0.109" /><testcase classname="tests.test_iteration71_phase5_features.TestEnvironments" name="test_verify_environment_switched" time="0.115" /><testcase classname="tests.test_iteration71_phase5_features.TestEnvironments" name="test_switch_to_sandbox" time="0.136" /><testcase classname="tests.test_iteration71_phase5_features.TestEnvironments" name="test_switch_to_production" time="0.140" /><testcase classname="tests.test_iteration71_phase5_features.TestEnvironments" name="test_switch_invalid_environment" time="0.108" /><testcase classname="tests.test_iteration71_phase5_features.TestEnvironments" name="test_reset_to_sandbox" time="0.117" /><testcase classname="tests.test_iteration71_phase5_features.TestMemoryHierarchy" name="test_get_memory_layers" time="0.103" /><testcase classname="tests.test_iteration71_phase5_features.TestMemoryHierarchy" name="test_memory_layer_codes" time="0.108" /><testcase classname="tests.test_iteration71_phase5_features.TestMemoryHierarchy" name="test_memory_layer_names" time="0.101" /><testcase classname="tests.test_iteration71_phase5_features.TestMemoryHierarchy" name="test_get_memory_stats" time="0.149" /><testcase classname="tests.test_iteration71_phase5_features.TestAgentPersonalNames" name="test_agents_have_personal_names" time="0.150" /><testcase classname="tests.test_iteration71_phase5_features.TestAgentPersonalNames" name="test_agent_avatars" time="0.145" /><testcase classname="tests.test_iteration71_phase5_features.TestAuthRequired" name="test_workflow_run_requires_auth" time="0.101" /><testcase classname="tests.test_iteration71_phase5_features.TestAuthRequired" name="test_workflow_runs_requires_auth" time="0.111" /><testcase classname="tests.test_iteration71_phase5_features.TestAuthRequired" name="test_workflow_run_status_requires_auth" time="0.118" /><testcase classname="tests.test_iteration71_phase5_features.TestAuthRequired" name="test_environments_requires_auth" time="0.132" /><testcase classname="tests.test_iteration71_phase5_features.TestAuthRequired" name="test_switch_env_requires_auth" time="0.110" /><testcase classname="tests.test_iteration71_phase5_features.TestAuthRequired" name="test_memory_layers_requires_auth" time="0.131" /><testcase classname="tests.test_iteration71_phase5_features.TestAuthRequired" name="test_memory_stats_requires_auth" time="0.107" /></testsuite></testsuites>