<?xml version="1.0" encoding="utf-8"?><testsuites name="pytest tests"><testsuite name="pytest" errors="0" failures="0" skipped="0" tests="14" time="8.571" timestamp="2026-03-01T02:52:13.198203+00:00" hostname="agent-env-795d7a91-6ce5-450f-81f0-fb10b96850d3"><testcase classname="backend.tests.test_insights_iteration31.TestAdminLogin" name="test_admin_login_success" time="0.368" /><testcase classname="backend.tests.test_insights_iteration31.TestUserInsightsEndpoint" name="test_insights_endpoint_requires_auth" time="0.118" /><testcase classname="backend.tests.test_insights_iteration31.TestUserInsightsEndpoint" name="test_insights_endpoint_returns_stats" time="0.510" /><testcase classname="backend.tests.test_insights_iteration31.TestUserInsightsEndpoint" name="test_insights_stats_structure" time="0.456" /><testcase classname="backend.tests.test_insights_iteration31.TestUserInsightsEndpoint" name="test_insights_favorite_agents_structure" time="0.438" /><testcase classname="backend.tests.test_insights_iteration31.TestUserInsightsEndpoint" name="test_insights_recommendations_structure" time="0.468" /><testcase classname="backend.tests.test_insights_iteration31.TestUserInsightsEndpoint" name="test_insights_daily_activity_structure" time="0.457" /><testcase classname="backend.tests.test_insights_iteration31.TestRegressionAgents" name="test_agents_endpoint_returns_21_agents" time="0.468" /><testcase classname="backend.tests.test_insights_iteration31.TestRegressionAgents" name="test_agents_have_correct_structure" time="0.444" /><testcase classname="backend.tests.test_insights_iteration31.TestRegressionAdminAnalytics" name="test_admin_analytics_endpoint" time="0.456" /><testcase classname="backend.tests.test_insights_iteration31.TestRegressionPlans" name="test_plans_endpoint_returns_4_plans" time="0.115" /><testcase classname="backend.tests.test_insights_iteration31.TestRegressionAgentChat" name="test_create_chat_and_send_message" time="3.313" /><testcase classname="backend.tests.test_insights_iteration31.TestConfigImports" name="test_agent_tools_endpoint" time="0.430" /><testcase classname="backend.tests.test_insights_iteration31.TestConfigImports" name="test_agents_have_tools_from_config" time="0.449" /></testsuite></testsuites>