<?xml version="1.0" encoding="utf-8"?><testsuites name="pytest tests"><testsuite name="pytest" errors="0" failures="0" skipped="0" tests="23" time="5.290" timestamp="2026-03-10T02:54:24.156294+00:00" hostname="agent-env-49352a9a-d36e-48b7-a177-6b7edff257ee"><testcase classname="backend.tests.test_iteration69_p0_features.TestAuth" name="test_login_returns_token" time="0.499" /><testcase classname="backend.tests.test_iteration69_p0_features.TestKnowledgeGraph" name="test_knowledge_graph_returns_200" time="0.456" /><testcase classname="backend.tests.test_iteration69_p0_features.TestKnowledgeGraph" name="test_knowledge_graph_structure" time="0.139" /><testcase classname="backend.tests.test_iteration69_p0_features.TestKnowledgeGraph" name="test_knowledge_graph_node_count" time="0.137" /><testcase classname="backend.tests.test_iteration69_p0_features.TestKnowledgeGraph" name="test_knowledge_graph_node_types" time="0.119" /><testcase classname="backend.tests.test_iteration69_p0_features.TestKnowledgeGraph" name="test_knowledge_graph_node_structure" time="0.106" /><testcase classname="backend.tests.test_iteration69_p0_features.TestKnowledgeGraph" name="test_knowledge_graph_edges" time="0.122" /><testcase classname="backend.tests.test_iteration69_p0_features.TestTrustScores" name="test_trust_scores_returns_200" time="0.452" /><testcase classname="backend.tests.test_iteration69_p0_features.TestTrustScores" name="test_trust_scores_returns_array" time="0.103" /><testcase classname="backend.tests.test_iteration69_p0_features.TestTrustScores" name="test_trust_scores_empty_initially" time="0.152" /><testcase classname="backend.tests.test_iteration69_p0_features.TestExecutionLogs" name="test_execution_logs_returns_200" time="0.434" /><testcase classname="backend.tests.test_iteration69_p0_features.TestExecutionLogs" name="test_execution_logs_returns_array" time="0.122" /><testcase classname="backend.tests.test_iteration69_p0_features.TestExecutionLogs" name="test_execution_logs_empty_initially" time="0.129" /><testcase classname="backend.tests.test_iteration69_p0_features.TestAgentAvatars" name="test_agents_returns_458" time="0.506" /><testcase classname="backend.tests.test_iteration69_p0_features.TestAgentAvatars" name="test_infinity_agents_count" time="0.146" /><testcase classname="backend.tests.test_iteration69_p0_features.TestAgentAvatars" name="test_infinity_agents_have_svg_avatars" time="0.258" /><testcase classname="backend.tests.test_iteration69_p0_features.TestAgentAvatars" name="test_svg_avatar_format" time="0.175" /><testcase classname="backend.tests.test_iteration69_p0_features.TestAgentAvatars" name="test_original_agents_have_url_avatars" time="0.172" /><testcase classname="backend.tests.test_iteration69_p0_features.TestKernelNetworks" name="test_networks_returns_27" time="0.465" /><testcase classname="backend.tests.test_iteration69_p0_features.TestEndpointsRequireAuth" name="test_knowledge_graph_requires_auth" time="0.141" /><testcase classname="backend.tests.test_iteration69_p0_features.TestEndpointsRequireAuth" name="test_trust_scores_requires_auth" time="0.098" /><testcase classname="backend.tests.test_iteration69_p0_features.TestEndpointsRequireAuth" name="test_execution_logs_requires_auth" time="0.105" /><testcase classname="backend.tests.test_iteration69_p0_features.TestEndpointsRequireAuth" name="test_agents_requires_auth" time="0.142" /></testsuite></testsuites>