<?xml version="1.0" encoding="utf-8"?><testsuites name="pytest tests"><testsuite name="pytest" errors="0" failures="0" skipped="0" tests="13" time="3.158" timestamp="2026-03-04T21:37:17.486886+00:00" hostname="agent-env-a7a90cbc-4b68-4b99-b8ea-82b47bcbd512"><testcase classname="backend.tests.test_iteration62_about_ai_providers_costs.TestHealthCheck" name="test_api_health" time="0.256" /><testcase classname="backend.tests.test_iteration62_about_ai_providers_costs.TestPDFEndpoint" name="test_pdf_requires_authentication" time="0.109" /><testcase classname="backend.tests.test_iteration62_about_ai_providers_costs.TestPDFEndpoint" name="test_pdf_rejects_invalid_token" time="0.136" /><testcase classname="backend.tests.test_iteration62_about_ai_providers_costs.TestPDFEndpoint" name="test_pdf_returns_200" time="0.652" /><testcase classname="backend.tests.test_iteration62_about_ai_providers_costs.TestPDFEndpoint" name="test_pdf_content_type" time="0.252" /><testcase classname="backend.tests.test_iteration62_about_ai_providers_costs.TestPDFEndpoint" name="test_pdf_content_disposition" time="0.201" /><testcase classname="backend.tests.test_iteration62_about_ai_providers_costs.TestPDFEndpoint" name="test_pdf_valid_magic_bytes" time="0.247" /><testcase classname="backend.tests.test_iteration62_about_ai_providers_costs.TestPDFEndpoint" name="test_pdf_minimum_size_10kb" time="0.376" /><testcase classname="backend.tests.test_iteration62_about_ai_providers_costs.TestPDFEndpoint" name="test_pdf_has_multiple_pages" time="0.199" /><testcase classname="backend.tests.test_iteration62_about_ai_providers_costs.TestAgentsEndpoint" name="test_agents_public_returns_list" time="0.122" /><testcase classname="backend.tests.test_iteration62_about_ai_providers_costs.TestAgentsEndpoint" name="test_agents_have_required_fields" time="0.114" /><testcase classname="backend.tests.test_iteration62_about_ai_providers_costs.TestPDFContentValidation" name="test_pdf_contains_maars_command" time="0.220" /><testcase classname="backend.tests.test_iteration62_about_ai_providers_costs.TestPDFContentValidation" name="test_pdf_size_indicates_comprehensive_content" time="0.201" /></testsuite></testsuites>