<?xml version="1.0" encoding="utf-8"?><testsuites name="pytest tests"><testsuite name="pytest" errors="0" failures="0" skipped="0" tests="24" time="3.169" timestamp="2026-03-11T03:35:59.411368+00:00" hostname="agent-env-cb7837dc-e276-4c4c-88b1-b9920857bfdf"><testcase classname="backend.tests.test_iteration88_infinity_phase5.TestHarnessScenariosAPI" name="test_get_scenarios_returns_5_scenarios" time="0.228" /><testcase classname="backend.tests.test_iteration88_infinity_phase5.TestHarnessScenariosAPI" name="test_scenario_a_has_correct_metadata" time="0.115" /><testcase classname="backend.tests.test_iteration88_infinity_phase5.TestHarnessScenariosAPI" name="test_scenario_b_has_correct_metadata" time="0.106" /><testcase classname="backend.tests.test_iteration88_infinity_phase5.TestHarnessScenariosAPI" name="test_scenario_c_has_correct_metadata" time="0.119" /><testcase classname="backend.tests.test_iteration88_infinity_phase5.TestHarnessScenariosAPI" name="test_scenario_d_has_correct_metadata" time="0.103" /><testcase classname="backend.tests.test_iteration88_infinity_phase5.TestHarnessScenariosAPI" name="test_scenario_e_has_correct_metadata" time="0.139" /><testcase classname="backend.tests.test_iteration88_infinity_phase5.TestHarnessRunSingleScenario" name="test_run_scenario_a_research_goal_pipeline" time="0.117" /><testcase classname="backend.tests.test_iteration88_infinity_phase5.TestHarnessRunSingleScenario" name="test_run_scenario_b_verification_pipeline" time="0.132" /><testcase classname="backend.tests.test_iteration88_infinity_phase5.TestHarnessRunSingleScenario" name="test_run_scenario_c_memory_learning_loop" time="0.106" /><testcase classname="backend.tests.test_iteration88_infinity_phase5.TestHarnessRunSingleScenario" name="test_run_scenario_d_intelligence_search" time="0.117" /><testcase classname="backend.tests.test_iteration88_infinity_phase5.TestHarnessRunSingleScenario" name="test_run_scenario_e_budget_governance" time="0.110" /><testcase classname="backend.tests.test_iteration88_infinity_phase5.TestHarnessRunSingleScenario" name="test_run_invalid_scenario_returns_400" time="0.106" /><testcase classname="backend.tests.test_iteration88_infinity_phase5.TestHarnessRunAllScenarios" name="test_run_all_scenarios_returns_combined_results" time="0.137" /><testcase classname="backend.tests.test_iteration88_infinity_phase5.TestHarnessHistory" name="test_get_test_history" time="0.106" /><testcase classname="backend.tests.test_iteration88_infinity_phase5.TestHarnessHistory" name="test_get_history_with_limit" time="0.126" /><testcase classname="backend.tests.test_iteration88_infinity_phase5.TestHarnessHistory" name="test_get_history_filtered_by_scenario" time="0.109" /><testcase classname="backend.tests.test_iteration88_infinity_phase5.TestOperatorDashboard" name="test_operator_dashboard_returns_unified_data" time="0.113" /><testcase classname="backend.tests.test_iteration88_infinity_phase5.TestOperatorDashboard" name="test_operator_dashboard_circuit_breakers" time="0.150" /><testcase classname="backend.tests.test_iteration88_infinity_phase5.TestOperatorDashboard" name="test_operator_dashboard_budget_summary" time="0.110" /><testcase classname="backend.tests.test_iteration88_infinity_phase5.TestOperatorDashboard" name="test_operator_dashboard_agent_workload" time="0.113" /><testcase classname="backend.tests.test_iteration88_infinity_phase5.TestOperatorDashboard" name="test_operator_dashboard_autonomy_tiers" time="0.126" /><testcase classname="backend.tests.test_iteration88_infinity_phase5.TestOperatorDashboard" name="test_operator_dashboard_approvals_list" time="0.133" /><testcase classname="backend.tests.test_iteration88_infinity_phase5.TestOperatorDashboard" name="test_operator_dashboard_incidents_list" time="0.128" /><testcase classname="backend.tests.test_iteration88_infinity_phase5.TestScenarioResultsPersistence" name="test_scenario_run_appears_in_history" time="0.214" /></testsuite></testsuites>