<?xml version="1.0" encoding="utf-8"?><testsuites name="pytest tests"><testsuite name="pytest" errors="0" failures="0" skipped="0" tests="21" time="4.374" timestamp="2026-03-02T23:17:58.827361+00:00" hostname="agent-env-638d0cb2-7c90-4643-a6e3-bddb0906af31"><testcase classname="backend.tests.test_iteration51_workspace_approvals.TestWorkspaceProfile" name="test_get_workspace_profile_requires_auth" time="0.134" /><testcase classname="backend.tests.test_iteration51_workspace_approvals.TestWorkspaceProfile" name="test_get_workspace_profile_returns_default_or_existing" time="0.438" /><testcase classname="backend.tests.test_iteration51_workspace_approvals.TestWorkspaceProfile" name="test_put_workspace_profile_updates_data" time="0.227" /><testcase classname="backend.tests.test_iteration51_workspace_approvals.TestWorkspaceProfile" name="test_delete_workspace_profile_clears_data" time="0.264" /><testcase classname="backend.tests.test_iteration51_workspace_approvals.TestToolLogs" name="test_get_tool_logs_requires_auth" time="0.104" /><testcase classname="backend.tests.test_iteration51_workspace_approvals.TestToolLogs" name="test_get_tool_logs_returns_list" time="0.126" /><testcase classname="backend.tests.test_iteration51_workspace_approvals.TestToolLogs" name="test_get_tool_logs_limit_parameter" time="0.134" /><testcase classname="backend.tests.test_iteration51_workspace_approvals.TestApprovalsCRUD" name="test_create_approval_requires_auth" time="0.113" /><testcase classname="backend.tests.test_iteration51_workspace_approvals.TestApprovalsCRUD" name="test_list_approvals_requires_auth" time="0.115" /><testcase classname="backend.tests.test_iteration51_workspace_approvals.TestApprovalsCRUD" name="test_create_approval_creates_draft" time="0.107" /><testcase classname="backend.tests.test_iteration51_workspace_approvals.TestApprovalsCRUD" name="test_list_approvals_returns_items" time="0.111" /><testcase classname="backend.tests.test_iteration51_workspace_approvals.TestApprovalsCRUD" name="test_list_approvals_filter_by_status" time="0.114" /><testcase classname="backend.tests.test_iteration51_workspace_approvals.TestApprovalsCRUD" name="test_get_single_approval" time="0.113" /><testcase classname="backend.tests.test_iteration51_workspace_approvals.TestApprovalsCRUD" name="test_get_nonexistent_approval_returns_404" time="0.124" /><testcase classname="backend.tests.test_iteration51_workspace_approvals.TestApprovalWorkflow" name="test_approve_changes_status_to_approved" time="0.370" /><testcase classname="backend.tests.test_iteration51_workspace_approvals.TestApprovalWorkflow" name="test_publish_approved_content" time="0.504" /><testcase classname="backend.tests.test_iteration51_workspace_approvals.TestApprovalWorkflow" name="test_cannot_publish_draft_directly" time="0.224" /><testcase classname="backend.tests.test_iteration51_workspace_approvals.TestApprovalReject" name="test_reject_changes_status_to_revision_requested" time="0.385" /><testcase classname="backend.tests.test_iteration51_workspace_approvals.TestApprovalDelete" name="test_delete_approval" time="0.352" /><testcase classname="backend.tests.test_iteration51_workspace_approvals.TestApprovalDelete" name="test_delete_nonexistent_returns_404" time="0.099" /><testcase classname="backend.tests.test_iteration51_workspace_approvals.TestCleanupAndRestore" name="test_restore_workspace_profile" time="0.120" /></testsuite></testsuites>