<?xml version="1.0" encoding="utf-8"?><testsuites name="pytest tests"><testsuite name="pytest" errors="0" failures="0" skipped="0" tests="20" time="4.118" timestamp="2026-03-02T23:51:20.989950+00:00" hostname="agent-env-dd219479-c32d-4b5f-9ef8-c1edbfd0996a"><testcase classname="backend.tests.test_iteration52_brain_profiles.TestPublicAgents" name="test_public_agents_returns_28_agents" time="0.233" /><testcase classname="backend.tests.test_iteration52_brain_profiles.TestPublicAgents" name="test_new_agents_exist_in_public_list" time="0.148" /><testcase classname="backend.tests.test_iteration52_brain_profiles.TestPublicAgents" name="test_new_agents_have_required_fields" time="0.154" /><testcase classname="backend.tests.test_iteration52_brain_profiles.TestBrainProfileGet" name="test_get_brain_requires_auth" time="0.105" /><testcase classname="backend.tests.test_iteration52_brain_profiles.TestBrainProfileGet" name="test_get_commander_brain_profile" time="0.558" /><testcase classname="backend.tests.test_iteration52_brain_profiles.TestBrainProfileGet" name="test_get_new_agent_brain_profile_returns_default" time="0.154" /><testcase classname="backend.tests.test_iteration52_brain_profiles.TestBrainProfileGet" name="test_get_growthhacker_brain_has_predefined_values" time="0.105" /><testcase classname="backend.tests.test_iteration52_brain_profiles.TestBrainProfileUpdate" name="test_update_brain_requires_auth" time="0.107" /><testcase classname="backend.tests.test_iteration52_brain_profiles.TestBrainProfileUpdate" name="test_update_brain_autonomy_level" time="0.318" /><testcase classname="backend.tests.test_iteration52_brain_profiles.TestBrainProfileUpdate" name="test_update_brain_kpis_and_escalation_rules" time="0.120" /><testcase classname="backend.tests.test_iteration52_brain_profiles.TestBrainProfileUpdate" name="test_update_brain_memory_scopes" time="0.110" /><testcase classname="backend.tests.test_iteration52_brain_profiles.TestBrainProfileUpdate" name="test_update_brain_risk_boundaries" time="0.122" /><testcase classname="backend.tests.test_iteration52_brain_profiles.TestBrainProfileUpdate" name="test_update_brain_approval_required_toggle" time="0.232" /><testcase classname="backend.tests.test_iteration52_brain_profiles.TestBrainProfileDelete" name="test_delete_brain_requires_auth" time="0.106" /><testcase classname="backend.tests.test_iteration52_brain_profiles.TestBrainProfileDelete" name="test_delete_brain_resets_to_defaults" time="0.336" /><testcase classname="backend.tests.test_iteration52_brain_profiles.TestBrainProfilesList" name="test_brain_profiles_requires_auth" time="0.125" /><testcase classname="backend.tests.test_iteration52_brain_profiles.TestBrainProfilesList" name="test_brain_profiles_returns_all_agents" time="0.110" /><testcase classname="backend.tests.test_iteration52_brain_profiles.TestBrainProfilesList" name="test_brain_profiles_include_new_agents" time="0.115" /><testcase classname="backend.tests.test_iteration52_brain_profiles.TestBrainProfilesList" name="test_brain_profiles_have_correct_metadata" time="0.119" /><testcase classname="backend.tests.test_iteration52_brain_profiles.TestCleanup" name="test_cleanup_test_brain_profiles" time="0.597" /></testsuite></testsuites>