<?xml version="1.0" encoding="utf-8"?><testsuites name="pytest tests"><testsuite name="pytest" errors="0" failures="0" skipped="0" tests="20" time="57.440" timestamp="2026-03-04T17:48:01.331524+00:00" hostname="agent-env-6c1f1348-bd99-4316-ae26-f9a07b923eed"><testcase classname="backend.tests.test_iteration54_new_features.TestAuth" name="test_login_success" time="0.466" /><testcase classname="backend.tests.test_iteration54_new_features.TestActivityMonitor" name="test_get_activity_live_returns_required_fields" time="0.477" /><testcase classname="backend.tests.test_iteration54_new_features.TestActivityMonitor" name="test_activity_live_agent_activity_structure" time="0.144" /><testcase classname="backend.tests.test_iteration54_new_features.TestActivityMonitor" name="test_activity_live_has_active_projects" time="0.124" /><testcase classname="backend.tests.test_iteration54_new_features.TestVibeCoding" name="test_list_vibe_projects" time="0.223" /><testcase classname="backend.tests.test_iteration54_new_features.TestVibeCoding" name="test_create_vibe_project_requires_description" time="0.108" /><testcase classname="backend.tests.test_iteration54_new_features.TestVibeCoding" name="test_create_vibe_project_with_simple_description" time="38.803" /><testcase classname="backend.tests.test_iteration54_new_features.TestReferenceIntelligence" name="test_get_reference_history" time="0.156" /><testcase classname="backend.tests.test_iteration54_new_features.TestReferenceIntelligence" name="test_analyze_text_reference" time="15.058" /><testcase classname="backend.tests.test_iteration54_new_features.TestReferenceIntelligence" name="test_analyze_reference_requires_content" time="0.141" /><testcase classname="backend.tests.test_iteration54_new_features.TestLLMConfig" name="test_get_llm_config" time="0.116" /><testcase classname="backend.tests.test_iteration54_new_features.TestLLMConfig" name="test_set_llm_config" time="0.120" /><testcase classname="backend.tests.test_iteration54_new_features.TestLLMConfig" name="test_llm_config_available_providers_include_all" time="0.113" /><testcase classname="backend.tests.test_iteration54_new_features.TestActionsIntegrations" name="test_get_integrations_list" time="0.122" /><testcase classname="backend.tests.test_iteration54_new_features.TestGoogleOAuth" name="test_gmail_status" time="0.162" /><testcase classname="backend.tests.test_iteration54_new_features.TestActionsSimulation" name="test_send_email_in_simulation_mode" time="0.281" /><testcase classname="backend.tests.test_iteration54_new_features.TestActionsSimulation" name="test_create_event_in_simulation_mode" time="0.254" /><testcase classname="backend.tests.test_iteration54_new_features.TestNavigationRoutes" name="test_activity_monitor_route" time="0.120" /><testcase classname="backend.tests.test_iteration54_new_features.TestNavigationRoutes" name="test_vibe_coding_route" time="0.186" /><testcase classname="backend.tests.test_iteration54_new_features.TestNavigationRoutes" name="test_reference_intelligence_route" time="0.124" /></testsuite></testsuites>