<?xml version="1.0" encoding="utf-8"?><testsuites name="pytest tests"><testsuite name="pytest" errors="0" failures="3" skipped="0" tests="14" time="6.259" timestamp="2026-03-10T05:53:27.878635+00:00" hostname="agent-env-bc0160f4-2d36-4981-871e-4384519284d1"><testcase classname="backend.tests.test_iteration77_features.TestBackendAuthentication" name="test_admin_login" time="0.438" /><testcase classname="backend.tests.test_iteration77_features.TestKernelStatus" name="test_kernel_status_agents_count" time="0.444" /><testcase classname="backend.tests.test_iteration77_features.TestCostGovernanceEndpoints" name="test_cost_overview" time="0.439" /><testcase classname="backend.tests.test_iteration77_features.TestCostGovernanceEndpoints" name="test_cost_by_model" time="0.435" /><testcase classname="backend.tests.test_iteration77_features.TestCostGovernanceEndpoints" name="test_cost_by_agent" time="0.432" /><testcase classname="backend.tests.test_iteration77_features.TestCostGovernanceEndpoints" name="test_cost_by_provider_new_endpoint" time="0.478" /><testcase classname="backend.tests.test_iteration77_features.TestCostGovernanceEndpoints" name="test_cost_budget" time="0.429" /><testcase classname="backend.tests.test_iteration77_features.TestPDFDownload" name="test_pdf_download_returns_pdf" time="0.693" /><testcase classname="backend.tests.test_iteration77_features.TestPricingAdmin" name="test_get_pricing_admin" time="0.455" /><testcase classname="backend.tests.test_iteration77_features.TestPricingAdmin" name="test_public_plans_endpoint" time="0.425" /><testcase classname="backend.tests.test_iteration77_features.TestRefactoredServices" name="test_campaigns_endpoint" time="0.461" /><testcase classname="backend.tests.test_iteration77_features.TestRefactoredServices" name="test_integrations_endpoint" time="0.450"><failure message="AssertionError: Integrations endpoint failed: {&quot;detail&quot;:&quot;Not Found&quot;}&#10;assert 404 == 200&#10; +  where 404 = &lt;Response [404]&gt;.status_code">backend/tests/test_iteration77_features.py:217: in test_integrations_endpoint
    assert response.status_code == 200, f"Integrations endpoint failed: {response.text}"
E   AssertionError: Integrations endpoint failed: {"detail":"Not Found"}
E   assert 404 == 200
E    +  where 404 = &lt;Response [404]&gt;.status_code</failure></testcase><testcase classname="backend.tests.test_iteration77_features.TestRefactoredServices" name="test_trust_analytics_endpoint" time="0.429"><failure message="AssertionError: Trust analytics endpoint failed: {&quot;detail&quot;:&quot;Not Found&quot;}&#10;assert 404 == 200&#10; +  where 404 = &lt;Response [404]&gt;.status_code">backend/tests/test_iteration77_features.py:226: in test_trust_analytics_endpoint
    assert response.status_code == 200, f"Trust analytics endpoint failed: {response.text}"
E   AssertionError: Trust analytics endpoint failed: {"detail":"Not Found"}
E   assert 404 == 200
E    +  where 404 = &lt;Response [404]&gt;.status_code</failure></testcase><testcase classname="backend.tests.test_iteration77_features.TestAgentsPublic" name="test_agents_public_returns_458_plus" time="0.103"><failure message="AssertionError: Expected 450+ agents, got 50&#10;assert 50 &gt;= 450">backend/tests/test_iteration77_features.py:243: in test_agents_public_returns_458_plus
    assert agents_count &gt;= 450, f"Expected 450+ agents, got {agents_count}"
E   AssertionError: Expected 450+ agents, got 50
E   assert 50 &gt;= 450</failure></testcase></testsuite></testsuites>