<?xml version="1.0" encoding="utf-8"?><testsuites name="pytest tests"><testsuite name="pytest" errors="0" failures="1" skipped="0" tests="17" time="16.770" timestamp="2026-03-25T13:10:30.985865+00:00" hostname="agent-env-cb7837dc-e276-4c4c-88b1-b9920857bfdf"><testcase classname="backend.tests.test_iteration91_runtime_catalog_recovery.TestAgentCatalog" name="test_catalog_stats" time="0.254" /><testcase classname="backend.tests.test_iteration91_runtime_catalog_recovery.TestAgentCatalog" name="test_catalog_agents_list" time="0.160" /><testcase classname="backend.tests.test_iteration91_runtime_catalog_recovery.TestAgentCatalog" name="test_catalog_search_kernel" time="0.154" /><testcase classname="backend.tests.test_iteration91_runtime_catalog_recovery.TestAgentCatalog" name="test_catalog_filter_by_network" time="0.114" /><testcase classname="backend.tests.test_iteration91_runtime_catalog_recovery.TestAgentCatalog" name="test_catalog_agent_detail" time="0.225" /><testcase classname="backend.tests.test_iteration91_runtime_catalog_recovery.TestAgentCatalog" name="test_catalog_networks" time="0.107" /><testcase classname="backend.tests.test_iteration91_runtime_catalog_recovery.TestAgentCatalog" name="test_catalog_update_maturity" time="0.249" /><testcase classname="backend.tests.test_iteration91_runtime_catalog_recovery.TestAgentRuntime" name="test_runtime_execute_simple_task" time="7.906" /><testcase classname="backend.tests.test_iteration91_runtime_catalog_recovery.TestAgentRuntime" name="test_runtime_history" time="0.186" /><testcase classname="backend.tests.test_iteration91_runtime_catalog_recovery.TestAgentRuntime" name="test_runtime_history_filter_by_agent" time="0.115" /><testcase classname="backend.tests.test_iteration91_runtime_catalog_recovery.TestRecoverySystem" name="test_quarantine_agent" time="0.135" /><testcase classname="backend.tests.test_iteration91_runtime_catalog_recovery.TestRecoverySystem" name="test_get_quarantined_agents" time="0.118" /><testcase classname="backend.tests.test_iteration91_runtime_catalog_recovery.TestRecoverySystem" name="test_release_from_quarantine" time="0.112" /><testcase classname="backend.tests.test_iteration91_runtime_catalog_recovery.TestRecoverySystem" name="test_recovery_log" time="0.164" /><testcase classname="backend.tests.test_iteration91_runtime_catalog_recovery.TestExistingAPIs" name="test_system_status" time="0.131" /><testcase classname="backend.tests.test_iteration91_runtime_catalog_recovery.TestExistingAPIs" name="test_metrics_live" time="0.127" /><testcase classname="backend.tests.test_iteration91_runtime_catalog_recovery.TestExistingAPIs" name="test_orchestrator_execute" time="6.353"><failure message="AssertionError: Missing goal_id&#10;assert 'goal_id' in {'assignments': [], 'classification': {'ai_powered': True, 'complexity': 'low', 'freshness': 'standard', 'goal_type': 'general', ...}, 'decomposition_meta': {'ai_powered': True, 'latency_ms': 4582, 'model': 'gpt-5.2', 'provider': 'openai'}, 'environment': 'simulation', ...}">backend/tests/test_iteration91_runtime_catalog_recovery.py:294: in test_orchestrator_execute
    assert "goal_id" in data, "Missing goal_id"
E   AssertionError: Missing goal_id
E   assert 'goal_id' in {'assignments': [], 'classification': {'ai_powered': True, 'complexity': 'low', 'freshness': 'standard', 'goal_type': 'general', ...}, 'decomposition_meta': {'ai_powered': True, 'latency_ms': 4582, 'model': 'gpt-5.2', 'provider': 'openai'}, 'environment': 'simulation', ...}</failure></testcase></testsuite></testsuites>