<?xml version="1.0" encoding="utf-8"?><testsuites name="pytest tests"><testsuite name="pytest" errors="0" failures="0" skipped="0" tests="26" time="3.621" timestamp="2026-03-10T01:30:36.738065+00:00" hostname="agent-env-e1a3d71b-613c-489b-98bb-481a9ef0daf7"><testcase classname="backend.tests.test_iteration67_kernel_infinity.TestHealthAndBasics" name="test_health_check" time="0.173" /><testcase classname="backend.tests.test_iteration67_kernel_infinity.TestKernelStatus" name="test_kernel_status_returns_200" time="0.445" /><testcase classname="backend.tests.test_iteration67_kernel_infinity.TestKernelStatus" name="test_kernel_status_has_subsystems" time="0.114" /><testcase classname="backend.tests.test_iteration67_kernel_infinity.TestKernelStatus" name="test_kernel_status_has_metrics" time="0.118" /><testcase classname="backend.tests.test_iteration67_kernel_infinity.TestNetworks" name="test_networks_returns_200" time="0.145" /><testcase classname="backend.tests.test_iteration67_kernel_infinity.TestNetworks" name="test_networks_returns_27_networks" time="0.122" /><testcase classname="backend.tests.test_iteration67_kernel_infinity.TestNetworks" name="test_networks_have_required_fields" time="0.097" /><testcase classname="backend.tests.test_iteration67_kernel_infinity.TestNetworks" name="test_networks_have_agents" time="0.109" /><testcase classname="backend.tests.test_iteration67_kernel_infinity.TestNetworks" name="test_engineering_network_agents" time="0.126" /><testcase classname="backend.tests.test_iteration67_kernel_infinity.TestNetworks" name="test_core_platform_network_agents" time="0.124" /><testcase classname="backend.tests.test_iteration67_kernel_infinity.TestNetworks" name="test_invalid_network_returns_404" time="0.116" /><testcase classname="backend.tests.test_iteration67_kernel_infinity.TestArchitecture" name="test_architecture_returns_200" time="0.159" /><testcase classname="backend.tests.test_iteration67_kernel_infinity.TestArchitecture" name="test_architecture_has_layers" time="0.120" /><testcase classname="backend.tests.test_iteration67_kernel_infinity.TestArchitecture" name="test_architecture_has_autonomy_tiers" time="0.122" /><testcase classname="backend.tests.test_iteration67_kernel_infinity.TestArchitecture" name="test_architecture_has_totals" time="0.137" /><testcase classname="backend.tests.test_iteration67_kernel_infinity.TestTaskGraphsCRUD" name="test_create_task_graph" time="0.134" /><testcase classname="backend.tests.test_iteration67_kernel_infinity.TestTaskGraphsCRUD" name="test_list_task_graphs" time="0.132" /><testcase classname="backend.tests.test_iteration67_kernel_infinity.TestTaskGraphsCRUD" name="test_task_graph_has_structure" time="0.109" /><testcase classname="backend.tests.test_iteration67_kernel_infinity.TestToolRegistry" name="test_tools_returns_200" time="0.111" /><testcase classname="backend.tests.test_iteration67_kernel_infinity.TestToolRegistry" name="test_tools_is_list" time="0.129" /><testcase classname="backend.tests.test_iteration67_kernel_infinity.TestExecutionLogs" name="test_execution_logs_returns_200" time="0.107" /><testcase classname="backend.tests.test_iteration67_kernel_infinity.TestExecutionLogs" name="test_trust_scores_returns_200" time="0.102" /><testcase classname="backend.tests.test_iteration67_kernel_infinity.TestCircuitBreakers" name="test_circuit_breakers_returns_200" time="0.115" /><testcase classname="backend.tests.test_iteration67_kernel_infinity.TestRequiresAuth" name="test_kernel_status_requires_auth" time="0.121" /><testcase classname="backend.tests.test_iteration67_kernel_infinity.TestRequiresAuth" name="test_networks_requires_auth" time="0.146" /><testcase classname="backend.tests.test_iteration67_kernel_infinity.TestRequiresAuth" name="test_task_graphs_requires_auth" time="0.120" /></testsuite></testsuites>