<?xml version="1.0" encoding="utf-8"?><testsuites name="pytest tests"><testsuite name="pytest" errors="0" failures="0" skipped="0" tests="9" time="33.724" timestamp="2026-03-01T07:48:35.735901+00:00" hostname="agent-env-655ae9aa-7a7e-40f6-86a9-65a7c0792273"><testcase classname="backend.tests.test_credit_system.TestAdminAuth" name="test_admin_login_success" time="0.433" /><testcase classname="backend.tests.test_credit_system.TestModelsEndpoint" name="test_models_endpoint_returns_models" time="0.525" /><testcase classname="backend.tests.test_credit_system.TestModelsEndpoint" name="test_models_have_credits_field" time="0.105" /><testcase classname="backend.tests.test_credit_system.TestModelsEndpoint" name="test_credit_tiers_structure" time="0.099" /><testcase classname="backend.tests.test_credit_system.TestModelsEndpoint" name="test_specific_model_credits" time="0.108" /><testcase classname="backend.tests.test_credit_system.TestCreditDeductionEconomy" name="test_economy_model_deduction" time="6.347" /><testcase classname="backend.tests.test_credit_system.TestCreditDeductionFlagship" name="test_flagship_model_deduction" time="3.621" /><testcase classname="backend.tests.test_credit_system.TestImageGenerationCredits" name="test_image_generation_credits" time="22.259" /><testcase classname="backend.tests.test_credit_system.TestNanoBanana2LandingPage" name="test_nano_banana_2_in_models_list" time="0.120" /></testsuite></testsuites>