<?xml version="1.0" encoding="utf-8"?><testsuites name="pytest tests"><testsuite name="pytest" errors="0" failures="1" skipped="0" tests="40" time="8.495" timestamp="2026-03-02T19:19:59.140634+00:00" hostname="agent-env-091a9a78-a31e-45b3-8538-3cbaf07762b8"><testcase classname="backend.tests.test_iteration46_refactoring.TestHealthAndPublicEndpoints" name="test_health_check" time="0.223" /><testcase classname="backend.tests.test_iteration46_refactoring.TestHealthAndPublicEndpoints" name="test_public_agents" time="0.180" /><testcase classname="backend.tests.test_iteration46_refactoring.TestHealthAndPublicEndpoints" name="test_plans_endpoint" time="0.126" /><testcase classname="backend.tests.test_iteration46_refactoring.TestHealthAndPublicEndpoints" name="test_exchange_rate" time="0.341" /><testcase classname="backend.tests.test_iteration46_refactoring.TestAuthRoutes" name="test_register_existing_user" time="0.179" /><testcase classname="backend.tests.test_iteration46_refactoring.TestAuthRoutes" name="test_login_admin" time="0.387" /><testcase classname="backend.tests.test_iteration46_refactoring.TestAuthRoutes" name="test_login_invalid_credentials" time="0.156" /><testcase classname="backend.tests.test_iteration46_refactoring.TestAuthRoutes" name="test_auth_me_without_token" time="0.159"><failure message="AssertionError: Should require authentication&#10;assert 401 == 403&#10; +  where 401 = &lt;Response [401]&gt;.status_code">backend/tests/test_iteration46_refactoring.py:102: in test_auth_me_without_token
    assert response.status_code == 403, "Should require authentication"
E   AssertionError: Should require authentication
E   assert 401 == 403
E    +  where 401 = &lt;Response [401]&gt;.status_code</failure></testcase><testcase classname="backend.tests.test_iteration46_refactoring.TestAuthenticatedEndpoints" name="test_auth_me" time="0.490" /><testcase classname="backend.tests.test_iteration46_refactoring.TestAuthenticatedEndpoints" name="test_get_chats" time="0.204" /><testcase classname="backend.tests.test_iteration46_refactoring.TestAuthenticatedEndpoints" name="test_get_tasks" time="0.153" /><testcase classname="backend.tests.test_iteration46_refactoring.TestAuthenticatedEndpoints" name="test_get_notifications" time="0.161" /><testcase classname="backend.tests.test_iteration46_refactoring.TestAuthenticatedEndpoints" name="test_get_subscription" time="0.153" /><testcase classname="backend.tests.test_iteration46_refactoring.TestAuthenticatedEndpoints" name="test_get_agents" time="0.119" /><testcase classname="backend.tests.test_iteration46_refactoring.TestAuthenticatedEndpoints" name="test_get_products" time="0.110" /><testcase classname="backend.tests.test_iteration46_refactoring.TestAuthenticatedEndpoints" name="test_get_teams" time="0.161" /><testcase classname="backend.tests.test_iteration46_refactoring.TestAdminEndpoints" name="test_admin_stats" time="0.518" /><testcase classname="backend.tests.test_iteration46_refactoring.TestAdminEndpoints" name="test_admin_pricing" time="0.118" /><testcase classname="backend.tests.test_iteration46_refactoring.TestAdminEndpoints" name="test_admin_users" time="0.119" /><testcase classname="backend.tests.test_iteration46_refactoring.TestAdminEndpoints" name="test_admin_agents" time="0.138" /><testcase classname="backend.tests.test_iteration46_refactoring.TestAdminEndpoints" name="test_admin_transactions" time="0.112" /><testcase classname="backend.tests.test_iteration46_refactoring.TestAdminEndpoints" name="test_admin_integrations" time="0.108" /><testcase classname="backend.tests.test_iteration46_refactoring.TestAdminEndpoints" name="test_admin_api_keys" time="0.116" /><testcase classname="backend.tests.test_iteration46_refactoring.TestAdminEndpoints" name="test_admin_profit" time="0.143" /><testcase classname="backend.tests.test_iteration46_refactoring.TestAdminEndpoints" name="test_admin_analytics" time="0.151" /><testcase classname="backend.tests.test_iteration46_refactoring.TestAdminEndpoints" name="test_admin_products" time="0.119" /><testcase classname="backend.tests.test_iteration46_refactoring.TestChatAndMessageRoutes" name="test_create_chat" time="0.597" /><testcase classname="backend.tests.test_iteration46_refactoring.TestChatAndMessageRoutes" name="test_get_chat" time="0.364" /><testcase classname="backend.tests.test_iteration46_refactoring.TestAgentTools" name="test_get_available_tools" time="0.111" /><testcase classname="backend.tests.test_iteration46_refactoring.TestCustomPackageEndpoints" name="test_get_custom_package_config" time="0.114" /><testcase classname="backend.tests.test_iteration46_refactoring.TestCustomPackageEndpoints" name="test_admin_custom_package" time="0.474" /><testcase classname="backend.tests.test_iteration46_refactoring.TestRouteModularity" name="test_auth_routes_connected" time="0.330" /><testcase classname="backend.tests.test_iteration46_refactoring.TestRouteModularity" name="test_agents_routes_connected" time="0.142" /><testcase classname="backend.tests.test_iteration46_refactoring.TestRouteModularity" name="test_subscriptions_routes_connected" time="0.109" /><testcase classname="backend.tests.test_iteration46_refactoring.TestRouteModularity" name="test_admin_routes_connected" time="0.437" /><testcase classname="backend.tests.test_iteration46_refactoring.TestRouteModularity" name="test_chats_routes_connected" time="0.206" /><testcase classname="backend.tests.test_iteration46_refactoring.TestRouteModularity" name="test_tasks_routes_connected" time="0.173" /><testcase classname="backend.tests.test_iteration46_refactoring.TestRouteModularity" name="test_teams_routes_connected" time="0.109" /><testcase classname="backend.tests.test_iteration46_refactoring.TestRouteModularity" name="test_notifications_routes_connected" time="0.100" /><testcase classname="backend.tests.test_iteration46_refactoring.TestRouteModularity" name="test_products_routes_connected" time="0.111" /></testsuite></testsuites>