<?xml version="1.0" encoding="utf-8"?><testsuites name="pytest tests"><testsuite name="pytest" errors="0" failures="0" skipped="0" tests="18" time="5.237" timestamp="2026-03-04T20:09:08.208409+00:00" hostname="agent-env-a7a90cbc-4b68-4b99-b8ea-82b47bcbd512"><testcase classname="backend.tests.test_iteration59_memory_code_export_websocket.TestCodeExport" name="test_code_export_requires_auth" time="0.240" /><testcase classname="backend.tests.test_iteration59_memory_code_export_websocket.TestCodeExport" name="test_code_export_returns_zip" time="0.679" /><testcase classname="backend.tests.test_iteration59_memory_code_export_websocket.TestCodeExport" name="test_code_export_zip_size" time="0.291" /><testcase classname="backend.tests.test_iteration59_memory_code_export_websocket.TestMemoryGovernance" name="test_create_memory_entry_requires_auth" time="0.111" /><testcase classname="backend.tests.test_iteration59_memory_code_export_websocket.TestMemoryGovernance" name="test_create_memory_entry" time="0.444" /><testcase classname="backend.tests.test_iteration59_memory_code_export_websocket.TestMemoryGovernance" name="test_list_memory_entries_requires_auth" time="0.151" /><testcase classname="backend.tests.test_iteration59_memory_code_export_websocket.TestMemoryGovernance" name="test_list_memory_entries" time="0.131" /><testcase classname="backend.tests.test_iteration59_memory_code_export_websocket.TestMemoryGovernance" name="test_update_memory_entry" time="0.128" /><testcase classname="backend.tests.test_iteration59_memory_code_export_websocket.TestMemoryGovernance" name="test_get_memory_versions" time="0.121" /><testcase classname="backend.tests.test_iteration59_memory_code_export_websocket.TestMemoryGovernance" name="test_get_memory_stats" time="0.125" /><testcase classname="backend.tests.test_iteration59_memory_code_export_websocket.TestMemoryGovernance" name="test_prune_memory_dry_run" time="0.114" /><testcase classname="backend.tests.test_iteration59_memory_code_export_websocket.TestMemoryGovernance" name="test_delete_memory_entry" time="0.246" /><testcase classname="backend.tests.test_iteration59_memory_code_export_websocket.TestMemoryGovernance" name="test_delete_nonexistent_memory" time="0.110" /><testcase classname="backend.tests.test_iteration59_memory_code_export_websocket.TestActivityMonitor" name="test_activity_live_endpoint" time="0.544" /><testcase classname="backend.tests.test_iteration59_memory_code_export_websocket.TestActivityMonitor" name="test_websocket_endpoint_exists" time="0.116" /><testcase classname="backend.tests.test_iteration59_memory_code_export_websocket.TestIntegration" name="test_memory_nav_route_exists" time="0.462" /><testcase classname="backend.tests.test_iteration59_memory_code_export_websocket.TestIntegration" name="test_code_export_after_auth" time="0.287" /><testcase classname="backend.tests.test_iteration59_memory_code_export_websocket.TestIntegration" name="test_memory_full_crud_flow" time="0.842" /></testsuite></testsuites>