<?xml version="1.0" encoding="utf-8"?><testsuites name="pytest tests"><testsuite name="pytest" errors="0" failures="0" skipped="0" tests="16" time="46.637" timestamp="2026-03-11T04:14:25.583610+00:00" hostname="agent-env-cb7837dc-e276-4c4c-88b1-b9920857bfdf"><testcase classname="backend.tests.test_iteration90_new_features.TestMetricsAlerts" name="test_live_metrics" time="0.268" /><testcase classname="backend.tests.test_iteration90_new_features.TestMetricsAlerts" name="test_metrics_history" time="0.061" /><testcase classname="backend.tests.test_iteration90_new_features.TestMetricsAlerts" name="test_alert_rules" time="0.055" /><testcase classname="backend.tests.test_iteration90_new_features.TestMetricsAlerts" name="test_active_alerts" time="0.054" /><testcase classname="backend.tests.test_iteration90_new_features.TestMetricsAlerts" name="test_acknowledge_alert" time="0.164" /><testcase classname="backend.tests.test_iteration90_new_features.TestKnowledgeGraphAdvanced" name="test_kg_traverse" time="0.385" /><testcase classname="backend.tests.test_iteration90_new_features.TestKnowledgeGraphAdvanced" name="test_kg_traverse_with_filter" time="0.380" /><testcase classname="backend.tests.test_iteration90_new_features.TestKnowledgeGraphAdvanced" name="test_kg_search" time="0.387" /><testcase classname="backend.tests.test_iteration90_new_features.TestKnowledgeGraphAdvanced" name="test_kg_search_by_type" time="0.377" /><testcase classname="backend.tests.test_iteration90_new_features.TestKnowledgeGraphAdvanced" name="test_kg_find_paths" time="0.391" /><testcase classname="backend.tests.test_iteration90_new_features.TestExecutionRuns" name="test_get_execution_runs" time="0.059" /><testcase classname="backend.tests.test_iteration90_new_features.TestRouterExecute" name="test_router_execute" time="6.749" /><testcase classname="backend.tests.test_iteration90_new_features.TestRateLimiting" name="test_no_rate_limit_under_normal_use" time="0.582" /><testcase classname="backend.tests.test_iteration90_new_features.TestFullExecutionLoop" name="test_full_execute_short_goal" time="36.440" /><testcase classname="backend.tests.test_iteration90_new_features.TestFullExecutionLoop" name="test_execute_existing_graph" time="0.118" /><testcase classname="backend.tests.test_iteration90_new_features.TestCommanderLog" name="test_commander_log_ai_badges" time="0.058" /></testsuite></testsuites>