<?xml version="1.0" encoding="utf-8"?><testsuites name="pytest tests"><testsuite name="pytest" errors="0" failures="0" skipped="0" tests="18" time="8.377" timestamp="2026-03-02T15:42:53.889958+00:00" hostname="agent-env-98d78bce-570a-44e4-a3fc-5363f4d25a55"><testcase classname="tests.test_product_scanner.TestProductScannerBackend" name="test_product_scan_tool_in_agent_tools" time="0.001" /><testcase classname="tests.test_product_scanner.TestProductScannerBackend" name="test_product_scan_in_all_agent_tool_maps" time="0.000" /><testcase classname="tests.test_product_scanner.TestProductScannerBackend" name="test_product_scanner_service_exists" time="0.105" /><testcase classname="tests.test_product_scanner.TestProductScannerBackend" name="test_search_product_details_works" time="3.714" /><testcase classname="tests.test_product_scanner.TestProductScannerBackend" name="test_search_product_images" time="0.201" /><testcase classname="tests.test_product_scanner.TestProductScannerBackend" name="test_scan_product_function" time="2.142" /><testcase classname="tests.test_product_scanner.TestProductScannerBackend" name="test_build_product_context" time="0.000" /><testcase classname="tests.test_product_scanner.TestProductScanExecuteTool" name="test_execute_tool_has_product_scan_handler" time="0.001" /><testcase classname="tests.test_product_scanner.TestEnhancedVisionInstruction" name="test_vision_instruction_includes_product_scan" time="0.001" /><testcase classname="tests.test_product_scanner.TestVideoGenProductScan" name="test_video_gen_checks_product_scan" time="0.001" /><testcase classname="tests.test_product_scanner.TestAPIEndpoints" name="test_health_check" time="0.244" /><testcase classname="tests.test_product_scanner.TestAPIEndpoints" name="test_agents_list_includes_tools" time="0.505" /><testcase classname="tests.test_product_scanner.TestAPIEndpoints" name="test_tools_endpoint" time="0.116" /><testcase classname="tests.test_product_scanner.TestAPIEndpoints" name="test_public_agents_includes_product_scan_tools" time="0.114" /><testcase classname="tests.test_product_scanner.TestExistingFeatures" name="test_auth_login" time="0.336" /><testcase classname="tests.test_product_scanner.TestExistingFeatures" name="test_auth_me" time="0.520" /><testcase classname="tests.test_product_scanner.TestExistingFeatures" name="test_create_chat" time="0.134" /><testcase classname="tests.test_product_scanner.TestExistingFeatures" name="test_admin_stats" time="0.118" /></testsuite></testsuites>