<?xml version="1.0" encoding="utf-8"?><testsuites name="pytest tests"><testsuite name="pytest" errors="0" failures="0" skipped="0" tests="26" time="40.220" timestamp="2026-03-25T13:35:11.973577+00:00" hostname="agent-env-49631cc9-22c1-43f8-be9b-8ab0f90ed5d3"><testcase classname="backend.tests.test_iteration92_semantic_workers_env_alerts.TestSemanticMemory" name="test_store_semantic_concept" time="0.491" /><testcase classname="backend.tests.test_iteration92_semantic_workers_env_alerts.TestSemanticMemory" name="test_query_semantic_memory" time="0.109" /><testcase classname="backend.tests.test_iteration92_semantic_workers_env_alerts.TestSemanticMemory" name="test_build_agent_context" time="0.115" /><testcase classname="backend.tests.test_iteration92_semantic_workers_env_alerts.TestSemanticMemory" name="test_get_semantic_stats" time="0.105" /><testcase classname="backend.tests.test_iteration92_semantic_workers_env_alerts.TestSemanticMemory" name="test_get_single_concept" time="0.238" /><testcase classname="backend.tests.test_iteration92_semantic_workers_env_alerts.TestWorkerQueues" name="test_enqueue_job" time="0.109" /><testcase classname="backend.tests.test_iteration92_semantic_workers_env_alerts.TestWorkerQueues" name="test_list_jobs" time="11.235" /><testcase classname="backend.tests.test_iteration92_semantic_workers_env_alerts.TestWorkerQueues" name="test_list_jobs_with_status_filter" time="0.167" /><testcase classname="backend.tests.test_iteration92_semantic_workers_env_alerts.TestWorkerQueues" name="test_get_single_job" time="2.265" /><testcase classname="backend.tests.test_iteration92_semantic_workers_env_alerts.TestWorkerQueues" name="test_cancel_job" time="7.466" /><testcase classname="backend.tests.test_iteration92_semantic_workers_env_alerts.TestWorkerQueues" name="test_get_queue_stats" time="0.139" /><testcase classname="backend.tests.test_iteration92_semantic_workers_env_alerts.TestMultiEnvironment" name="test_list_all_environments" time="0.101" /><testcase classname="backend.tests.test_iteration92_semantic_workers_env_alerts.TestMultiEnvironment" name="test_get_active_environment" time="0.111" /><testcase classname="backend.tests.test_iteration92_semantic_workers_env_alerts.TestMultiEnvironment" name="test_set_active_environment" time="0.384" /><testcase classname="backend.tests.test_iteration92_semantic_workers_env_alerts.TestMultiEnvironment" name="test_get_environment_stats" time="0.125" /><testcase classname="backend.tests.test_iteration92_semantic_workers_env_alerts.TestMultiEnvironment" name="test_validate_execution_environment" time="0.114" /><testcase classname="backend.tests.test_iteration92_semantic_workers_env_alerts.TestMultiEnvironment" name="test_validate_environment_with_model" time="0.135" /><testcase classname="backend.tests.test_iteration92_semantic_workers_env_alerts.TestMultiEnvironment" name="test_configure_environment_overrides" time="0.127" /><testcase classname="backend.tests.test_iteration92_semantic_workers_env_alerts.TestCustomAlertRules" name="test_list_alert_rules" time="0.110" /><testcase classname="backend.tests.test_iteration92_semantic_workers_env_alerts.TestCustomAlertRules" name="test_create_alert_rule" time="0.109" /><testcase classname="backend.tests.test_iteration92_semantic_workers_env_alerts.TestCustomAlertRules" name="test_update_alert_rule" time="0.398" /><testcase classname="backend.tests.test_iteration92_semantic_workers_env_alerts.TestCustomAlertRules" name="test_delete_alert_rule" time="0.239" /><testcase classname="backend.tests.test_iteration92_semantic_workers_env_alerts.TestCustomAlertRules" name="test_create_duplicate_rule_fails" time="0.357" /><testcase classname="backend.tests.test_iteration92_semantic_workers_env_alerts.TestWebSocketStats" name="test_get_ws_stats" time="0.111" /><testcase classname="backend.tests.test_iteration92_semantic_workers_env_alerts.TestSemanticMemoryIntegration" name="test_runtime_uses_semantic_memory" time="14.241" /><testcase classname="backend.tests.test_iteration92_semantic_workers_env_alerts.TestSemanticMemoryIntegration" name="test_runtime_validates_environment" time="1.048" /></testsuite></testsuites>