<?xml version="1.0" encoding="utf-8"?><testsuites name="pytest tests"><testsuite name="pytest" errors="0" failures="0" skipped="0" tests="27" time="2.667" timestamp="2026-03-08T23:09:11.074066+00:00" hostname="agent-env-2ff9e9c7-acdd-4612-bad2-bc370df0c2af"><testcase classname="backend.tests.test_iteration64_premium_pdf.TestPDFEndpoint" name="test_pdf_returns_200" time="0.729" /><testcase classname="backend.tests.test_iteration64_premium_pdf.TestPDFEndpoint" name="test_pdf_content_type" time="0.000" /><testcase classname="backend.tests.test_iteration64_premium_pdf.TestPDFEndpoint" name="test_pdf_filename" time="0.000" /><testcase classname="backend.tests.test_iteration64_premium_pdf.TestPDFEndpoint" name="test_pdf_valid_magic_bytes" time="0.000" /><testcase classname="backend.tests.test_iteration64_premium_pdf.TestPDFEndpoint" name="test_pdf_size" time="0.000" /><testcase classname="backend.tests.test_iteration64_premium_pdf.TestPDFEndpoint" name="test_pdf_requires_auth" time="0.114" /><testcase classname="backend.tests.test_iteration64_premium_pdf.TestPDFEndpoint" name="test_pdf_rejects_invalid_token" time="0.115" /><testcase classname="backend.tests.test_iteration64_premium_pdf.TestPDFContent" name="test_pdf_page_count" time="0.674" /><testcase classname="backend.tests.test_iteration64_premium_pdf.TestPDFContent" name="test_cover_page_title" time="0.000" /><testcase classname="backend.tests.test_iteration64_premium_pdf.TestPDFContent" name="test_cover_page_subtitle" time="0.000" /><testcase classname="backend.tests.test_iteration64_premium_pdf.TestPDFContent" name="test_table_of_contents" time="0.000" /><testcase classname="backend.tests.test_iteration64_premium_pdf.TestPDFContent" name="test_section1_platform_statistics" time="0.000" /><testcase classname="backend.tests.test_iteration64_premium_pdf.TestPDFContent" name="test_section2_agent_workforce" time="0.000" /><testcase classname="backend.tests.test_iteration64_premium_pdf.TestPDFContent" name="test_section3_core_systems" time="0.000" /><testcase classname="backend.tests.test_iteration64_premium_pdf.TestPDFContent" name="test_section4_ai_providers" time="0.000" /><testcase classname="backend.tests.test_iteration64_premium_pdf.TestPDFContent" name="test_section5_technical_architecture" time="0.000" /><testcase classname="backend.tests.test_iteration64_premium_pdf.TestPDFContent" name="test_section6_api_reference" time="0.000" /><testcase classname="backend.tests.test_iteration64_premium_pdf.TestPDFContent" name="test_stat_cards_content" time="0.000" /><testcase classname="backend.tests.test_iteration64_premium_pdf.TestPDFContent" name="test_all_8_layers_present" time="0.000" /><testcase classname="backend.tests.test_iteration64_premium_pdf.TestPDFContent" name="test_key_agents_present" time="0.000" /><testcase classname="backend.tests.test_iteration64_premium_pdf.TestPDFContent" name="test_all_17_systems_documented" time="0.000" /><testcase classname="backend.tests.test_iteration64_premium_pdf.TestPDFContent" name="test_all_9_ai_providers_present" time="0.000" /><testcase classname="backend.tests.test_iteration64_premium_pdf.TestPDFContent" name="test_model_details_present" time="0.000" /><testcase classname="backend.tests.test_iteration64_premium_pdf.TestPDFContent" name="test_212_endpoints_mentioned" time="0.000" /><testcase classname="backend.tests.test_iteration64_premium_pdf.TestHealthAndAuth" name="test_backend_health" time="0.119" /><testcase classname="backend.tests.test_iteration64_premium_pdf.TestHealthAndAuth" name="test_admin_login" time="0.332" /><testcase classname="backend.tests.test_iteration64_premium_pdf.TestHealthAndAuth" name="test_agents_endpoint" time="0.454" /></testsuite></testsuites>