<?xml version="1.0" encoding="utf-8"?><testsuites name="pytest tests"><testsuite name="pytest" errors="0" failures="1" skipped="0" tests="11" time="9.433" timestamp="2026-02-26T03:52:57.130010+00:00" hostname="agent-env-f48d8aa8-6c1e-47c1-ad72-4f3a6b0e95cf"><testcase classname="backend.tests.test_rebranding_pricing_models.TestHealthAndPlans" name="test_health_endpoint" time="0.210"><failure message="assert 404 == 200&#10; +  where 404 = &lt;Response [404]&gt;.status_code">backend/tests/test_rebranding_pricing_models.py:32: in test_health_endpoint
    assert response.status_code == 200
E   assert 404 == 200
E    +  where 404 = &lt;Response [404]&gt;.status_code</failure></testcase><testcase classname="backend.tests.test_rebranding_pricing_models.TestHealthAndPlans" name="test_public_plans_endpoint" time="0.139" /><testcase classname="backend.tests.test_rebranding_pricing_models.TestAdminLogin" name="test_admin_login" time="0.377" /><testcase classname="backend.tests.test_rebranding_pricing_models.TestAdminPricingManager" name="test_get_admin_pricing_requires_admin" time="0.105" /><testcase classname="backend.tests.test_rebranding_pricing_models.TestAdminPricingManager" name="test_get_admin_pricing" time="0.541" /><testcase classname="backend.tests.test_rebranding_pricing_models.TestAdminPricingManager" name="test_calculate_pricing" time="0.489" /><testcase classname="backend.tests.test_rebranding_pricing_models.TestAdminPricingManager" name="test_update_pricing" time="0.597" /><testcase classname="backend.tests.test_rebranding_pricing_models.TestExpandedModels" name="test_get_models_requires_auth" time="0.159" /><testcase classname="backend.tests.test_rebranding_pricing_models.TestExpandedModels" name="test_get_all_models" time="0.452" /><testcase classname="backend.tests.test_rebranding_pricing_models.TestAutoModelSelection" name="test_coding_task_auto_selection" time="5.732" /><testcase classname="backend.tests.test_rebranding_pricing_models.TestDefaultAgentPrompts" name="test_agents_have_martian_ai_branding" time="0.481" /></testsuite></testsuites>