<?xml version="1.0" encoding="utf-8"?><testsuites name="pytest tests"><testsuite name="pytest" errors="0" failures="0" skipped="0" tests="8" time="22.748" timestamp="2026-03-01T14:39:25.118283+00:00" hostname="agent-env-655ae9aa-7a7e-40f6-86a9-65a7c0792273"><testcase classname="tests.test_web_browsing.TestAdminLogin" name="test_admin_login_success" time="0.493" /><testcase classname="tests.test_web_browsing.TestWebSearchDetection" name="test_factual_question_triggers_web_search" time="0.107" /><testcase classname="tests.test_web_browsing.TestWebSearchDetection" name="test_greetings_dont_trigger_web_search" time="0.000" /><testcase classname="tests.test_web_browsing.TestWebSearchAPI" name="test_factual_question_returns_web_searched_true" time="6.767" /><testcase classname="tests.test_web_browsing.TestWebSearchAPI" name="test_greeting_returns_web_searched_false" time="1.394" /><testcase classname="tests.test_web_browsing.TestAgentDoesNotDenyInternet" name="test_agent_uses_web_data_not_denies_internet" time="12.315" /><testcase classname="tests.test_web_browsing.TestCreditsStillWork" name="test_credits_deducted_in_response" time="1.611" /><testcase classname="tests.test_web_browsing.TestClarificationInstructionUpdate" name="test_clarification_instruction_has_web_rule" time="0.001" /></testsuite></testsuites>