<?xml version="1.0" encoding="utf-8"?><testsuites name="pytest tests"><testsuite name="pytest" errors="0" failures="0" skipped="0" tests="16" time="7.352" timestamp="2026-03-02T21:18:31.190904+00:00" hostname="agent-env-638d0cb2-7c90-4643-a6e3-bddb0906af31"><testcase classname="backend.tests.test_iteration47_enhancements.TestHealthAndBasicEndpoints" name="test_health_check" time="0.184" /><testcase classname="backend.tests.test_iteration47_enhancements.TestHealthAndBasicEndpoints" name="test_public_agents" time="0.111" /><testcase classname="backend.tests.test_iteration47_enhancements.TestAuthentication" name="test_admin_login" time="0.325" /><testcase classname="backend.tests.test_iteration47_enhancements.TestAuthentication" name="test_user_login" time="0.334" /><testcase classname="backend.tests.test_iteration47_enhancements.TestChatSearchEndpoint" name="test_chat_search_endpoint_exists" time="0.458" /><testcase classname="backend.tests.test_iteration47_enhancements.TestChatSearchEndpoint" name="test_chat_search_requires_min_query" time="0.470" /><testcase classname="backend.tests.test_iteration47_enhancements.TestChatExportEndpoint" name="test_get_chats_and_export" time="0.686" /><testcase classname="backend.tests.test_iteration47_enhancements.TestMessagePinEndpoint" name="test_pin_message_toggle" time="0.712" /><testcase classname="backend.tests.test_iteration47_enhancements.TestMessagePinEndpoint" name="test_get_pinned_messages" time="0.662" /><testcase classname="backend.tests.test_iteration47_enhancements.TestAdminAuditLogEndpoint" name="test_audit_log_endpoint" time="0.479" /><testcase classname="backend.tests.test_iteration47_enhancements.TestEnhancedAnalyticsEndpoints" name="test_retention_analytics" time="0.461" /><testcase classname="backend.tests.test_iteration47_enhancements.TestEnhancedAnalyticsEndpoints" name="test_projections_analytics" time="0.492" /><testcase classname="backend.tests.test_iteration47_enhancements.TestEnhancedAnalyticsEndpoints" name="test_credit_burn_analytics" time="0.475" /><testcase classname="backend.tests.test_iteration47_enhancements.TestMainAnalyticsEndpoint" name="test_analytics_dashboard" time="0.475" /><testcase classname="backend.tests.test_iteration47_enhancements.TestActivityFeedEndpoint" name="test_activity_feed" time="0.475" /><testcase classname="backend.tests.test_iteration47_enhancements.TestAgentPerformanceEndpoint" name="test_agent_performance" time="0.492" /></testsuite></testsuites>