<?xml version="1.0" encoding="utf-8"?><testsuites name="pytest tests"><testsuite name="pytest" errors="0" failures="0" skipped="0" tests="9" time="25.332" timestamp="2026-03-01T07:08:41.818932+00:00" hostname="agent-env-655ae9aa-7a7e-40f6-86a9-65a7c0792273"><testcase classname="backend.tests.test_rag_knowledge_base.TestAdminLogin" name="test_admin_login_success" time="0.486" /><testcase classname="backend.tests.test_rag_knowledge_base.TestKnowledgeBaseFeatures" name="test_list_knowledge_docs" time="0.468" /><testcase classname="backend.tests.test_rag_knowledge_base.TestKnowledgeBaseFeatures" name="test_knowledge_search" time="2.530" /><testcase classname="backend.tests.test_rag_knowledge_base.TestKnowledgeBaseFeatures" name="test_knowledge_search_threshold" time="0.442" /><testcase classname="backend.tests.test_rag_knowledge_base.TestUploadAndDeleteKnowledge" name="test_upload_text_document" time="3.579" /><testcase classname="backend.tests.test_rag_knowledge_base.TestUploadAndDeleteKnowledge" name="test_delete_knowledge_document" time="0.565" /><testcase classname="backend.tests.test_rag_knowledge_base.TestRAGChatIntegration" name="test_rag_context_in_chat" time="11.500" /><testcase classname="backend.tests.test_rag_knowledge_base.TestAvatarPersistence" name="test_assistant_message_has_avatar" time="5.195" /><testcase classname="backend.tests.test_rag_knowledge_base.TestAgentsList" name="test_agents_list_for_kb_tab" time="0.438" /></testsuite></testsuites>