<?xml version="1.0" encoding="utf-8"?><testsuites name="pytest tests"><testsuite name="pytest" errors="0" failures="0" skipped="0" tests="27" time="23.351" timestamp="2026-03-04T18:07:15.702357+00:00" hostname="agent-env-6c1f1348-bd99-4316-ae26-f9a07b923eed"><testcase classname="backend.tests.test_iteration55_qc_router_content.TestAuth" name="test_login_success" time="0.464" /><testcase classname="backend.tests.test_iteration55_qc_router_content.TestQualityDashboard" name="test_quality_dashboard_returns_metrics" time="0.508" /><testcase classname="backend.tests.test_iteration55_qc_router_content.TestQualityDashboard" name="test_quality_dashboard_recent_reviews_structure" time="0.167" /><testcase classname="backend.tests.test_iteration55_qc_router_content.TestQualityReview" name="test_quality_review_requires_task_id" time="0.107" /><testcase classname="backend.tests.test_iteration55_qc_router_content.TestQualityReview" name="test_quality_review_task_not_found" time="0.129" /><testcase classname="backend.tests.test_iteration55_qc_router_content.TestQualityReview" name="test_quality_review_task_needs_result" time="0.238" /><testcase classname="backend.tests.test_iteration55_qc_router_content.TestQualityRetry" name="test_quality_retry_requires_task_id" time="0.159" /><testcase classname="backend.tests.test_iteration55_qc_router_content.TestQualityRetry" name="test_quality_retry_task_not_found" time="0.120" /><testcase classname="backend.tests.test_iteration55_qc_router_content.TestRouterStats" name="test_router_stats_returns_metrics" time="0.119" /><testcase classname="backend.tests.test_iteration55_qc_router_content.TestRouterStats" name="test_router_stats_model_usage_structure" time="0.123" /><testcase classname="backend.tests.test_iteration55_qc_router_content.TestRouterAnalyze" name="test_router_analyze_requires_content" time="0.116" /><testcase classname="backend.tests.test_iteration55_qc_router_content.TestRouterAnalyze" name="test_router_analyze_simple_task_economy_tier" time="0.127" /><testcase classname="backend.tests.test_iteration55_qc_router_content.TestRouterAnalyze" name="test_router_analyze_complex_coding_premium_tier" time="0.148" /><testcase classname="backend.tests.test_iteration55_qc_router_content.TestRouterAnalyze" name="test_router_analyze_returns_complexity_signals" time="0.119" /><testcase classname="backend.tests.test_iteration55_qc_router_content.TestContentTypes" name="test_content_types_returns_8_types" time="0.122" /><testcase classname="backend.tests.test_iteration55_qc_router_content.TestContentGenerate" name="test_content_generate_requires_prompt" time="0.112" /><testcase classname="backend.tests.test_iteration55_qc_router_content.TestContentGenerate" name="test_content_generate_social_post" time="7.651" /><testcase classname="backend.tests.test_iteration55_qc_router_content.TestContentGenerate" name="test_content_generate_with_blueprint" time="8.351" /><testcase classname="backend.tests.test_iteration55_qc_router_content.TestContentHistory" name="test_content_history_returns_items" time="0.178" /><testcase classname="backend.tests.test_iteration55_qc_router_content.TestContentHistory" name="test_content_history_item_structure" time="0.139" /><testcase classname="backend.tests.test_iteration55_qc_router_content.TestContentDelete" name="test_content_delete_not_found" time="0.133" /><testcase classname="backend.tests.test_iteration55_qc_router_content.TestContentDelete" name="test_content_delete_success" time="3.123" /><testcase classname="backend.tests.test_iteration55_qc_router_content.TestSidebarNavigation" name="test_dashboard_layout_includes_content_generator" time="0.251" /><testcase classname="backend.tests.test_iteration55_qc_router_content.TestExistingFeatures" name="test_activity_monitor_still_works" time="0.144" /><testcase classname="backend.tests.test_iteration55_qc_router_content.TestExistingFeatures" name="test_vibe_coding_still_works" time="0.130" /><testcase classname="backend.tests.test_iteration55_qc_router_content.TestExistingFeatures" name="test_reference_intelligence_still_works" time="0.115" /><testcase classname="backend.tests.test_iteration55_qc_router_content.TestExistingFeatures" name="test_llm_config_still_works" time="0.111" /></testsuite></testsuites>