<?xml version="1.0" encoding="utf-8"?><testsuites name="pytest tests"><testsuite name="pytest" errors="0" failures="0" skipped="0" tests="21" time="3.049" timestamp="2026-03-01T04:13:59.520558+00:00" hostname="agent-env-bde94b51-672c-4b6d-8f3a-4a38934b2bc5"><testcase classname="backend.tests.test_user_agent_customization.TestAuthSetup" name="test_admin_login" time="0.481" /><testcase classname="backend.tests.test_user_agent_customization.TestUserAgentCustomization" name="test_get_my_settings_no_override" time="0.550" /><testcase classname="backend.tests.test_user_agent_customization.TestUserAgentCustomization" name="test_put_my_settings_temperature_and_max_tokens" time="0.062" /><testcase classname="backend.tests.test_user_agent_customization.TestUserAgentCustomization" name="test_put_my_settings_personality_and_instructions" time="0.060" /><testcase classname="backend.tests.test_user_agent_customization.TestUserAgentCustomization" name="test_put_my_settings_temperature_validation_min" time="0.066" /><testcase classname="backend.tests.test_user_agent_customization.TestUserAgentCustomization" name="test_put_my_settings_temperature_validation_max" time="0.058" /><testcase classname="backend.tests.test_user_agent_customization.TestUserAgentCustomization" name="test_put_my_settings_max_tokens_validation" time="0.129" /><testcase classname="backend.tests.test_user_agent_customization.TestUserAgentCustomization" name="test_get_my_settings_with_override" time="0.126" /><testcase classname="backend.tests.test_user_agent_customization.TestUserAgentCustomization" name="test_delete_my_settings" time="0.119" /><testcase classname="backend.tests.test_user_agent_customization.TestUserAgentCustomization" name="test_put_my_settings_empty_payload_error" time="0.057" /><testcase classname="backend.tests.test_user_agent_customization.TestAdminBrainEditor" name="test_admin_get_agent_detail" time="0.062" /><testcase classname="backend.tests.test_user_agent_customization.TestAdminBrainEditor" name="test_admin_update_brain_name_and_role" time="0.185" /><testcase classname="backend.tests.test_user_agent_customization.TestAdminBrainEditor" name="test_admin_update_brain_personality_tone" time="0.058" /><testcase classname="backend.tests.test_user_agent_customization.TestAdminBrainEditor" name="test_admin_update_brain_model_settings" time="0.179" /><testcase classname="backend.tests.test_user_agent_customization.TestAdminAgentToggle" name="test_admin_update_agent_settings_toggle" time="0.201" /><testcase classname="backend.tests.test_user_agent_customization.TestAdminAgentToggle" name="test_admin_update_agent_is_active" time="0.061" /><testcase classname="backend.tests.test_user_agent_customization.TestPublicBranding" name="test_public_branding_no_auth_required" time="0.110" /><testcase classname="backend.tests.test_user_agent_customization.TestPublicBranding" name="test_public_branding_has_required_fields" time="0.112" /><testcase classname="backend.tests.test_user_agent_customization.TestRegressionBasic" name="test_health_endpoint" time="0.118" /><testcase classname="backend.tests.test_user_agent_customization.TestRegressionBasic" name="test_agents_list" time="0.058" /><testcase classname="backend.tests.test_user_agent_customization.TestRegressionBasic" name="test_auth_me" time="0.057" /></testsuite></testsuites>