<?xml version="1.0" encoding="utf-8"?><testsuites name="pytest tests"><testsuite name="pytest" errors="0" failures="0" skipped="0" tests="17" time="3.769" timestamp="2026-03-01T04:53:57.039580+00:00" hostname="agent-env-bde94b51-672c-4b6d-8f3a-4a38934b2bc5"><testcase classname="backend.tests.test_credentials_fix.TestAdminLogin" name="test_admin_login_success" time="0.350" /><testcase classname="backend.tests.test_credentials_fix.TestAgentsTab" name="test_fetch_agents_list" time="0.442" /><testcase classname="backend.tests.test_credentials_fix.TestAgentsTab" name="test_toggle_image_generation" time="0.346" /><testcase classname="backend.tests.test_credentials_fix.TestAgentsTab" name="test_toggle_pdf_generation" time="0.326" /><testcase classname="backend.tests.test_credentials_fix.TestAgentsTab" name="test_toggle_files_generation" time="0.310" /><testcase classname="backend.tests.test_credentials_fix.TestAgentsTab" name="test_toggle_active_status" time="0.339" /><testcase classname="backend.tests.test_credentials_fix.TestBrainEditor" name="test_brain_editor_save" time="0.229" /><testcase classname="backend.tests.test_credentials_fix.TestAdminTabs" name="test_overview_stats" time="0.117" /><testcase classname="backend.tests.test_credentials_fix.TestAdminTabs" name="test_analytics_data" time="0.130" /><testcase classname="backend.tests.test_credentials_fix.TestAdminTabs" name="test_api_keys_config" time="0.101" /><testcase classname="backend.tests.test_credentials_fix.TestAdminTabs" name="test_save_api_keys" time="0.108" /><testcase classname="backend.tests.test_credentials_fix.TestAdminTabs" name="test_pricing_config" time="0.129" /><testcase classname="backend.tests.test_credentials_fix.TestAdminTabs" name="test_pricing_save" time="0.208" /><testcase classname="backend.tests.test_credentials_fix.TestAdminTabs" name="test_branding_config" time="0.121" /><testcase classname="backend.tests.test_credentials_fix.TestAdminTabs" name="test_branding_save" time="0.214" /><testcase classname="backend.tests.test_credentials_fix.TestAdminTabs" name="test_smtp_config" time="0.119" /><testcase classname="backend.tests.test_credentials_fix.TestUsersList" name="test_fetch_users" time="0.120" /></testsuite></testsuites>