<?xml version="1.0" encoding="utf-8"?><testsuites name="pytest tests"><testsuite name="pytest" errors="0" failures="0" skipped="0" tests="17" time="1.799" timestamp="2026-02-27T22:24:20.794966+00:00" hostname="agent-env-782c44ac-dcc1-480e-b458-d6b33905199e"><testcase classname="backend.tests.test_new_providers.TestModelsEndpoint" name="test_models_endpoint_returns_200" time="0.611" /><testcase classname="backend.tests.test_new_providers.TestModelsEndpoint" name="test_models_contains_xai_grok_3" time="0.071" /><testcase classname="backend.tests.test_new_providers.TestModelsEndpoint" name="test_models_contains_deepseek_chat" time="0.086" /><testcase classname="backend.tests.test_new_providers.TestModelsEndpoint" name="test_models_contains_mistral_large" time="0.074" /><testcase classname="backend.tests.test_new_providers.TestModelsEndpoint" name="test_models_contains_perplexity_sonar" time="0.062" /><testcase classname="backend.tests.test_new_providers.TestModelsEndpoint" name="test_models_contains_cohere_command_r_plus" time="0.056" /><testcase classname="backend.tests.test_new_providers.TestModelsEndpoint" name="test_models_total_count" time="0.062" /><testcase classname="backend.tests.test_new_providers.TestAdminApiKeys" name="test_admin_api_keys_returns_200" time="0.060" /><testcase classname="backend.tests.test_new_providers.TestAdminApiKeys" name="test_admin_api_keys_has_all_9_providers" time="0.056" /><testcase classname="backend.tests.test_new_providers.TestAdminApiKeys" name="test_admin_api_keys_has_cost_reference" time="0.078" /><testcase classname="backend.tests.test_new_providers.TestAdminApiKeys" name="test_admin_api_keys_xai_cost_reference" time="0.066" /><testcase classname="backend.tests.test_new_providers.TestAdminApiKeys" name="test_admin_api_keys_elevenlabs_cost_reference" time="0.063" /><testcase classname="backend.tests.test_new_providers.TestAdminSaveApiKey" name="test_can_save_xai_key_structure" time="0.107" /><testcase classname="backend.tests.test_new_providers.TestTTSEndpoint" name="test_tts_endpoint_exists" time="0.053" /><testcase classname="backend.tests.test_new_providers.TestTTSEndpoint" name="test_tts_endpoint_requires_auth" time="0.058" /><testcase classname="backend.tests.test_new_providers.TestProviderSummary" name="test_all_new_providers_in_models" time="0.064" /><testcase classname="backend.tests.test_new_providers.TestProviderSummary" name="test_all_new_providers_in_admin_keys" time="0.056" /></testsuite></testsuites>