<?xml version="1.0" encoding="utf-8"?><testsuites name="pytest tests"><testsuite name="pytest" errors="0" failures="0" skipped="0" tests="8" time="3.609" timestamp="2026-02-27T19:01:29.366524+00:00" hostname="agent-env-782c44ac-dcc1-480e-b458-d6b33905199e"><testcase classname="tests.test_pricing_control_center.TestAdminCreditPackages" name="test_get_credit_packages_returns_list" time="0.716" /><testcase classname="tests.test_pricing_control_center.TestAdminCreditPackages" name="test_post_credit_packages_updates_db" time="0.525" /><testcase classname="tests.test_pricing_control_center.TestAdminCreditPackages" name="test_credit_packages_requires_admin" time="0.144" /><testcase classname="tests.test_pricing_control_center.TestPlansEndpointCreditPackages" name="test_plans_returns_credit_packages" time="0.127" /><testcase classname="tests.test_pricing_control_center.TestPlansEndpointCreditPackages" name="test_plans_returns_custom_package_config" time="0.129" /><testcase classname="tests.test_pricing_control_center.TestAdminCustomPackage" name="test_get_custom_package_returns_agent_pricing" time="0.550" /><testcase classname="tests.test_pricing_control_center.TestAvgCostForProfitMargin" name="test_avg_cost_returns_real_data" time="0.513" /><testcase classname="tests.test_pricing_control_center.TestPricingIntegration" name="test_admin_credit_packages_sync_to_plans" time="0.717" /></testsuite></testsuites>