<?xml version="1.0" encoding="utf-8"?><testsuites name="pytest tests"><testsuite name="pytest" errors="0" failures="0" skipped="0" tests="10" time="4.848" timestamp="2026-02-26T02:58:18.504856+00:00" hostname="agent-env-f48d8aa8-6c1e-47c1-ad72-4f3a6b0e95cf"><testcase classname="backend.tests.test_robot_avatars_and_custom_agents.TestRobotAvatars" name="test_all_default_agents_have_robot_avatars" time="0.563" /><testcase classname="backend.tests.test_robot_avatars_and_custom_agents.TestRobotAvatars" name="test_each_agent_has_unique_avatar" time="0.450" /><testcase classname="backend.tests.test_robot_avatars_and_custom_agents.TestCreateAgentInfo" name="test_create_info_returns_correct_cost" time="0.445" /><testcase classname="backend.tests.test_robot_avatars_and_custom_agents.TestCreateAgentInfo" name="test_create_info_returns_plan_limits_for_free_user" time="0.460" /><testcase classname="backend.tests.test_robot_avatars_and_custom_agents.TestCreateAgentInfo" name="test_create_info_returns_all_required_fields" time="0.471" /><testcase classname="backend.tests.test_robot_avatars_and_custom_agents.TestCreateAgentInfo" name="test_admin_bypasses_limits" time="0.459" /><testcase classname="backend.tests.test_robot_avatars_and_custom_agents.TestFreePlanAgentCreation" name="test_free_user_gets_403_on_agent_creation" time="0.525" /><testcase classname="backend.tests.test_robot_avatars_and_custom_agents.TestAdminAgentCreation" name="test_admin_can_create_agent" time="0.837" /><testcase classname="backend.tests.test_robot_avatars_and_custom_agents.TestSubscriptionPlanLimits" name="test_subscription_plans_exist" time="0.433" /><testcase classname="backend.tests.test_robot_avatars_and_custom_agents.TestPricingEndpoint" name="test_unauthenticated_cannot_access_protected_endpoints" time="0.109" /></testsuite></testsuites>