<?xml version="1.0" encoding="utf-8"?><testsuites name="pytest tests"><testsuite name="pytest" errors="0" failures="0" skipped="0" tests="18" time="13.550" timestamp="2026-02-28T01:07:01.456837+00:00" hostname="agent-env-e96d36ae-99eb-445c-bc4f-c0c716d3b35e"><testcase classname="backend.tests.test_subscription_apikey_credits.TestAdminLogin" name="test_admin_login" time="0.643" /><testcase classname="backend.tests.test_subscription_apikey_credits.TestApiKeyProviders" name="test_api_key_provider_returns_descriptive_error[openai]" time="0.315" /><testcase classname="backend.tests.test_subscription_apikey_credits.TestApiKeyProviders" name="test_api_key_provider_returns_descriptive_error[anthropic]" time="0.264" /><testcase classname="backend.tests.test_subscription_apikey_credits.TestApiKeyProviders" name="test_api_key_provider_returns_descriptive_error[gemini]" time="0.254" /><testcase classname="backend.tests.test_subscription_apikey_credits.TestApiKeyProviders" name="test_api_key_provider_returns_descriptive_error[xai]" time="0.311" /><testcase classname="backend.tests.test_subscription_apikey_credits.TestApiKeyProviders" name="test_api_key_provider_returns_descriptive_error[deepseek]" time="0.619" /><testcase classname="backend.tests.test_subscription_apikey_credits.TestApiKeyProviders" name="test_api_key_provider_returns_descriptive_error[mistral]" time="0.364" /><testcase classname="backend.tests.test_subscription_apikey_credits.TestApiKeyProviders" name="test_api_key_provider_returns_descriptive_error[perplexity]" time="0.265" /><testcase classname="backend.tests.test_subscription_apikey_credits.TestApiKeyProviders" name="test_api_key_provider_returns_descriptive_error[cohere]" time="0.199" /><testcase classname="backend.tests.test_subscription_apikey_credits.TestApiKeyProviders" name="test_api_key_provider_returns_descriptive_error[elevenlabs]" time="0.188" /><testcase classname="backend.tests.test_subscription_apikey_credits.TestSubscriptionPlans" name="test_get_plans_returns_all_data" time="0.138" /><testcase classname="backend.tests.test_subscription_apikey_credits.TestUserSubscription" name="test_new_user_gets_free_plan" time="0.460" /><testcase classname="backend.tests.test_subscription_apikey_credits.TestUserSubscription" name="test_get_credits_endpoint" time="0.514" /><testcase classname="backend.tests.test_subscription_apikey_credits.TestCheckoutFlow" name="test_checkout_subscription" time="0.620" /><testcase classname="backend.tests.test_subscription_apikey_credits.TestCheckoutFlow" name="test_checkout_credits" time="0.785" /><testcase classname="backend.tests.test_subscription_apikey_credits.TestCustomPackageCheckout" name="test_custom_package_checkout" time="0.731" /><testcase classname="backend.tests.test_subscription_apikey_credits.TestCreditDeduction" name="test_message_deducts_credits" time="6.663" /><testcase classname="backend.tests.test_subscription_apikey_credits.TestAdminStats" name="test_admin_stats_endpoint" time="0.147" /></testsuite></testsuites>