<?xml version="1.0" encoding="utf-8"?><testsuites name="pytest tests"><testsuite name="pytest" errors="0" failures="0" skipped="1" tests="14" time="7.889" timestamp="2026-02-28T23:35:18.826760+00:00" hostname="agent-env-17db2555-9ffe-42f0-a98d-324105ee3709"><testcase classname="backend.tests.test_team_collaboration.TestTeamEndpoints" name="test_get_teams_returns_teams_list" time="0.604" /><testcase classname="backend.tests.test_team_collaboration.TestTeamEndpoints" name="test_get_single_team" time="0.500" /><testcase classname="backend.tests.test_team_collaboration.TestTeamEndpoints" name="test_create_team_fails_if_already_owns_one" time="0.496" /><testcase classname="backend.tests.test_team_collaboration.TestTeamEndpoints" name="test_invite_member_to_team" time="0.469" /><testcase classname="backend.tests.test_team_collaboration.TestTeamEndpoints" name="test_duplicate_invite_fails" time="0.537" /><testcase classname="backend.tests.test_team_collaboration.TestTeamEndpoints" name="test_get_pending_invites" time="0.434" /><testcase classname="backend.tests.test_team_collaboration.TestTeamEndpoints" name="test_get_shared_chats" time="0.470" /><testcase classname="backend.tests.test_team_collaboration.TestTeamEndpoints" name="test_share_chat_with_team" time="0.606" /><testcase classname="backend.tests.test_team_collaboration.TestTeamEndpoints" name="test_non_member_cannot_access_team" time="0.502" /><testcase classname="backend.tests.test_team_collaboration.TestTeamEndpoints" name="test_owner_cannot_change_own_role" time="0.406"><skipped type="pytest.skip" message="No team or user">/app/backend/tests/test_team_collaboration.py:224: No team or user</skipped></testcase><testcase classname="backend.tests.test_team_collaboration.TestTeamInviteFlow" name="test_full_invite_accept_flow" time="1.274" /><testcase classname="backend.tests.test_team_collaboration.TestTeamRolePermissions" name="test_non_owner_cannot_change_roles" time="0.528" /><testcase classname="backend.tests.test_team_collaboration.TestTeamRolePermissions" name="test_cannot_remove_team_owner" time="0.489" /><testcase classname="backend.tests.test_team_collaboration.TestTeamPlanLimits" name="test_plans_include_team_member_limits" time="0.450" /></testsuite></testsuites>